[    0.000000] Initializing cgroup subsys cpuset
[    0.000000] Initializing cgroup subsys cpu
[    0.000000] Initializing cgroup subsys cpuacct
[    0.000000] Linux version 4.4.0-186-generic (buildd@lcy01-amd64-002) (gcc version 5.4.0 20160609 (Ubuntu 5.4.0-6ubuntu1~16.04.12) ) #216-Ubuntu SMP Wed Jul 1 05:34:05 UTC 2020 (Ubuntu 4.4.0-186.216-generic 4.4.228)
[    0.000000] Command line: BOOT_IMAGE=/boot/vmlinuz-4.4.0-186-generic root=LABEL=cloudimg-rootfs ro console=tty1 console=ttyS0
[    0.000000] KERNEL supported cpus:
[    0.000000]   Intel GenuineIntel
[    0.000000]   AMD AuthenticAMD
[    0.000000]   Centaur CentaurHauls
[    0.000000] ------------[ cut here ]------------
[    0.000000] WARNING: CPU: 0 PID: 0 at /build/linux-OgLptz/linux-4.4.0/arch/x86/kernel/fpu/xstate.c:517 fpu__init_system_xstate+0x37e/0x764()
[    0.000000] XSAVE consistency problem, dumping leaves
[    0.000000] Modules linked in:
[    0.000000] CPU: 0 PID: 0 Comm: swapper Not tainted 4.4.0-186-generic #216-Ubuntu
[    0.000000]  0000000000000086 60783caf717f8b2e ffffffff81e03d80 ffffffff8140ebbb
[    0.000000]  ffffffff81e03dc8 ffffffff81cb4178 ffffffff81e03db8 ffffffff810864b2
[    0.000000]  0000000000000008 0000000000000340 0000000000000100 ffffffff81e03e4c
[    0.000000] Call Trace:
[    0.000000]  [<ffffffff8140ebbb>] dump_stack+0x6d/0x92
[    0.000000]  [<ffffffff810864b2>] warn_slowpath_common+0x82/0xc0
[    0.000000]  [<ffffffff8108654c>] warn_slowpath_fmt+0x5c/0x80
[    0.000000]  [<ffffffff81081fa6>] ? xfeature_size+0x59/0x77
[    0.000000]  [<ffffffff81f78585>] fpu__init_system_xstate+0x37e/0x764
[    0.000000]  [<ffffffff81f68120>] ? early_idt_handler_array+0x120/0x120
[    0.000000]  [<ffffffff81f77f8e>] fpu__init_system+0x1e7/0x28e
[    0.000000]  [<ffffffff81f792ad>] early_cpu_init+0x330/0x335
[    0.000000]  [<ffffffff81f792ad>] ? early_cpu_init+0x330/0x335
[    0.000000]  [<ffffffff81f74535>] setup_arch+0xc0/0xd1f
[    0.000000]  [<ffffffff81f68120>] ? early_idt_handler_array+0x120/0x120
[    0.000000]  [<ffffffff81f68c16>] start_kernel+0xe2/0x4a7
[    0.000000]  [<ffffffff81f68120>] ? early_idt_handler_array+0x120/0x120
[    0.000000]  [<ffffffff81f682da>] x86_64_start_reservations+0x2a/0x2c
[    0.000000]  [<ffffffff81f68426>] x86_64_start_kernel+0x14a/0x16d
[    0.000000] ---[ end trace 4d5ff9f2f68c4233 ]---
[    0.000000] CPUID[0d, 00]: eax=00000007 ebx=00000440 ecx=00000440 edx=00000000
[    0.000000] CPUID[0d, 01]: eax=00000000 ebx=000003c0 ecx=00000000 edx=00000000
[    0.000000] CPUID[0d, 02]: eax=00000100 ebx=00000240 ecx=00000000 edx=00000000
[    0.000000] CPUID[0d, 03]: eax=00000000 ebx=00000000 ecx=00000000 edx=00000000
[    0.000000] CPUID[0d, 04]: eax=00000000 ebx=00000000 ecx=00000000 edx=00000000
[    0.000000] CPUID[0d, 05]: eax=00000000 ebx=00000000 ecx=00000000 edx=00000000
[    0.000000] CPUID[0d, 06]: eax=00000000 ebx=00000000 ecx=00000000 edx=00000000
[    0.000000] CPUID[0d, 07]: eax=00000000 ebx=00000000 ecx=00000000 edx=00000000
[    0.000000] CPUID[0d, 08]: eax=00000000 ebx=00000000 ecx=00000000 edx=00000000
[    0.000000] CPUID[0d, 09]: eax=00000000 ebx=00000000 ecx=00000000 edx=00000000
[    0.000000] CPUID[0d, 0a]: eax=00000000 ebx=00000000 ecx=00000000 edx=00000000
[    0.000000] CPUID[0d, 0b]: eax=00000000 ebx=00000000 ecx=00000000 edx=00000000
[    0.000000] CPUID[0d, 0c]: eax=00000000 ebx=00000000 ecx=00000000 edx=00000000
[    0.000000] CPUID[0d, 0d]: eax=00000000 ebx=00000000 ecx=00000000 edx=00000000
[    0.000000] CPUID[0d, 0e]: eax=00000000 ebx=00000000 ecx=00000000 edx=00000000
[    0.000000] CPUID[0d, 0f]: eax=00000000 ebx=00000000 ecx=00000000 edx=00000000
[    0.000000] CPUID[0d, 10]: eax=00000000 ebx=00000000 ecx=00000000 edx=00000000
[    0.000000] CPUID[0d, 11]: eax=00000000 ebx=00000000 ecx=00000000 edx=00000000
[    0.000000] x86/fpu: xstate_offset[2]:  576, xstate_sizes[2]:  256
[    0.000000] x86/fpu: Supporting XSAVE feature 0x01: 'x87 floating point registers'
[    0.000000] x86/fpu: Supporting XSAVE feature 0x02: 'SSE registers'
[    0.000000] x86/fpu: Supporting XSAVE feature 0x04: 'AVX registers'
[    0.000000] x86/fpu: Enabled xstate features 0x7, context size is 1088 bytes, using 'standard' format.
[    0.000000] e820: BIOS-provided physical RAM map:
[    0.000000] BIOS-e820: [mem 0x0000000000000000-0x000000000009fbff] usable
[    0.000000] BIOS-e820: [mem 0x000000000009fc00-0x000000000009ffff] reserved
[    0.000000] BIOS-e820: [mem 0x00000000000f0000-0x00000000000fffff] reserved
[    0.000000] BIOS-e820: [mem 0x0000000000100000-0x000000003ffeffff] usable
[    0.000000] BIOS-e820: [mem 0x000000003fff0000-0x000000003fffffff] ACPI data
[    0.000000] BIOS-e820: [mem 0x00000000fec00000-0x00000000fec00fff] reserved
[    0.000000] BIOS-e820: [mem 0x00000000fee00000-0x00000000fee00fff] reserved
[    0.000000] BIOS-e820: [mem 0x00000000fffc0000-0x00000000ffffffff] reserved
[    0.000000] NX (Execute Disable) protection: active
[    0.000000] SMBIOS 2.5 present.
[    0.000000] Hypervisor detected: KVM
[    0.000000] e820: last_pfn = 0x3fff0 max_arch_pfn = 0x400000000
[    0.000000] MTRR: Disabled
[    0.000000] x86/PAT: MTRRs disabled, skipping PAT initialization too.
[    0.000000] CPU MTRRs all blank - virtualized system.
[    0.000000] x86/PAT: Configuration [0-7]: WB  WT  UC- UC  WB  WT  UC- UC  
[    0.000000] found SMP MP-table at [mem 0x0009fff0-0x0009ffff] mapped at [ffff88000009fff0]
[    0.000000] Scanning 1 areas for low memory corruption
[    0.000000] RAMDISK: [mem 0x362e2000-0x37168fff]
[    0.000000] ACPI: Early table checksum verification disabled
[    0.000000] ACPI: RSDP 0x00000000000E0000 000024 (v02 VBOX  )
[    0.000000] ACPI: XSDT 0x000000003FFF0030 00003C (v01 VBOX   VBOXXSDT 00000001 ASL  00000061)
[    0.000000] ACPI: FACP 0x000000003FFF00F0 0000F4 (v04 VBOX   VBOXFACP 00000001 ASL  00000061)
[    0.000000] ACPI: DSDT 0x000000003FFF0470 0021FF (v02 VBOX   VBOXBIOS 00000002 INTL 20160108)
[    0.000000] ACPI: FACS 0x000000003FFF0200 000040
[    0.000000] ACPI: FACS 0x000000003FFF0200 000040
[    0.000000] ACPI: APIC 0x000000003FFF0240 00005C (v02 VBOX   VBOXAPIC 00000001 ASL  00000061)
[    0.000000] ACPI: SSDT 0x000000003FFF02A0 0001CC (v01 VBOX   VBOXCPUT 00000002 INTL 20160108)
[    0.000000] No NUMA configuration found
[    0.000000] Faking a node at [mem 0x0000000000000000-0x000000003ffeffff]
[    0.000000] NODE_DATA(0) allocated [mem 0x3ffeb000-0x3ffeffff]
[    0.000000] kvm-clock: Using msrs 4b564d01 and 4b564d00
[    0.000000] kvm-clock: cpu 0, msr 0:3ffe3001, primary cpu clock
[    0.000000] kvm-clock: using sched offset of 3135701042 cycles
[    0.000000] clocksource: kvm-clock: mask: 0xffffffffffffffff max_cycles: 0x1cd42e4dffb, max_idle_ns: 881590591483 ns
[    0.000000] Zone ranges:
[    0.000000]   DMA      [mem 0x0000000000001000-0x0000000000ffffff]
[    0.000000]   DMA32    [mem 0x0000000001000000-0x000000003ffeffff]
[    0.000000]   Normal   empty
[    0.000000]   Device   empty
[    0.000000] Movable zone start for each node
[    0.000000] Early memory node ranges
[    0.000000]   node   0: [mem 0x0000000000001000-0x000000000009efff]
[    0.000000]   node   0: [mem 0x0000000000100000-0x000000003ffeffff]
[    0.000000] Initmem setup node 0 [mem 0x0000000000001000-0x000000003ffeffff]
[    0.000000] ACPI: PM-Timer IO Port: 0x4008
[    0.000000] IOAPIC[0]: apic_id 2, version 32, address 0xfec00000, GSI 0-23
[    0.000000] ACPI: INT_SRC_OVR (bus 0 bus_irq 0 global_irq 2 dfl dfl)
[    0.000000] ACPI: INT_SRC_OVR (bus 0 bus_irq 9 global_irq 9 high level)
[    0.000000] Using ACPI (MADT) for SMP configuration information
[    0.000000] smpboot: Allowing 2 CPUs, 0 hotplug CPUs
[    0.000000] PM: Registered nosave memory: [mem 0x00000000-0x00000fff]
[    0.000000] PM: Registered nosave memory: [mem 0x0009f000-0x0009ffff]
[    0.000000] PM: Registered nosave memory: [mem 0x000a0000-0x000effff]
[    0.000000] PM: Registered nosave memory: [mem 0x000f0000-0x000fffff]
[    0.000000] e820: [mem 0x40000000-0xfebfffff] available for PCI devices
[    0.000000] Booting paravirtualized kernel on KVM
[    0.000000] clocksource: refined-jiffies: mask: 0xffffffff max_cycles: 0xffffffff, max_idle_ns: 7645519600211568 ns
[    0.000000] setup_percpu: NR_CPUS:512 nr_cpumask_bits:512 nr_cpu_ids:2 nr_node_ids:1
[    0.000000] PERCPU: Embedded 33 pages/cpu @ffff88003fc00000 s95512 r8192 d31464 u1048576
[    0.000000] Built 1 zonelists in Node order, mobility grouping on.  Total pages: 257912
[    0.000000] Policy zone: DMA32
[    0.000000] Kernel command line: BOOT_IMAGE=/boot/vmlinuz-4.4.0-186-generic root=LABEL=cloudimg-rootfs ro console=tty1 console=ttyS0
[    0.000000] PID hash table entries: 4096 (order: 3, 32768 bytes)
[    0.000000] Memory: 997668K/1048120K available (8636K kernel code, 1337K rwdata, 4040K rodata, 1492K init, 1296K bss, 50452K reserved, 0K cma-reserved)
[    0.000000] SLUB: HWalign=64, Order=0-3, MinObjects=0, CPUs=2, Nodes=1
[    0.000000] Kernel/User page tables isolation: enabled
[    0.000000] Hierarchical RCU implementation.
[    0.000000] 	Build-time adjustment of leaf fanout to 64.
[    0.000000] 	RCU restricting CPUs from NR_CPUS=512 to nr_cpu_ids=2.
[    0.000000] RCU: Adjusting geometry for rcu_fanout_leaf=64, nr_cpu_ids=2
[    0.000000] NR_IRQS:33024 nr_irqs:440 16
[    0.000000] Console: colour VGA+ 80x25
[    0.000000] console [tty1] enabled
[    0.000000] console [ttyS0] enabled
[    0.000000] tsc: Detected 2208.004 MHz processor
[    1.366723] Calibrating delay loop (skipped) preset value.. 4416.00 BogoMIPS (lpj=8832016)
[    1.368220] pid_max: default: 32768 minimum: 301
[    1.369015] ACPI: Core revision 20150930
[    1.370474] ACPI: 2 ACPI AML tables successfully acquired and loaded
[    1.386951] Security Framework initialized
[    1.387673] Yama: becoming mindful.
[    1.420716] AppArmor: AppArmor initialized
[    1.451178] Dentry cache hash table entries: 131072 (order: 8, 1048576 bytes)
[    1.455866] Inode-cache hash table entries: 65536 (order: 7, 524288 bytes)
[    1.458175] Mount-cache hash table entries: 2048 (order: 2, 16384 bytes)
[    1.496015] Mountpoint-cache hash table entries: 2048 (order: 2, 16384 bytes)
[    1.497245] Initializing cgroup subsys io
[    1.497968] Initializing cgroup subsys memory
[    1.498732] Initializing cgroup subsys devices
[    1.504331] Initializing cgroup subsys freezer
[    1.505152] Initializing cgroup subsys net_cls
[    1.505922] Initializing cgroup subsys perf_event
[    1.506720] Initializing cgroup subsys net_prio
[    1.507500] Initializing cgroup subsys hugetlb
[    1.513619] Initializing cgroup subsys pids
[    1.528163] mce: CPU supports 0 MCE banks
[    1.551204] Last level iTLB entries: 4KB 64, 2MB 8, 4MB 8
[    1.552133] Last level dTLB entries: 4KB 64, 2MB 0, 4MB 0, 1GB 4
[    1.569450] Spectre V1 : Mitigation: usercopy/swapgs barriers and __user pointer sanitization
[    1.570980] Spectre V2 : Mitigation: Full generic retpoline
[    1.571961] Spectre V2 : Spectre v2 / SpectreRSB mitigation: Filling RSB on context switch
[    1.596341] Speculative Store Bypass: Vulnerable
[    1.603849] SRBDS: Unknown: Dependent on hypervisor status
[    1.604882] MDS: Vulnerable: Clear CPU buffers attempted, no microcode
[    1.607949] Freeing SMP alternatives memory: 36K
[    1.620658] ftrace: allocating 32334 entries in 127 pages
[    1.667308] smpboot: APIC(0) Converting physical 0 to logical package 0
[    1.755297] smpboot: Max logical packages: 1
[    1.811467] x2apic enabled
[    1.812259] Switched APIC routing to physical x2apic.
[    1.814114] ..TIMER: vector=0x30 apic1=0 pin1=2 apic2=-1 pin2=-1
[    1.923229] smpboot: CPU0: Intel(R) Core(TM) i3-8130U CPU @ 2.20GHz (family: 0x6, model: 0x8e, stepping: 0xa)
[    1.934232] Performance Events: unsupported p6 CPU model 142 no PMU driver, software events only.
[    1.961162] KVM setup paravirtual spinlock
[    1.968121] x86: Booting SMP configuration:
[    1.993170] .... node  #0, CPUs:      #1
[    1.993970] kvm-clock: cpu 1, msr 0:3ffe3041, secondary cpu clock
[    2.016310] mce: CPU supports 0 MCE banks
[    2.029047] x86: Booted up 1 node, 2 CPUs
[    2.034962] smpboot: Total of 2 processors activated (8832.01 BogoMIPS)
[    2.036345] devtmpfs: initialized
[    2.039576] evm: security.selinux
[    2.044943] evm: security.SMACK64
[    2.045610] evm: security.SMACK64EXEC
[    2.046276] evm: security.SMACK64TRANSMUTE
[    2.046993] evm: security.SMACK64MMAP
[    2.047672] evm: security.ima
[    2.050642] evm: security.capability
[    2.051468] clocksource: jiffies: mask: 0xffffffff max_cycles: 0xffffffff, max_idle_ns: 7645041785100000 ns
[    2.053069] futex hash table entries: 512 (order: 3, 32768 bytes)
[    2.072129] pinctrl core: initialized pinctrl subsystem
[    2.073085] RTC time: 21:17:12, date: 07/25/20
[    2.074149] NET: Registered protocol family 16
[    2.087634] cpuidle: using governor ladder
[    2.148559] cpuidle: using governor menu
[    2.154544] PCCT header not found.
[    2.179156] ACPI: bus type PCI registered
[    2.179929] acpiphp: ACPI Hot Plug PCI Controller Driver version: 0.5
[    2.205412] PCI: Using configuration type 1 for base access
[    2.228420] ACPI: Added _OSI(Module Device)
[    2.270300] ACPI: Added _OSI(Processor Device)
[    2.271072] ACPI: Added _OSI(3.0 _SCP Extensions)
[    2.271889] ACPI: Added _OSI(Processor Aggregator Device)
[    2.285838] ACPI: Executed 1 blocks of module-level executable AML code
[    2.292507] ACPI: Interpreter enabled
[    2.323038] ACPI: (supports S0 S5)
[    2.378407] ACPI: Using IOAPIC for interrupt routing
[    2.396665] PCI: Using host bridge windows from ACPI; if necessary, use "pci=nocrs" and report a bug
[    2.438922] ACPI: PCI Root Bridge [PCI0] (domain 0000 [bus 00-ff])
[    2.510405] acpi PNP0A03:00: _OSC: OS supports [ASPM ClockPM Segments MSI]
[    2.588175] acpi PNP0A03:00: _OSC: not requesting OS control; OS requires [ExtendedConfig ASPM ClockPM MSI]
[    2.680413] acpi PNP0A03:00: fail to add MMCONFIG information, can't access extended PCI configuration space under this bridge.
[    2.798772] PCI host bridge to bus 0000:00
[    2.846008] pci_bus 0000:00: root bus resource [io  0x0000-0x0cf7 window]
[    2.911577] pci_bus 0000:00: root bus resource [io  0x0d00-0xffff window]
[    2.996928] pci_bus 0000:00: root bus resource [mem 0x000a0000-0x000bffff window]
[    3.047532] pci_bus 0000:00: root bus resource [mem 0x40000000-0xffdfffff window]
[    3.122624] pci_bus 0000:00: root bus resource [bus 00-ff]
[    3.124939] pci 0000:00:01.1: legacy IDE quirk: reg 0x10: [io  0x01f0-0x01f7]
[    3.158850] pci 0000:00:01.1: legacy IDE quirk: reg 0x14: [io  0x03f6]
[    3.244945] pci 0000:00:01.1: legacy IDE quirk: reg 0x18: [io  0x0170-0x0177]
[    3.327884] pci 0000:00:01.1: legacy IDE quirk: reg 0x1c: [io  0x0376]
[    3.472842] pci 0000:00:07.0: quirk: [io  0x4000-0x403f] claimed by PIIX4 ACPI
[    3.501868] pci 0000:00:07.0: quirk: [io  0x4100-0x410f] claimed by PIIX4 SMB
[    3.522744] ACPI: PCI Interrupt Link [LNKA] (IRQs 5 9 10 *11)
[    3.541449] ACPI: PCI Interrupt Link [LNKB] (IRQs 5 9 10 *11)
[    3.577242] ACPI: PCI Interrupt Link [LNKC] (IRQs 5 9 *10 11)
[    3.585365] ACPI: PCI Interrupt Link [LNKD] (IRQs 5 *9 10 11)
[    3.586705] ACPI: Enabled 2 GPEs in block 00 to 07
[    3.587883] vgaarb: setting as boot device: PCI:0000:00:02.0
[    3.605563] vgaarb: device added: PCI:0000:00:02.0,decodes=io+mem,owns=io+mem,locks=none
[    3.607055] vgaarb: loaded
[    3.607632] vgaarb: bridge control possible 0000:00:02.0
[    3.617627] SCSI subsystem initialized
[    3.626718] ACPI: bus type USB registered
[    3.627454] usbcore: registered new interface driver usbfs
[    3.629423] usbcore: registered new interface driver hub
[    3.659513] usbcore: registered new device driver usb
[    3.660581] PCI: Using ACPI for IRQ routing
[    3.661592] NetLabel: Initializing
[    3.662232] NetLabel:  domain hash size = 128
[    3.662994] NetLabel:  protocols = UNLABELED CIPSOv4
[    3.664201] NetLabel:  unlabeled traffic allowed by default
[    3.695632] amd_nb: Cannot enumerate AMD northbridges
[    3.715410] clocksource: Switched to clocksource kvm-clock
[    3.721505] AppArmor: AppArmor Filesystem Enabled
[    3.731538] pnp: PnP ACPI init
[    3.732710] pnp: PnP ACPI: found 3 devices
[    3.742074] clocksource: acpi_pm: mask: 0xffffff max_cycles: 0xffffff, max_idle_ns: 2085701024 ns
[    3.766271] NET: Registered protocol family 2
[    3.772603] TCP established hash table entries: 8192 (order: 4, 65536 bytes)
[    3.816904] TCP bind hash table entries: 8192 (order: 5, 131072 bytes)
[    3.850850] TCP: Hash tables configured (established 8192 bind 8192)
[    3.867042] UDP hash table entries: 512 (order: 2, 16384 bytes)
[    3.882602] UDP-Lite hash table entries: 512 (order: 2, 16384 bytes)
[    3.944813] NET: Registered protocol family 1
[    3.946290] pci 0000:00:00.0: Limiting direct PCI/PCI transfers
[    3.948631] pci 0000:00:01.0: Activating ISA DMA hang workarounds
[    3.950734] Unpacking initramfs...
[    4.181262] Freeing initrd memory: 14876K
[    4.255460] clocksource: tsc: mask: 0xffffffffffffffff max_cycles: 0x1fd3bc108c2, max_idle_ns: 440995311349 ns
[    4.675817] platform rtc_cmos: registered platform RTC device (no PNP device found)
[    4.826178] Scanning for low memory corruption every 60 seconds
[    4.836106] audit: initializing netlink subsys (disabled)
[    4.986449] audit: type=2000 audit(1595711836.913:1): initialized
[    5.135702] Initialise system trusted keyring
[   55.235788] HugeTLB registered 2 MB page size, pre-allocated 0 pages
[    5.417001] zbud: loaded
[   55.455896] VFS: Disk quotas dquot_6.6.0
[    5.505689] VFS: Dquot-cache hash table entries: 512 (order 0, 4096 bytes)
[    5.506953] squashfs: version 4.0 (2009/01/31) Phillip Lougher
[    5.508152] fuse init (API version 7.23)
[    5.514475] Key type big_key registered
[    5.535654] Allocating IMA MOK and blacklist keyrings.
[   55.537294] Key type asymmetric registered
[    5.635612] Asymmetric key parser 'x509' registered
[    5.845515] Block layer SCSI generic (bsg) driver version 0.4 loaded (major 249)
[    5.938734] io scheduler noop registered
[    5.955610] io scheduler deadline registered (default)
[    5.989742] io scheduler cfq registered
[    6.020129] pci_hotplug: PCI Hot Plug PCI Core version: 0.5
[    6.021048] pciehp: PCI Express Hot Plug Controller Driver version: 0.4
[    6.032380] ACPI: AC Adapter [AC] (on-line)
[    6.034775] input: Power Button as /devices/LNXSYSTM:00/LNXPWRBN:00/input/input0
[    6.068359] ACPI: Power Button [PWRF]
[    6.072643] input: Sleep Button as /devices/LNXSYSTM:00/LNXSLPBN:00/input/input1
[    6.077157] ACPI: Sleep Button [SLPF]
[    6.078017] GHES: HEST is not enabled!
[    6.079242] ACPI: Battery Slot [BAT0] (battery present)
[    6.081379] Serial: 8250/16550 driver, 32 ports, IRQ sharing enabled
[    6.104020] 00:02: ttyS0 at I/O 0x3f8 (irq = 4, base_baud = 115200) is a 16550A
[    6.113089] Linux agpgart interface v0.103
[    6.147127] loop: module loaded
[    6.156950] scsi host0: ata_piix
[    6.160222] scsi host1: ata_piix
[    6.161530] ata1: PATA max UDMA/33 cmd 0x1f0 ctl 0x3f6 bmdma 0xd000 irq 14
[    6.163508] ata2: PATA max UDMA/33 cmd 0x170 ctl 0x376 bmdma 0xd008 irq 15
[    6.167485] libphy: Fixed MDIO Bus: probed
[    6.174288] tun: Universal TUN/TAP device driver, 1.6
[    6.210230] tun: (C) 1999-2004 Max Krasnyansky <maxk@qualcomm.com>
[    6.211617] PPP generic driver version 2.4.2
[    6.223476] ehci_hcd: USB 2.0 'Enhanced' Host Controller (EHCI) Driver
[    6.407418] ehci-pci: EHCI PCI platform driver
[    6.431976] ehci-platform: EHCI generic platform driver
[    6.438979] ohci_hcd: USB 1.1 'Open' Host Controller (OHCI) Driver
[    6.517815] ohci-pci: OHCI PCI platform driver
[    6.536559] ohci-platform: OHCI generic platform driver
[    6.537445] uhci_hcd: USB Universal Host Controller Interface driver
[    6.656290] i8042: PNP: PS/2 Controller [PNP0303:PS2K,PNP0f03:PS2M] at 0x60,0x64 irq 1,12
[    6.686079] serio: i8042 KBD port at 0x60,0x64 irq 1
[    6.748089] serio: i8042 AUX port at 0x60,0x64 irq 12
[    6.818784] mousedev: PS/2 mouse device common for all mice
[    6.913530] input: AT Translated Set 2 keyboard as /devices/platform/i8042/serio0/input/input2
[    7.099148] rtc_cmos rtc_cmos: rtc core: registered rtc_cmos as rtc0
[    7.226706] rtc_cmos rtc_cmos: alarms up to one day, 114 bytes nvram
[    7.355699] i2c /dev entries driver
[    7.433036] device-mapper: uevent: version 1.0.3
[    7.529576] device-mapper: ioctl: 4.34.0-ioctl (2015-10-28) initialised: dm-devel@redhat.com
[    7.677632] ledtrig-cpu: registered to indicate activity on CPUs
[    7.781513] NET: Registered protocol family 10
[    7.797514] NET: Registered protocol family 17
[    7.803562] Key type dns_resolver registered
[    7.805113] registered taskstats version 1
[    7.862702] Loading compiled-in X.509 certificates
[    7.928171] Loaded X.509 cert 'Build time autogenerated kernel key: cef5e81496c0efa51b848ab539e845ddf31c08be'
[    8.005488] zswap: loaded using pool lzo/zbud
[    8.019718] Key type trusted registered
[    8.033188] Key type encrypted registered
[    8.072778] AppArmor: AppArmor sha1 policy hashing enabled
[    8.084314] ima: No TPM chip found, activating TPM-bypass!
[    8.094568] ima: Allocated hash algorithm: sha1
[    8.095356] evm: HMAC attrs: 0x1
[    8.096345]   Magic number: 12:832:298
[    8.097098] rtc_cmos rtc_cmos: setting system clock to 2020-07-25 21:17:18 UTC (1595711838)
[    8.098610] BIOS EDD facility v0.16 2004-Jun-25, 0 devices found
[    8.099588] EDD information not available.
[    8.101449] Freeing unused kernel memory: 1492K
[    8.111489] Write protecting the kernel read-only data: 14336k
[    8.131729] Freeing unused kernel memory: 1592K
[    8.175900] Freeing unused kernel memory: 56K
Loading, please wait...
[    8.230785] random: systemd-udevd: uninitialized urandom read (16 bytes read, 5 bits of entropy available)
starting version[    8.231461] random: udevadm: uninitialized urandom read (16 bytes read, 5 bits of entropy available)
 229
[    8.231488] random: udevadm: uninitialized urandom read (16 bytes read, 5 bits of entropy available)
[    8.239594] random: udevadm: uninitialized urandom read (16 bytes read, 5 bits of entropy available)
[    8.239645] random: udevadm: uninitialized urandom read (16 bytes read, 5 bits of entropy available)
[    8.239790] random: udevadm: uninitialized urandom read (16 bytes read, 5 bits of entropy available)
[    8.239858] random: udevadm: uninitialized urandom read (16 bytes read, 5 bits of entropy available)
[    8.239918] random: udevadm: uninitialized urandom read (16 bytes read, 5 bits of entropy available)
[    8.239975] random: udevadm: uninitialized urandom read (16 bytes read, 5 bits of entropy available)
[    8.240030] random: udevadm: uninitialized urandom read (16 bytes read, 5 bits of entropy available)
[    8.827914] e1000: Intel(R) PRO/1000 Network Driver - version 7.3.21-k8-NAPI
[    8.908391] e1000: Copyright (c) 1999-2006 Intel Corporation.
[    9.009354] Fusion MPT base driver 3.04.20
[    9.105402] Copyright (c) 1999-2008 LSI Corporation
[    9.110650] Fusion MPT SPI Host driver 3.04.20
[    9.128319] AVX version of gcm_enc/dec engaged.
[    9.161718] AES CTR mode by8 optimization enabled
[    9.197031] input: ImExPS/2 Generic Explorer Mouse as /devices/platform/i8042/serio1/input/input4
[    9.444737] e1000 0000:00:03.0 eth0: (PCI:33MHz:32-bit) 02:d4:60:56:24:74
[    9.605715] e1000 0000:00:03.0 eth0: Intel(R) PRO/1000 Network Connection
[    9.740987] mptbase: ioc0: Initiating bringup
[    9.887624] ioc0: LSI53C1030 A0: Capabilities={Initiator}
[   10.064772] scsi host2: ioc0: LSI53C1030 A0, FwRev=00000000h, Ports=1, MaxQ=256, IRQ=20
[   10.215634] scsi 2:0:0:0: Direct-Access     VBOX     HARDDISK         1.0  PQ: 0 ANSI: 5
[   10.290810] scsi target2:0:0: Beginning Domain Validation
[   10.350210] scsi target2:0:0: Domain Validation skipping write tests
[   10.413873] scsi target2:0:0: Ending Domain Validation
[   10.449810] scsi target2:0:0: asynchronous
[   10.481689] scsi 2:0:1:0: Direct-Access     VBOX     HARDDISK         1.0  PQ: 0 ANSI: 5
[   10.550709] scsi target2:0:1: Beginning Domain Validation
[   10.559381] e1000 0000:00:08.0 eth1: (PCI:33MHz:32-bit) 08:00:27:21:7b:9b
[   10.559383] e1000 0000:00:08.0 eth1: Intel(R) PRO/1000 Network Connection
[   10.624387] scsi target2:0:1: Domain Validation skipping write tests
[   10.646811] scsi target2:0:1: Ending Domain Validation
[   10.647866] scsi target2:0:1: asynchronous
[   10.691893] sd 2:0:0:0: Attached scsi generic sg0 type 0
[   10.707353] sd 2:0:1:0: Attached scsi generic sg1 type 0
[   10.736488] sd 2:0:1:0: [sdb] 20480 512-byte logical blocks: (10.5 MB/10.0 MiB)
[   10.738489] sd 2:0:0:0: [sda] 20971520 512-byte logical blocks: (10.7 GB/10.0 GiB)
[   10.772270] sd 2:0:0:0: [sda] Write Protect is off
[   10.786369] sd 2:0:1:0: [sdb] Write Protect is off
[   10.792969] sd 2:0:0:0: [sda] Incomplete mode parameter data
[   10.804697] sd 2:0:0:0: [sda] Assuming drive cache: write through
[   10.821068] sd 2:0:1:0: [sdb] Incomplete mode parameter data
[   10.828833] sd 2:0:1:0: [sdb] Assuming drive cache: write through
[   10.881887]  sda: sda1
[   10.897314] sd 2:0:1:0: [sdb] Attached SCSI disk
[   10.939250] e1000 0000:00:09.0 eth2: (PCI:33MHz:32-bit) 08:00:27:23:65:bc
[   10.939252] e1000 0000:00:09.0 eth2: Intel(R) PRO/1000 Network Connection
[   11.038203] sd 2:0:0:0: [sda] Attached SCSI disk
[   11.290612] e1000 0000:00:0a.0 eth3: (PCI:33MHz:32-bit) 08:00:27:a8:b1:7d
[   11.306221] e1000 0000:00:0a.0 eth3: Intel(R) PRO/1000 Network Connection
[   11.326577] e1000 0000:00:03.0 enp0s3: renamed from eth0
[   11.423629] e1000 0000:00:0a.0 enp0s10: renamed from eth3
[   11.451705] e1000 0000:00:09.0 enp0s9: renamed from eth2
[   11.519532] e1000 0000:00:08.0 enp0s8: renamed from eth1
Begin: Loading e[   12.854425] md: linear personality registered for level -1
ssential drivers[   13.022760] md: multipath personality registered for level -4
 ... [   13.069387] md: raid0 personality registered for level 0
[   13.198987] md: raid1 personality registered for level 1
[   13.375916] raid6: sse2x1   gen()  8234 MB/s
[   13.495123] raid6: sse2x1   xor()  8858 MB/s
[   13.595133] raid6: sse2x2   gen() 14462 MB/s
[   13.675139] raid6: sse2x2   xor() 10054 MB/s
[   13.784082] raid6: sse2x4   gen() 16556 MB/s
[   13.865104] raid6: sse2x4   xor() 10991 MB/s
[   13.889324] raid6: using algorithm sse2x4 gen() 16556 MB/s
[   13.890233] raid6: .... xor() 10991 MB/s, rmw enabled
[   13.905742] raid6: using ssse3x2 recovery algorithm
[   13.907426] xor: automatically using best checksumming function:
[   13.965116]    avx       : 55694.000 MB/sec
[   13.969000] async_tx: api initialized (async)
[   13.991613] md: raid6 personality registered for level 6
[   14.011332] md: raid5 personality registered for level 5
[   14.064858] md: raid4 personality registered for level 4
[   14.071568] md: raid10 personality registered for level 10
done.
Begin: Running /scripts/init-premount ... done.
Begin: Mounting root file system ... Begin: Running /scripts/local-top ... done.
Begin: Runnin[   14.138639] Btrfs loaded
g /scripts/local-premount ... Scanning for Btrfs filesystems
done.
Warning: fsck no[   14.204410] EXT4-fs (sda1): mounted filesystem with ordered data mode. Opts: (null)
t present, so skipping root file system
done.
Begin: Running /scripts/local-bottom ... done.
Begin: Running /scripts/init-bottom ... done.
[   14.307242] systemd[1]: systemd 229 running in system mode. (+PAM +AUDIT +SELINUX +IMA +APPARMOR +SMACK +SYSVINIT +UTMP +LIBCRYPTSETUP +GCRYPT +GNUTLS +ACL +XZ -LZ4 +SECCOMP +BLKID +ELFUTILS +KMOD -IDN)
[   14.318040] systemd[1]: Detected virtualization oracle.
[   14.336015] systemd[1]: Detected architecture x86-64.

Welcome to [1mUbuntu 16.04.6 LTS[0m!

[   14.367794] systemd[1]: Set hostname to <router33>.
[   14.542347] systemd[1]: Reached target Swap.
[[0;32m  OK  [0m] Reached target Swap.
[   14.575599] systemd[1]: Listening on /dev/initctl Compatibility Named Pipe.
[[0;32m  OK  [0m] Listening on /dev/initctl Compatibility Named Pipe.
[   14.619954] systemd[1]: Created slice User and Session Slice.
[[0;32m  OK  [0m] Created slice User and Session Slice.
[   14.771880] systemd[1]: Created slice System Slice.
[[0;32m  OK  [0m] Created slice System Slice.
[   14.955120] systemd[1]: Reached target Encrypted Volumes.
[[0;32m  OK  [0m] Reached target Encrypted Volumes.
[   15.011906] systemd[1]: Created slice system-serial\x2dgetty.slice.
[[0;32m  OK  [0m] Created slice system-serial\x2dgetty.slice.
[   15.035502] systemd[1]: Set up automount Arbitrary Executable File Formats File System Automount Point.
[[0;32m  OK  [0m] Set up automount Arbitrary Executab...ats File System Automount Point.
[   15.083591] systemd[1]: Listening on LVM2 metadata daemon socket.
[[0;32m  OK  [0m] Listening on LVM2 metadata daemon socket.
[   15.099815] systemd[1]: Listening on udev Kernel Socket.
[[0;32m  OK  [0m] Listening on udev Kernel Socket.
[   15.171791] systemd[1]: Listening on LVM2 poll daemon socket.
[[0;32m  OK  [0m] Listening on LVM2 poll daemon socket.
[   15.223640] systemd[1]: Started Forward Password Requests to Wall Directory Watch.
[[0;32m  OK  [0m] Started Forward Password Requests to Wall Directory Watch.
[   15.316159] systemd[1]: Listening on Journal Audit Socket.
[[0;32m  OK  [0m] Listening on Journal Audit Socket.
[   15.326179] systemd[1]: Reached target Slices.
[[0;32m  OK  [0m] Reached target Slices.
[   15.327744] systemd[1]: Listening on Device-mapper event daemon FIFOs.
[[0;32m  OK  [0m] Listening on Device-mapper event daemon FIFOs.
[   15.361317] systemd[1]: Reached target User and Group Name Lookups.
[[0;32m  OK  [0m] Reached target User and Group Name Lookups.
[   15.399799] systemd[1]: Listening on Journal Socket (/dev/log).
[[0;32m  OK  [0m] Listening on Journal Socket (/dev/log).
[   15.436820] systemd[1]: Started Trigger resolvconf update for networkd DNS.
[[0;32m  OK  [0m] Started Trigger resolvconf update for networkd DNS.
[   15.438916] systemd[1]: Reached target System Time Synchronized.
[[0;32m  OK  [0m] Reached target System Time Synchronized.
[   15.442977] systemd[1]: Listening on Syslog Socket.
[[0;32m  OK  [0m] Listening on Syslog Socket.
[   15.451813] systemd[1]: Listening on udev Control Socket.
[[0;32m  OK  [0m] Listening on udev Control Socket.
[   15.459029] systemd[1]: Listening on Journal Socket.
[[0;32m  OK  [0m] Listening on Journal Socket.
[   15.499531] systemd[1]: Starting Nameserver information manager...
         Starting Nameserver information manager...
[   15.513575] systemd[1]: Starting Set console keymap...
         Starting Set console keymap...
[   15.571528] systemd[1]: Starting Journal Service...
         Starting Journal Service...
[   15.624259] systemd[1]: Starting Remount Root and Kernel File Systems...
         [   15.734819] EXT4-fs (sda1): re-mounted. Opts: (null)
Starting Remount Root and Kernel File Systems...
[   15.808080] systemd[1]: Starting Uncomplicated firewall...
[   15.833445] random: nonblocking pool is initialized
         Starting Uncomplicated firewall...
[   15.930868] systemd[1]: Starting Create list of required static device nodes for the current kernel...
         Starting Create list of required st... nodes for the current kernel...
[   15.990949] systemd[1]: Starting Load Kernel Modules...
         Starting Load Kernel Modules...
[   16.018289] systemd[1]: Mounting POSIX Message Queue File System...
         [   16.069233] Loading iSCSI transport class v2.0-870.
Mounting POSIX Message Queue File System...
[   16.108973] systemd[1]: Mounting Debug File System...
         [   16.155830] iscsi: registered transport (tcp)
Mounting Debug File System...
[   16.229942] systemd[1]: Mounting Huge Pages File System...
         Mounting Huge Pages File System...
[   16.415835] systemd[1]: Starting Monitoring of LVM2 mirrors, snapshots etc. using dmeventd or progress polling...
         Startin[   16.565979] iscsi: registered transport (iser)
g Monitoring of LVM2 mirrors... dmeventd or progress polling...
[   16.728379] systemd[1]: Mounted Debug File System.
[[0;32m  OK  [0m] Mounted Debug File System.
[   16.915590] systemd[1]: Mounted POSIX Message Queue File System.
[[0;32m  OK  [0m] Mounted POSIX Message Queue File System.
[   17.020148] systemd[1]: Mounted Huge Pages File System.
[[0;32m  OK  [0m] Mounted Huge Pages File System.
[   17.245729] systemd[1]: Started Journal Service.
[[0;32m  OK  [0m] Started Journal Service.
[[0;32m  OK  [0m] Started Set console keymap.
[[0;32m  OK  [0m] Started Remount Root and Kernel File Systems.
[[0;32m  OK  [0m] Started Uncomplicated firewall.
[[0;32m  OK  [0m] Started Create list of required sta...ce nodes for the current kernel.
[[0;32m  OK  [0m] Started Load Kernel Modules.
[[0;32m  OK  [0m] Started Nameserver information manager.
[[0;32m  OK  [0m] Started LVM2 metadata daemon.
         Mounting FUSE Control File System...
         Starting Apply Kernel Variables...
         Starting Create Static Device Nodes in /dev...
         Starting udev Coldplug all Devices...
         Starting Load/Save Random Seed...
         Starting Flush Journal to Persistent Storage...
[[0;32m  OK  [0m] Mounted FUSE Control File System.
[[0;32m  OK  [0m] Started Apply Kernel Variables.
[[0;32m  OK  [0m] Started Create Static Device Nodes in /dev.
[[0;32m  OK  [0m] Started Load/Save Random Seed.
         Starting udev Kernel Device Manager...
[[0;32m  OK  [0m] Started Monitoring of LVM2 mirrors,...ng dmeventd or progress polling.
[[0;32m  OK  [0m] Started udev Coldplug all Devices.
[[0;32m  OK  [0m] Reached target Local File Systems (Pre).
[[0;32m  OK  [0m] Reached target Local File Systems.
         Starting Initial cloud-init job (pre-networking)...
         Starting LSB: AppArmor initialization...
         Starting Set console font and keymap...
         Starting Tell Plymouth To Write Out Runtime Data...
[[0;32m  OK  [0m] Started udev Kernel Device Manager.
[[0;32m  OK  [0m] Started Flush Journal to Persistent Storage.
         Starting Create Volatile Files and Directories...
[[0;32m  OK  [0m] Started Dispatch Password Requests to Console Directory Watch.
[[0;32m  OK  [0m] Started Tell Plymouth To Write Out Runtime Data.
[[0;32m  OK  [0m] Started Create Volatile Files and Directories.
         Starting Update UTMP about System Boot/Shutdown...
[[0;32m  OK  [0m] Started Update UTMP about System Boot/Shutdown.
[[0;32m  OK  [0m] Started LSB: AppArmor initialization.
         Starting Load AppArmor profiles managed internally by snapd...
[[0;32m  OK  [0m] Started Load AppArmor profiles managed internally by snapd.
[[0;32m  OK  [0m] Found device /dev/ttyS0.
[[0;32m  OK  [0m] Listening on Load/Save RF Kill Switch Status /dev/rfkill Watch.
[[0;32m  OK  [0m] Started Set console font and keymap.
[[0;32m  OK  [0m] Found device 82540EM Gigabit Ethern...r (PRO/1000 MT Desktop Adapter).
[[0;32m  OK  [0m] Found device 82540EM Gigabit Ethern...r (PRO/1000 MT Desktop Adapter).
[   15.774281] cloud-init[467]: Cloud-init v. 20.2-45-g5f7825e2-0ubuntu1~16.04.1 running 'init-local' at Sat, 25 Jul 2020 21:17:29 +0000. Up 15.48 seconds.
[[0;32m  OK  [0m] Found device 82540EM Gigabit Ethern...r (PRO/1000 MT Desktop Adapter).
[[0;32m  OK  [0m] Started Initial cloud-init job (pre-networking).
[[0;32m  OK  [0m] Reached target Network (Pre).
         Starting Raise network interfaces...
[[0;32m  OK  [0m] Started ifup for enp0s10.
[[0;32m  OK  [0m] Started ifup for enp0s8.
[[0;32m  OK  [0m] Started ifup for enp0s9.
[[0;32m  OK  [0m] Started ifup for enp0s3.
[[0;32m  OK  [0m] Created slice system-getty.slice.
[[0;32m  OK  [0m] Found device 82540EM Gigabit Ethern...r (PRO/1000 MT Desktop Adapter).
[[0;32m  OK  [0m] Started Raise network interfaces.
         Starting Initial cloud-init job (metadata service crawler)...
[[0;32m  OK  [0m] Reached target Network.
[   16.872517] cloud-init[1314]: Cloud-init v. 20.2-45-g5f7825e2-0ubuntu1~16.04.1 running 'init' at Sat, 25 Jul 2020 21:17:30 +0000. Up 16.61 seconds.
[   16.944875] [cloud-init[0;32m  OK  [0m[1314]: ] ci-info: +++++++++++++++++++++++++++++++++++++++Net device info+++++++++++++++++++++++++++++++++++++++Started Initial cloud-init job (metadata service crawler).

[   16.945234] [cloud-init[0;32m  OK  [0m[1314]: ] ci-info: +---------+------+-----------------------------+---------------+--------+-------------------+Reached target Network is Online.

[   17.094987]          cloud-initStarting iSCSI initiator daemon (iscsid)...[1314]: 
ci-info: |  Device |  Up  |           Address           |      Mask     | Scope  |     Hw-Address    |
[   17.173121] [cloud-init[0;32m  OK  [0m[1314]: ] ci-info: +---------+------+-----------------------------+---------------+--------+-------------------+Reached target Cloud-config availability.

[[0;32m  OK  [0m] Reached target System Initialization.
[   17.173522] cloud-init[1314]: ci-info: | enp0s10 | True |        192.168.102.1        | 255.255.255.0 | global | 08:00:27:a8:b1:7d |
[   17.235592] [cloud-init[0;32m  OK  [0m[1314]: ] ci-info: | enp0s10 | True | fe80::a00:27ff:fea8:b17d/64 |       .       |  link  | 08:00:27:a8:b1:7d |Started Message of the Day.

         Starting Socket activation for snappy daemon.
[[0;32m  OK  [0m] Started Daily Cleanup of Temporary Directories.
[[0;32m  OK  [0m] Started Daily apt download activities.[   17.235984] 
cloud-init[1314]: ci-info: |  enp0s3 | True |          10.0.2.15          | 255.255.255.0 | global | 02:d4:60:56:24:74 |
[   17.285582] [cloud-init[0;32m  OK  [0m[1314]: ] ci-info: |  enp0s3 | True |  fe80::d4:60ff:fe56:2474/64 |       .       |  link  | 02:d4:60:56:24:74 |Listening on D-Bus System Message Bus Socket.

[[0;32m  OK  [0m] Started Daily apt upgrade and clean activities.
[[0;32m  OK  [0m] Reached target Timers.
[   17.285969] cloud-init[1314]: ci-info: |  enp0s8 | True |        192.168.3.254        | 255.255.255.0 | global | 08:00:27:21:7b:9b |
[   17.424483] [cloud-init[0;32m  OK  [0m[1314]: ] ci-info: |  enp0s8 | True | fe80::a00:27ff:fe21:7b9b/64 |       .       |  link  | 08:00:27:21:7b:9b |Listening on UUID daemon activation socket.

[   17.424863] cloud-init[1314]: ci-info: |  enp0s9 | True |        192.168.101.1        | 255.255.255.0 | global | 08:00:27:23:65:bc |
[   17.534533]          cloud-initStarting LXD - unix socket.[1314]: 
ci-info: |  enp0s9 | True | fe80::a00:27ff:fe23:65bc/64 |       .       |  link  | 08:00:27:23:65:bc |
[   17.622710] [cloud-init[0;32m  OK  [0m[1314]: ] ci-info: |    lo   | True |          127.0.0.1          |   255.0.0.0   |  host  |         .         |Started ACPI Events Check.

[   17.623092] [cloud-init[0;32m  OK  [0m[1314]: ] ci-info: |    lo   | True |           ::1/128           |       .       |  host  |         .         |Reached target Paths.

[   17.656416] cloud-init[1314]: ci-info: +---------+------+-----------------------------+---------------+--------+-------------------+
[[0;32m  OK  [0m] Listening on ACPID Listen Socket.
[   17.689071] cloud-init[1314]: ci-info: ++++++++++++++++++++++++++++Route IPv4 info+++++++++++++++++++++++++++++
[   17.758357] [cloud-init[0;32m  OK  [0m[1314]: ] ci-info: +-------+---------------+----------+---------------+-----------+-------+Listening on Socket activation for snappy daemon.

[[0;32m  OK  [0m] Listening on LXD - unix socket.
[   17.758743] cloud-init[1314]: ci-info: | Route |  Destination  | Gateway  |    Genmask    | Interface | Flags |
[   17.820987] [[0;32m  OK  [0m] Started iSCSI initiator daemon (iscsid).
cloud-init[1314]: ci-info: +-------+---------------+----------+---------------+-----------+-------+
         Starting Login to default iSCSI targets...
[[   17.832979] cloud-init[1314]: ci-info: |   0   |    0.0.0.0    | 10.0.2.2 |    0.0.0.0    |   enp0s3  |   UG  |
[0;32m  OK  [0m[   17.857761] cloud-init[1314]: ci-info: |   1   |    10.0.2.0   | 0.0.0.0  | 255.255.255.0 |   enp0s3  |   U   |
[   17.858624] cloud-init[1314]: ci-info: |   2   |  192.168.3.0  | 0.0.0.0  | 255.255.255.0 |   enp0s8  |   U   |
] Reached target Sockets.
[   17.859187] cloud-init[1314]: ci-info: |   3   | 192.168.101.0 | 0.0.0.0  | 255.255.255.0 |   enp0s9  |   U   |
[   17.888808] cloud-init[1314]: ci-info: |   4   | 192.168.102.0 | 0.0.0.0  | 255.255.255.0 |  enp0s10  |   U   |
[[0;32m  OK  [0m] Reached target Basic System.
[   17.888906] cloud-init[1314]: ci-info: +-------+---------------+----------+---------------+-----------+-------+
[   17.957702] cloud-init[1314]: ci-info: +++++++++++++++++++Route IPv6 info+++++++++++++++++++
[   17.960055] cloud-init[1314]: ci-info: +-------+-------------+---------+-----------+-------+
[   17.973063] cloud-init[1314]: ci-info: | Route | Destination | Gateway | Interface | Flags |
[   17.973136] cloud-init[1314]: ci-info: +-------+-------------+---------+-----------+-------+
[   17.973174] cloud-init[1314]: ci-info: |   0   |  fe80::/64  |    ::   |  enp0s10  |   U   |
[   17.973212] cloud-init[1314]: ci-info: |   1   |  fe80::/64  |    ::   |   enp0s8  |   U   |
[   17.973243] cloud-init[1314]: ci-info: |   2   |  fe80::/64  |    ::   |   enp0s9  |   U   |
[   17.973274] cloud-init[1314]: ci-info: |   3   |  fe80::/64  |    ::   |   enp0s3  |   U   |
[   17.973305] cloud-init[1314]: ci-info: |   6   |   ff00::/8  |    ::   |  enp0s10  |   U   |
[   17.973336] cloud-init[1314]: ci-info: |   7   |   ff00::/8  |    ::   |   enp0s8  |   U   |
[   17.973367] cloud-init[1314]: ci-info: |   8   |   ff00::/8  |    ::   |   enp0s9  |   U   |
[   17.973404] cloud-init[1314]: ci-info: |   9   |   ff00::/8  |    ::   |   enp0s3  |   U   |
[   17.973444] cloud-init[1314]: ci-info: +-------+-------------+---------+-----------+-------+
         Starting Virtualbox guest utils...
         Starting System Logging Service...
         Starting Login Service...
[[0;32m  OK  [0m] Started Regular background program processing daemon.
         Starting Accounts Service...
[[0;32m  OK  [0m] Started FUSE filesystem for LXC.
[[0;32m  OK  [0m] Started D-Bus System Message Bus.
[[0;32m  OK  [0m] Started Deferred execution scheduler.
         Starting OpenBSD Secure Shell server...
         Starting LSB: MD monitoring daemon...
         Starting LXD - container startup/shutdown...
         Starting /etc/rc.local Compatibility...
[[0;32m  OK  [0m] Started ACPI event daemon.
         Starting LSB: Record successful boot for GRUB...
         Starting Snap Daemon...
[[0;32m  OK  [0m] Started System Logging Service.
[[0;32m  OK  [0m] Started LXD - container startup/shutdown.
[[0;32m  OK  [0m] Started /etc/rc.local Compatibility.
[[0;32m  OK  [0m] Started OpenBSD Secure Shell server.
[[0;32m  OK  [0m] Started LSB: MD monitoring daemon.
[[0;32m  OK  [0m] Started LSB: Record successful boot for GRUB.
[[0;32m  OK  [0m] Started Virtualbox guest utils.
[[0;32m  OK  [0m] Started Login Service.
[[0;32m  OK  [0m] Started Login to default iSCSI targets.
[[0;32m  OK  [0m] Reached target Remote File Systems (Pre).
[[0;32m  OK  [0m] Reached target Remote File Systems.
         Starting LSB: daemon to balance interrupts for SMP systems...
         Starting LSB: start and stop the Quagga routing suite...
         Starting Permit User Sessions...
         Starting LSB: automatic crash report generation...
         Starting LSB: Set the CPU Frequency Scaling governor to "ondemand"...
[[0;32m  OK  [0m] Started Unattended Upgrades Shutdown.
         Starting Authenticate and Authorize Users to Run Privileged Tasks...
[[0;32m  OK  [0m] Started Snap Daemon.
[[0;32m  OK  [0m] Started Permit User Sessions.
[[0;32m  OK  [0m] Started Authenticate and Authorize Users to Run Privileged Tasks.
[[0;32m  OK  [0m] Started Accounts Service.
         Starting Hold until boot process finishes up...
         Starting Terminate Plymouth Boot Screen...
         Starting Wait until snapd is fully seeded...
[[0;32m  OK  [0m] Started LSB: daemon to balance interrupts for SMP systems.
[[0;32m  OK  [0m] Started LSB: start and stop the Quagga routing suite.
[[0;32m  OK  [0m] Started Hold until boot process finishes up.
[[0;32m  OK  [0m] Started Terminate Plymouth Boot Screen.
[[0;32m  OK  [0m] Started Wait until snapd is fully seeded.
         Starting Apply the settings specified in cloud-config...
[[0;32m  OK  [0m] Started Serial Getty on ttyS0.
         Starting Set console scheme...
[[0;32m  OK  [0m] Started Getty on tty1.
[[0;32m  OK  [0m] Reached target Login Prompts.
[[0;32m  OK  [0m] Started LSB: automatic crash report generation.
[   19.568131] [cloud-init[0;32m  OK  [0m[1578]: ] Cloud-init v. 20.2-45-g5f7825e2-0ubuntu1~16.04.1 running 'modules:config' at Sat, 25 Jul 2020 21:17:32 +0000. Up 19.47 seconds.Started LSB: Set the CPU Frequency Scaling governor to "ondemand".

[[0;32m  OK  [0m] Started Set console scheme.
[[0;32m  OK  [0m] Started Apply the settings specified in cloud-config.
[[0;32m  OK  [0m] Reached target Multi-User System.
         Starting Execute cloud user/final scripts...
[[0;32m  OK  [0m] Reached target Graphical Interface.
         Starting Update UTMP about System Runlevel Changes...
[[0;32m  OK  [0m] Started Update UTMP about System Runlevel Changes.
[   20.018158] cloud-init[1608]: Cloud-init v. 20.2-45-g5f7825e2-0ubuntu1~16.04.1 running 'modules:final' at Sat, 25 Jul 2020 21:17:33 +0000. Up 19.92 seconds.
[   20.023363] cloud-init[1608]: Cloud-init v. 20.2-45-g5f7825e2-0ubuntu1~16.04.1 finished at Sat, 25 Jul 2020 21:17:33 +0000. Datasource DataSourceNoCloud [seed=/dev/sdb][dsmode=net].  Up 20.01 seconds
[[0;32m  OK  [0m] Started Execute cloud user/final scripts.
[[0;32m  OK  [0m] Reached target Cloud-init target.

Ubuntu 16.04.6 LTS router33 ttyS0

router33 login: 