[    0.000000] Initializing cgroup subsys cpuset
[    0.000000] Initializing cgroup subsys cpu
[    0.000000] Initializing cgroup subsys cpuacct
[    0.000000] Linux version 4.4.0-186-generic (buildd@lcy01-amd64-002) (gcc version 5.4.0 20160609 (Ubuntu 5.4.0-6ubuntu1~16.04.12) ) #216-Ubuntu SMP Wed Jul 1 05:34:05 UTC 2020 (Ubuntu 4.4.0-186.216-generic 4.4.228)
[    0.000000] Command line: BOOT_IMAGE=/boot/vmlinuz-4.4.0-186-generic root=LABEL=cloudimg-rootfs ro console=tty1 console=ttyS0
[    0.000000] KERNEL supported cpus:
[    0.000000]   Intel GenuineIntel
[    0.000000]   AMD AuthenticAMD
[    0.000000]   Centaur CentaurHauls
[    0.000000] ------------[ cut here ]------------
[    0.000000] WARNING: CPU: 0 PID: 0 at /build/linux-OgLptz/linux-4.4.0/arch/x86/kernel/fpu/xstate.c:517 fpu__init_system_xstate+0x37e/0x764()
[    0.000000] XSAVE consistency problem, dumping leaves
[    0.000000] Modules linked in:
[    0.000000] CPU: 0 PID: 0 Comm: swapper Not tainted 4.4.0-186-generic #216-Ubuntu
[    0.000000]  0000000000000086 6c9d04927da45311 ffffffff81e03d80 ffffffff8140ebbb
[    0.000000]  ffffffff81e03dc8 ffffffff81cb4178 ffffffff81e03db8 ffffffff810864b2
[    0.000000]  0000000000000008 0000000000000340 0000000000000100 ffffffff81e03e4c
[    0.000000] Call Trace:
[    0.000000]  [<ffffffff8140ebbb>] dump_stack+0x6d/0x92
[    0.000000]  [<ffffffff810864b2>] warn_slowpath_common+0x82/0xc0
[    0.000000]  [<ffffffff8108654c>] warn_slowpath_fmt+0x5c/0x80
[    0.000000]  [<ffffffff81081fa6>] ? xfeature_size+0x59/0x77
[    0.000000]  [<ffffffff81f78585>] fpu__init_system_xstate+0x37e/0x764
[    0.000000]  [<ffffffff81f68120>] ? early_idt_handler_array+0x120/0x120
[    0.000000]  [<ffffffff81f77f8e>] fpu__init_system+0x1e7/0x28e
[    0.000000]  [<ffffffff81f792ad>] early_cpu_init+0x330/0x335
[    0.000000]  [<ffffffff81f792ad>] ? early_cpu_init+0x330/0x335
[    0.000000]  [<ffffffff81f74535>] setup_arch+0xc0/0xd1f
[    0.000000]  [<ffffffff81f68120>] ? early_idt_handler_array+0x120/0x120
[    0.000000]  [<ffffffff81f68c16>] start_kernel+0xe2/0x4a7
[    0.000000]  [<ffffffff81f68120>] ? early_idt_handler_array+0x120/0x120
[    0.000000]  [<ffffffff81f682da>] x86_64_start_reservations+0x2a/0x2c
[    0.000000]  [<ffffffff81f68426>] x86_64_start_kernel+0x14a/0x16d
[    0.000000] ---[ end trace 4d5ff9f2f68c4233 ]---
[    0.000000] CPUID[0d, 00]: eax=00000007 ebx=00000440 ecx=00000440 edx=00000000
[    0.000000] CPUID[0d, 01]: eax=00000000 ebx=000003c0 ecx=00000000 edx=00000000
[    0.000000] CPUID[0d, 02]: eax=00000100 ebx=00000240 ecx=00000000 edx=00000000
[    0.000000] CPUID[0d, 03]: eax=00000000 ebx=00000000 ecx=00000000 edx=00000000
[    0.000000] CPUID[0d, 04]: eax=00000000 ebx=00000000 ecx=00000000 edx=00000000
[    0.000000] CPUID[0d, 05]: eax=00000000 ebx=00000000 ecx=00000000 edx=00000000
[    0.000000] CPUID[0d, 06]: eax=00000000 ebx=00000000 ecx=00000000 edx=00000000
[    0.000000] CPUID[0d, 07]: eax=00000000 ebx=00000000 ecx=00000000 edx=00000000
[    0.000000] CPUID[0d, 08]: eax=00000000 ebx=00000000 ecx=00000000 edx=00000000
[    0.000000] CPUID[0d, 09]: eax=00000000 ebx=00000000 ecx=00000000 edx=00000000
[    0.000000] CPUID[0d, 0a]: eax=00000000 ebx=00000000 ecx=00000000 edx=00000000
[    0.000000] CPUID[0d, 0b]: eax=00000000 ebx=00000000 ecx=00000000 edx=00000000
[    0.000000] CPUID[0d, 0c]: eax=00000000 ebx=00000000 ecx=00000000 edx=00000000
[    0.000000] CPUID[0d, 0d]: eax=00000000 ebx=00000000 ecx=00000000 edx=00000000
[    0.000000] CPUID[0d, 0e]: eax=00000000 ebx=00000000 ecx=00000000 edx=00000000
[    0.000000] CPUID[0d, 0f]: eax=00000000 ebx=00000000 ecx=00000000 edx=00000000
[    0.000000] CPUID[0d, 10]: eax=00000000 ebx=00000000 ecx=00000000 edx=00000000
[    0.000000] CPUID[0d, 11]: eax=00000000 ebx=00000000 ecx=00000000 edx=00000000
[    0.000000] x86/fpu: xstate_offset[2]:  576, xstate_sizes[2]:  256
[    0.000000] x86/fpu: Supporting XSAVE feature 0x01: 'x87 floating point registers'
[    0.000000] x86/fpu: Supporting XSAVE feature 0x02: 'SSE registers'
[    0.000000] x86/fpu: Supporting XSAVE feature 0x04: 'AVX registers'
[    0.000000] x86/fpu: Enabled xstate features 0x7, context size is 1088 bytes, using 'standard' format.
[    0.000000] e820: BIOS-provided physical RAM map:
[    0.000000] BIOS-e820: [mem 0x0000000000000000-0x000000000009fbff] usable
[    0.000000] BIOS-e820: [mem 0x000000000009fc00-0x000000000009ffff] reserved
[    0.000000] BIOS-e820: [mem 0x00000000000f0000-0x00000000000fffff] reserved
[    0.000000] BIOS-e820: [mem 0x0000000000100000-0x000000003ffeffff] usable
[    0.000000] BIOS-e820: [mem 0x000000003fff0000-0x000000003fffffff] ACPI data
[    0.000000] BIOS-e820: [mem 0x00000000fec00000-0x00000000fec00fff] reserved
[    0.000000] BIOS-e820: [mem 0x00000000fee00000-0x00000000fee00fff] reserved
[    0.000000] BIOS-e820: [mem 0x00000000fffc0000-0x00000000ffffffff] reserved
[    0.000000] NX (Execute Disable) protection: active
[    0.000000] SMBIOS 2.5 present.
[    0.000000] Hypervisor detected: KVM
[    0.000000] e820: last_pfn = 0x3fff0 max_arch_pfn = 0x400000000
[    0.000000] MTRR: Disabled
[    0.000000] x86/PAT: MTRRs disabled, skipping PAT initialization too.
[    0.000000] CPU MTRRs all blank - virtualized system.
[    0.000000] x86/PAT: Configuration [0-7]: WB  WT  UC- UC  WB  WT  UC- UC  
[    0.000000] found SMP MP-table at [mem 0x0009fff0-0x0009ffff] mapped at [ffff88000009fff0]
[    0.000000] Scanning 1 areas for low memory corruption
[    0.000000] RAMDISK: [mem 0x362e2000-0x37168fff]
[    0.000000] ACPI: Early table checksum verification disabled
[    0.000000] ACPI: RSDP 0x00000000000E0000 000024 (v02 VBOX  )
[    0.000000] ACPI: XSDT 0x000000003FFF0030 00003C (v01 VBOX   VBOXXSDT 00000001 ASL  00000061)
[    0.000000] ACPI: FACP 0x000000003FFF00F0 0000F4 (v04 VBOX   VBOXFACP 00000001 ASL  00000061)
[    0.000000] ACPI: DSDT 0x000000003FFF0470 0021FF (v02 VBOX   VBOXBIOS 00000002 INTL 20160108)
[    0.000000] ACPI: FACS 0x000000003FFF0200 000040
[    0.000000] ACPI: FACS 0x000000003FFF0200 000040
[    0.000000] ACPI: APIC 0x000000003FFF0240 00005C (v02 VBOX   VBOXAPIC 00000001 ASL  00000061)
[    0.000000] ACPI: SSDT 0x000000003FFF02A0 0001CC (v01 VBOX   VBOXCPUT 00000002 INTL 20160108)
[    0.000000] No NUMA configuration found
[    0.000000] Faking a node at [mem 0x0000000000000000-0x000000003ffeffff]
[    0.000000] NODE_DATA(0) allocated [mem 0x3ffeb000-0x3ffeffff]
[    0.000000] kvm-clock: Using msrs 4b564d01 and 4b564d00
[    0.000000] kvm-clock: cpu 0, msr 0:3ffe3001, primary cpu clock
[    0.000000] kvm-clock: using sched offset of 3234168576 cycles
[    0.000000] clocksource: kvm-clock: mask: 0xffffffffffffffff max_cycles: 0x1cd42e4dffb, max_idle_ns: 881590591483 ns
[    0.000000] Zone ranges:
[    0.000000]   DMA      [mem 0x0000000000001000-0x0000000000ffffff]
[    0.000000]   DMA32    [mem 0x0000000001000000-0x000000003ffeffff]
[    0.000000]   Normal   empty
[    0.000000]   Device   empty
[    0.000000] Movable zone start for each node
[    0.000000] Early memory node ranges
[    0.000000]   node   0: [mem 0x0000000000001000-0x000000000009efff]
[    0.000000]   node   0: [mem 0x0000000000100000-0x000000003ffeffff]
[    0.000000] Initmem setup node 0 [mem 0x0000000000001000-0x000000003ffeffff]
[    0.000000] ACPI: PM-Timer IO Port: 0x4008
[    0.000000] IOAPIC[0]: apic_id 2, version 32, address 0xfec00000, GSI 0-23
[    0.000000] ACPI: INT_SRC_OVR (bus 0 bus_irq 0 global_irq 2 dfl dfl)
[    0.000000] ACPI: INT_SRC_OVR (bus 0 bus_irq 9 global_irq 9 high level)
[    0.000000] Using ACPI (MADT) for SMP configuration information
[    0.000000] smpboot: Allowing 2 CPUs, 0 hotplug CPUs
[    0.000000] PM: Registered nosave memory: [mem 0x00000000-0x00000fff]
[    0.000000] PM: Registered nosave memory: [mem 0x0009f000-0x0009ffff]
[    0.000000] PM: Registered nosave memory: [mem 0x000a0000-0x000effff]
[    0.000000] PM: Registered nosave memory: [mem 0x000f0000-0x000fffff]
[    0.000000] e820: [mem 0x40000000-0xfebfffff] available for PCI devices
[    0.000000] Booting paravirtualized kernel on KVM
[    0.000000] clocksource: refined-jiffies: mask: 0xffffffff max_cycles: 0xffffffff, max_idle_ns: 7645519600211568 ns
[    0.000000] setup_percpu: NR_CPUS:512 nr_cpumask_bits:512 nr_cpu_ids:2 nr_node_ids:1
[    0.000000] PERCPU: Embedded 33 pages/cpu @ffff88003fc00000 s95512 r8192 d31464 u1048576
[    0.000000] Built 1 zonelists in Node order, mobility grouping on.  Total pages: 257912
[    0.000000] Policy zone: DMA32
[    0.000000] Kernel command line: BOOT_IMAGE=/boot/vmlinuz-4.4.0-186-generic root=LABEL=cloudimg-rootfs ro console=tty1 console=ttyS0
[    0.000000] PID hash table entries: 4096 (order: 3, 32768 bytes)
[    0.000000] Memory: 997668K/1048120K available (8636K kernel code, 1337K rwdata, 4040K rodata, 1492K init, 1296K bss, 50452K reserved, 0K cma-reserved)
[    0.000000] SLUB: HWalign=64, Order=0-3, MinObjects=0, CPUs=2, Nodes=1
[    0.000000] Kernel/User page tables isolation: enabled
[    0.000000] Hierarchical RCU implementation.
[    0.000000] 	Build-time adjustment of leaf fanout to 64.
[    0.000000] 	RCU restricting CPUs from NR_CPUS=512 to nr_cpu_ids=2.
[    0.000000] RCU: Adjusting geometry for rcu_fanout_leaf=64, nr_cpu_ids=2
[    0.000000] NR_IRQS:33024 nr_irqs:440 16
[    0.000000] Console: colour VGA+ 80x25
[    0.000000] console [tty1] enabled
[    0.000000] console [ttyS0] enabled
[    0.000000] tsc: Detected 2207.980 MHz processor
[    2.017529] Calibrating delay loop (skipped) preset value.. 4415.96 BogoMIPS (lpj=8831920)
[    2.050255] pid_max: default: 32768 minimum: 301
[    2.084247] ACPI: Core revision 20150930
[    2.085792] ACPI: 2 ACPI AML tables successfully acquired and loaded
[    2.106481] Security Framework initialized
[    2.139068] Yama: becoming mindful.
[    2.139785] AppArmor: AppArmor initialized
[    2.153228] Dentry cache hash table entries: 131072 (order: 8, 1048576 bytes)
[    2.154754] Inode-cache hash table entries: 65536 (order: 7, 524288 bytes)
[    2.182693] Mount-cache hash table entries: 2048 (order: 2, 16384 bytes)
[    2.226784] Mountpoint-cache hash table entries: 2048 (order: 2, 16384 bytes)
[    2.271484] Initializing cgroup subsys io
[    2.287407] Initializing cgroup subsys memory
[    2.288215] Initializing cgroup subsys devices
[    2.332371] Initializing cgroup subsys freezer
[    2.353820] Initializing cgroup subsys net_cls
[    2.382755] Initializing cgroup subsys perf_event
[    2.396827] Initializing cgroup subsys net_prio
[    2.397799] Initializing cgroup subsys hugetlb
[    2.411352] Initializing cgroup subsys pids
[    2.444671] mce: CPU supports 0 MCE banks
[    2.451965] Last level iTLB entries: 4KB 64, 2MB 8, 4MB 8
[    2.460323] Last level dTLB entries: 4KB 64, 2MB 0, 4MB 0, 1GB 4
[    2.466630] Spectre V1 : Mitigation: usercopy/swapgs barriers and __user pointer sanitization
[    2.481226] Spectre V2 : Mitigation: Full generic retpoline
[    2.482167] Spectre V2 : Spectre v2 / SpectreRSB mitigation: Filling RSB on context switch
[    2.609681] Speculative Store Bypass: Vulnerable
[    2.621290] SRBDS: Unknown: Dependent on hypervisor status
[    2.622448] MDS: Vulnerable: Clear CPU buffers attempted, no microcode
[    2.626330] Freeing SMP alternatives memory: 36K
[    2.636205] ftrace: allocating 32334 entries in 127 pages
[    2.695461] smpboot: APIC(0) Converting physical 0 to logical package 0
[    2.699427] smpboot: Max logical packages: 1
[    2.700451] x2apic enabled
[    2.701217] Switched APIC routing to physical x2apic.
[    2.703051] ..TIMER: vector=0x30 apic1=0 pin1=2 apic2=-1 pin2=-1
[    2.812394] smpboot: CPU0: Intel(R) Core(TM) i3-8130U CPU @ 2.20GHz (family: 0x6, model: 0x8e, stepping: 0xa)
[    2.882211] Performance Events: unsupported p6 CPU model 142 no PMU driver, software events only.
[    2.913256] KVM setup paravirtual spinlock
[    2.920718] x86: Booting SMP configuration:
[    2.974881] .... node  #0, CPUs:      #1
[    2.975673] kvm-clock: cpu 1, msr 0:3ffe3041, secondary cpu clock
[    3.010802] mce: CPU supports 0 MCE banks
[    3.016191] x86: Booted up 1 node, 2 CPUs
[    3.037998] smpboot: Total of 2 processors activated (8831.92 BogoMIPS)
[    3.039248] devtmpfs: initialized
[    3.041476] evm: security.selinux
[    3.054667] evm: security.SMACK64
[    3.055222] evm: security.SMACK64EXEC
[    3.055814] evm: security.SMACK64TRANSMUTE
[    3.056477] evm: security.SMACK64MMAP
[    3.069589] evm: security.ima
[    3.070218] evm: security.capability
[    3.071086] clocksource: jiffies: mask: 0xffffffff max_cycles: 0xffffffff, max_idle_ns: 7645041785100000 ns
[    3.080934] futex hash table entries: 512 (order: 3, 32768 bytes)
[    3.116769] pinctrl core: initialized pinctrl subsystem
[    3.138051] RTC time: 22:30:20, date: 07/25/20
[    3.156139] NET: Registered protocol family 16
[    3.172199] cpuidle: using governor ladder
[    3.196213] cpuidle: using governor menu
[    3.214159] PCCT header not found.
[    3.214945] ACPI: bus type PCI registered
[    3.244421] acpiphp: ACPI Hot Plug PCI Controller Driver version: 0.5
[    3.269074] PCI: Using configuration type 1 for base access
[    3.288262] ACPI: Added _OSI(Module Device)
[    3.324279] ACPI: Added _OSI(Processor Device)
[    3.329320] ACPI: Added _OSI(3.0 _SCP Extensions)
[    3.335323] ACPI: Added _OSI(Processor Aggregator Device)
[    3.336727] ACPI: Executed 1 blocks of module-level executable AML code
[    3.360986] ACPI: Interpreter enabled
[    3.404643] ACPI: (supports S0 S5)
[    3.431440] ACPI: Using IOAPIC for interrupt routing
[    3.456666] PCI: Using host bridge windows from ACPI; if necessary, use "pci=nocrs" and report a bug
[    3.463777] ACPI: PCI Root Bridge [PCI0] (domain 0000 [bus 00-ff])
[    3.517022] acpi PNP0A03:00: _OSC: OS supports [ASPM ClockPM Segments MSI]
[    3.535906] acpi PNP0A03:00: _OSC: not requesting OS control; OS requires [ExtendedConfig ASPM ClockPM MSI]
[    3.581550] acpi PNP0A03:00: fail to add MMCONFIG information, can't access extended PCI configuration space under this bridge.
[    3.583678] PCI host bridge to bus 0000:00
[    3.601826] pci_bus 0000:00: root bus resource [io  0x0000-0x0cf7 window]
[    3.602938] pci_bus 0000:00: root bus resource [io  0x0d00-0xffff window]
[    3.604280] pci_bus 0000:00: root bus resource [mem 0x000a0000-0x000bffff window]
[    3.605698] pci_bus 0000:00: root bus resource [mem 0x40000000-0xffdfffff window]
[    3.635111] pci_bus 0000:00: root bus resource [bus 00-ff]
[    3.637345] pci 0000:00:01.1: legacy IDE quirk: reg 0x10: [io  0x01f0-0x01f7]
[    3.638483] pci 0000:00:01.1: legacy IDE quirk: reg 0x14: [io  0x03f6]
[    3.684891] pci 0000:00:01.1: legacy IDE quirk: reg 0x18: [io  0x0170-0x0177]
[    3.742525] pci 0000:00:01.1: legacy IDE quirk: reg 0x1c: [io  0x0376]
[    3.780828] pci 0000:00:07.0: quirk: [io  0x4000-0x403f] claimed by PIIX4 ACPI
[    3.863608] pci 0000:00:07.0: quirk: [io  0x4100-0x410f] claimed by PIIX4 SMB
[    3.892678] ACPI: PCI Interrupt Link [LNKA] (IRQs 5 9 10 *11)
[    3.919005] ACPI: PCI Interrupt Link [LNKB] (IRQs 5 9 10 *11)
[    3.923390] ACPI: PCI Interrupt Link [LNKC] (IRQs 5 9 *10 11)
[    3.927533] ACPI: PCI Interrupt Link [LNKD] (IRQs 5 *9 10 11)
[    3.949074] ACPI: Enabled 2 GPEs in block 00 to 07
[    3.950472] vgaarb: setting as boot device: PCI:0000:00:02.0
[    3.951487] vgaarb: device added: PCI:0000:00:02.0,decodes=io+mem,owns=io+mem,locks=none
[    3.967395] vgaarb: loaded
[    4.000074] vgaarb: bridge control possible 0000:00:02.0
[    4.006533] SCSI subsystem initialized
[    4.036967] ACPI: bus type USB registered
[    4.062872] usbcore: registered new interface driver usbfs
[    4.119525] usbcore: registered new interface driver hub
[    4.174441] usbcore: registered new device driver usb
[    4.209600] PCI: Using ACPI for IRQ routing
[    4.260092] NetLabel: Initializing
[    4.298600] NetLabel:  domain hash size = 128
[    4.299393] NetLabel:  protocols = UNLABELED CIPSOv4
[    4.328232] NetLabel:  unlabeled traffic allowed by default
[    4.338807] amd_nb: Cannot enumerate AMD northbridges
[    4.402055] clocksource: Switched to clocksource kvm-clock
[    4.504945] AppArmor: AppArmor Filesystem Enabled
[    4.511389] pnp: PnP ACPI init
[    4.516605] pnp: PnP ACPI: found 3 devices
[    4.535273] clocksource: acpi_pm: mask: 0xffffff max_cycles: 0xffffff, max_idle_ns: 2085701024 ns
[    4.671179] NET: Registered protocol family 2
[    4.765233] TCP established hash table entries: 8192 (order: 4, 65536 bytes)
[    4.914555] TCP bind hash table entries: 8192 (order: 5, 131072 bytes)
[    5.079593] TCP: Hash tables configured (established 8192 bind 8192)
[    5.080680] UDP hash table entries: 512 (order: 2, 16384 bytes)
[    5.081678] UDP-Lite hash table entries: 512 (order: 2, 16384 bytes)
[    5.094713] NET: Registered protocol family 1
[    5.115042] pci 0000:00:00.0: Limiting direct PCI/PCI transfers
[    5.116073] pci 0000:00:01.0: Activating ISA DMA hang workarounds
[    5.130586] Unpacking initramfs...
[    5.410306] Freeing initrd memory: 14876K
[    5.434779] clocksource: tsc: mask: 0xffffffffffffffff max_cycles: 0x1fd3a510c30, max_idle_ns: 440795209172 ns
[    5.474857] platform rtc_cmos: registered platform RTC device (no PNP device found)
[    5.515125] Scanning for low memory corruption every 60 seconds
[    5.524944] audit: initializing netlink subsys (disabled)
[    5.556407] audit: type=2000 audit(1595716224.203:1): initialized
[    5.560315] Initialise system trusted keyring
[    5.561178] HugeTLB registered 2 MB page size, pre-allocated 0 pages
[    5.585943] zbud: loaded
[    5.604799] VFS: Disk quotas dquot_6.6.0
[    5.607808] VFS: Dquot-cache hash table entries: 512 (order 0, 4096 bytes)
[    5.635268] squashfs: version 4.0 (2009/01/31) Phillip Lougher
[    5.636542] fuse init (API version 7.23)
[    5.637384] Key type big_key registered
[    5.638136] Allocating IMA MOK and blacklist keyrings.
[    5.640297] Key type asymmetric registered
[    5.644187] Asymmetric key parser 'x509' registered
[    5.645094] Block layer SCSI generic (bsg) driver version 0.4 loaded (major 249)
[    5.664821] io scheduler noop registered
[    5.667510] io scheduler deadline registered (default)
[    5.668458] io scheduler cfq registered
[    5.669261] pci_hotplug: PCI Hot Plug PCI Core version: 0.5
[    5.684861] pciehp: PCI Express Hot Plug Controller Driver version: 0.4
[    5.686115] ACPI: AC Adapter [AC] (on-line)
[    5.704891] input: Power Button as /devices/LNXSYSTM:00/LNXPWRBN:00/input/input0
[    5.708331] ACPI: Power Button [PWRF]
[    5.712148] input: Sleep Button as /devices/LNXSYSTM:00/LNXSLPBN:00/input/input1
[    5.115855] ACPI: Sleep Button [SLPF]
[    5.755314] ACPI: Battery Slot [BAT0] (battery present)
[    5.758067] GHES: HEST is not enabled!
[    5.758894] Serial: 8250/16550 driver, 32 ports, IRQ sharing enabled
[    5.781636] 00:02: ttyS0 at I/O 0x3f8 (irq = 4, base_baud = 115200) is a 16550A
[    5.825976] Linux agpgart interface v0.103
[    5.856033] loo:: module loaded
[    5.884951] scsi host0: ata_piix
[    5.885695] scsi host1: ata_piix
[    5.886372] ata1: PATA max UDMA/33 cmd 0x1f0 ctl 0x3f6 bmdma 0xd000 irq 14
[    5.904970] ata2: PATA max UDMA/33 cmd 0x170 ctl 0x376 bmdma 0xd008 irq 15
[    6.214885] libphy: Fixed MDIO Bus: probed
[    6.219945] tun: Universal TUN/TAP device driver, 1.6
[    6.294447] tun: (C) 1999-2004 Max Krasnyansky <maxk@qualcomm.com>
[    6.375152] PPP generic driver version 2.4.2
[    6.376296] ehci_hcd: USB 2.0 'Enhanced' Host Controller (EHCI) Driver
[    6.377575] ehci-pci: EHCI PCI platform driver
[    6.378579] ehci-platform: EHCI generic platform driver
[    6.379672] ohci_hcd: USB 1.1 'Open' Host Controller (OHCI) Driver
[    6.380903] ohci-pci: OHCI PCI platform driver
[    6.381871] ohci-platform: OHCI generic platform driver
[    6.382988] uhci_hcd: USB Universal Host Controller Interface driver
[    6.384303] i8042: PNP: PS/2 Controller [PNP0303:PS2K,PNP0f03:PS2M] at 0x60,0x64 irq 1,12
[    6.386560] serio: i8042 KBD port at 0x60,0x64 irq 1
[    6.387597] serio: i8042 AUX port at 0x60,0x64 irq 12
[    6.415116] mousedev: PS/2 mouse device common for all mice
[    6.416720] input: AT Translated Set 2 keyboard as /devices/platform/i8042/serio0/input/input2
[    6.418759] rtc_cmos rtc_cmos: rtc core: registered rtc_cmos as rtc0
[    6.420095] rtc_cmos rtc_cmos: alarms up to one day, 114 bytes nvram
[    6.464786] i2c /dev entries driver
[    6.465671] device-mapper: uevent: version 1.0.3
[    6.466744] device-mapper: ioctl: 4.34.0-ioctl (2015-10-28) initialised: dm-devel@redhat.com
[    6.468505] ledtrig-cpu: registered to indicate activity on CPUs
[    6.470115] NET: Registered protocol family 10
[    6.471326] NET: Registered protocol family 17
[    6.472279] Key type dns_resolver registered
[    6.473457] registered taskstats version 1
[    6.485747] Loading compiled-in X.509 certificates
[    6.509002] Loaded X.509 cert 'Build time autogenerated kernel key: cef5e81496c0efa51b848ab539e845ddf31c08be'
[    6.514940] zswap: loaded using pool lzo/zbud
[    6.518897] Key type trusted registered
[    6.560820] Key type encrypted registered
[    6.594407] AppArmor: AppArmor sha1 policy hashing enabled
[    6.595208] ima: No TPM chip found, activating TPM-bypass!
[    6.596008] ima: Allocated hash algorithm: sha1
[    6.596712] evm: HMAC attrs: 0x1
[    6.597562]   Magic number: 12:697:553
[    6.598183] tty ttyS29: hash matches
[    6.598848] rtc_cmos rtc_cmos: setting system clock to 2020-07-25 22:30:23 UTC (1595716223)
[    6.600216] BIOS EDD facility v0.16 2004-Jun-25, 0 devices found
[    6.601062] EDD information not available.
[    6.603373] Freeing unused kernel memory: 1492K
[    6.682123] Write protecting the kernel read-only data: 14336k
[    6.740593] Freeing unused kernel memory: 1592K
[    6.771124] Freeing unused kernel memory: 56K
Loading, please wait...
starting version[    6.804556] random: udevadm: uninitialized urandom read (16 bytes read, 5 bits of entropy available)
 229
[    6.804713] random: systemd-udevd: uninitialized urandom read (16 bytes read, 5 bits of entropy available)
[    6.804842] random: systemd-udevd: uninitialized urandom read (16 bytes read, 5 bits of entropy available)
[    6.804870] random: systemd-udevd: uninitialized urandom read (16 bytes read, 5 bits of entropy available)
[    6.804907] random: systemd-udevd: uninitialized urandom read (16 bytes read, 5 bits of entropy available)
[    7.040116] random: udevadm: uninitialized urandom read (16 bytes read, 5 bits of entropy available)
[    7.110460] random: systemd-udevd: uninitialized urandom read (16 bytes read, 5 bits of entropy available)
[    7.167351] random: systemd-udevd: uninitialized urandom read (16 bytes read, 5 bits of entropy available)
[    7.168657] random: udevadm: uninitialized urandom read (16 bytes read, 5 bits of entropy available)
[    7.168717] random: udevadm: uninitialized urandom read (16 bytes read, 5 bits of entropy available)
[    7.316790] e1000: Intel(R) PRO/1000 Network Driver - version 7.3.21-k8-NAPI
[    7.331373] e1000: Copyright (c) 1999-2006 Intel Corporation.
[    7.342032] Fusion MPT base driver 3.04.20
[    7.354597] Copyright (c) 1999-2008 LSI Corporation
[    7.359854] Fusion MPT SPI Host driver 3.04.20
[    7.385465] AVX version of gcm_enc/dec engaged.
[    7.391783] AES CTR mode by8 optimization enabled
[    7.599265] input: ImExPS/2 Generic Explorer Mouse as /devices/platform/i8042/serio1/input/input4
[    7.692754] e1000 0000:00:03.0 eth0: (PCI:33MHz:32-bit) 02:d4:60:56:24:74
[    7.694473] e1000 0000:00:03.0 eth0: Intel(R) PRO/1000 Network Connection
[    7.751909] mptbase: ioc0: Initiating bringup
[    7.846281] ioc0: LSI53C1030 A0: Capabilities={Initiator}
[    8.049033] scsi host2: ioc0: LSI53C1030 A0, FwRev=00000000h, Ports=1, MaxQ=256, IRQ=20
[    8.216938] scsi 2:0:0:0: Direct-Access     VBOX     HARDDISK         1.0  PQ: 0 ANSI: 5
[    8.284423] scsi target2:0:0: Beginning Domain Validation
[    8.312541] scsi target2:0:0: Domain Validation skipping write tests
[    8.315746] scsi target2:0:0: Ending Domain Validation
[    8.317753] scsi target2:0:0: asynchronous
[    8.326586] scsi 2:0:1:0: Direct-Access     VBOX     HARDDISK         1.0  PQ: 0 ANSI: 5
[    8.358949] scsi target2:0:1: Beginning Domain Validation
[    8.367219] scsi target2:0:1: Domain Validation skipping write tests
[    8.375717] scsi target2:0:1: Ending Domain Validation
[    8.386511] scsi target2:0:1: asynchronous
[    8.418855] sd 2:0:0:0: Attached scsi generic sg0 type 0
[    8.430734] sd 2:0:1:0: Attached scsi generic sg1 type 0
[    8.472244] sd 2:0:1:0: [sdb] 20480 512-byte logical blocks: (10.5 MB/10.0 MiB)
[    8.473307] sd 2:0:0:0: [sda] 20971520 512-byte logical blocks: (10.7 GB/10.0 GiB)
[    8.536460] sd 2:0:0:0: [sda] Write Protect is off
[    8.536649] sd 2:0:1:0: [sdb] Write Protect is off
[    8.536726] sd 2:0:1:0: [sdb] Incomplete mode parameter data
[    8.536727] sd 2:0:1:0: [sdb] Assuming drive cache: write through
[    8.552414] sd 2:0:1:0: [sdb] Attached SCSI disk
[    8.557137] sd 2:0:0:0: [sda] Incomplete mode parameter data
[    8.573045] e1000 0000:00:08.0 eth1: (PCI:33MHz:32-bit) 08:00:27:7d:6c:9f
[    8.573047] e1000 0000:00:08.0 eth1: Intel(R) PRO/1000 Network Connection
[    8.605539] e1000 0000:00:08.0 enp0s8: renamed from eth1
[    8.795355] sd 2:0:0:0: [sda] Assuming drive cache: write through
[    8.807064] e1000 0000:00:03.0 enp0s3: renamed from eth0
[    8.885813]  sda: sda1
[    8.899941] sd 2:0:0:0: [sda] Attached SCSI disk
Begin: Loading e[   10.245210] md: linear personality registered for level -1
ssential drivers ... [   10.253090] md: multipath personality registered for level -4
[   10.261611] md: raid0 personality registered for level 0
[   10.267236] md: raid1 personality registered for level 1
[   10.354077] raid6: sse2x1   gen() 11106 MB/s
[   10.426087] raid6: sse2x1   xor()  8637 MB/s
[   10.498097] raid6: sse2x2   gen() 14496 MB/s
[   10.570126] raid6: sse2x2   xor()  9289 MB/s
[   10.666080] raid6: sse2x4   gen() 15841 MB/s
[   10.762077] raid6: sse2x4   xor() 10417 MB/s
[   10.795611] raid6: using algorithm sse2x4 gen() 15841 MB/s
[   10.808228] raid6: .... xor() 10417 MB/s, rmw enabled
[   10.814252] raid6: using ssse3x2 recovery algorithm
[   10.816065] xor: automatically using best checksumming function:
[   10.864034]    avx       : 44117.000 MB/sec
[   10.915759] async_tx: api initialized (async)
[   10.926128] md: raid6 personality registered for level 6
[   10.932219] md: raid5 personality registered for level 5
[   10.947733] md: raid4 personality registered for level 4
[   10.955932] md: raid10 personality registered for level 10
done.
Begin: Running /scripts/init-p[   10.997669] Btrfs loaded
remount ... done.
Begin: Mounting root file system ... Begin: Running /scripts/local-top ... done.
Begin: Running /scripts/local-premount ... Scanning for Btrfs filesystems
done.
Warning: fsck not present, so skipping root file[   11.048881] EXT4-fs (sda1): mounted filesystem with ordered data mode. Opts: (null)
 system
done.
Begin: Running /scripts/local-bottom ... done.
Begin: Running /scripts/init-bottom ... done.
[   11.168858] systemd[1]: systemd 229 running in system mode. (+PAM +AUDIT +SELINUX +IMA +APPARMOR +SMACK +SYSVINIT +UTMP +LIBCRYPTSETUP +GCRYPT +GNUTLS +ACL +XZ -LZ4 +SECCOMP +BLKID +ELFUTILS +KMOD -IDN)
[   11.221829] systemd[1]: Detected virtualization oracle.
[   11.222766] systemd[1]: Detected architecture x86-64.

Welcome to [1mUbuntu 16.04.6 LTS[0m!

[   11.240330] systemd[1]: Set hostname to <vague-web-server>.
[   11.381064] systemd[1]: Started Trigger resolvconf update for networkd DNS.
[[0;32m  OK  [0m] Started Trigger resolvconf update for networkd DNS.
[   11.412587] systemd[1]: Created slice System Slice.
[[0;32m  OK  [0m] Created slice System Slice.
[   11.414526] systemd[1]: Listening on Device-mapper event daemon FIFOs.
[[0;32m  OK  [0m] Listening on Device-mapper event daemon FIFOs.
[   11.416853] systemd[1]: Listening on Journal Audit Socket.
[[0;32m  OK  [0m] Listening on Journal Audit Socket.
[   11.419051] systemd[1]: Set up automount Arbitrary Executable File Formats File System Automount Point.
[[0;32m  OK  [0m] Set up automount Arbitrary Executab...ats File System Automount Point.
[   11.434732] systemd[1]: Created slice system-serial\x2dgetty.slice.
[[0;32m  OK  [0m] Created slice system-serial\x2dgetty.slice.
[   11.442644] systemd[1]: Listening on Journal Socket.
[[0;32m  OK  [0m] Listening on Journal Socket.
[   11.466379] systemd[1]: Starting Uncomplicated firewall...
         Starting Uncomplicated firewall...
[   11.554250] systemd[1]: Starting Load Kernel Modules...
         Starting Load Kernel Modules...
[   11.563280] systemd[1]: Starting Create list of required static device nodes for the current kernel...
         Starting Create [   11.615261] Loading iSCSI transport class v2.0-870.
list of required st... nodes for the current kernel...
[   11.685860] systemd[1]: Mounting Debug File System...
         [   11.696969] iscsi: registered transport (tcp)
Mounting Debug F[   11.757006] random: nonblocking pool is initialized
ile System...
[   11.822146] systemd[1]: Mounting POSIX Message Queue File System...
[   11.896733] iscsi: registered transport (iser)
         Mounting POSIX Message Queue File System...
[   11.914324] systemd[1]: Listening on Syslog Socket.
[[0;32m  OK  [0m] Listening on Syslog Socket.
[   12.044283] systemd[1]: Reached target User and Group Name Lookups.
[[0;32m  OK  [0m] Reached target User and Group Name Lookups.
[   12.122220] systemd[1]: Mounting Huge Pages File System...
         Mounting Huge Pages File System...
[   12.163859] systemd[1]: Reached target Swap.
[[0;32m  OK  [0m] Reached target Swap.
[   12.210499] systemd[1]: Listening on LVM2 poll daemon socket.
[[0;32m  OK  [0m] Listening on LVM2 poll daemon socket.
[   12.240574] systemd[1]: Listening on udev Control Socket.
[[0;32m  OK  [0m] Listening on udev Control Socket.
[   12.266448] systemd[1]: Starting Set console keymap...
         Starting Set console keymap...
[   12.287854] systemd[1]: Listening on LVM2 metadata daemon socket.
[[0;32m  OK  [0m] Listening on LVM2 metadata daemon socket.
[   12.346259] systemd[1]: Starting Monitoring of LVM2 mirrors, snapshots etc. using dmeventd or progress polling...
         Starting Monitoring of LVM2 mirrors... dmeventd or progress polling...
[   12.356516] systemd[1]: Starting Nameserver information manager...
         Starting Nameserver information manager...
[   12.378216] systemd[1]: Created slice User and Session Slice.
[[0;32m  OK  [0m] Created slice User and Session Slice.
[   12.397846] systemd[1]: Started Forward Password Requests to Wall Directory Watch.
[[0;32m  OK  [0m] Started Forward Password Requests to Wall Directory Watch.
[   12.442213] systemd[1]: Starting Remount Root and Kernel File Systems...
         [   12.492326] EXT4-fs (sda1): re-mounted. Opts: (null)
Starting Remount Root and Kernel File Systems...
[   12.532072] systemd[1]: Listening on /dev/initctl Compatibility Named Pipe.
[[0;32m  OK  [0m] Listening on /dev/initctl Compatibility Named Pipe.
[   12.561710] systemd[1]: Listening on udev Kernel Socket.
[[0;32m  OK  [0m] Listening on udev Kernel Socket.
[   12.593264] systemd[1]: Reached target Encrypted Volumes.
[[0;32m  OK  [0m] Reached target Encrypted Volumes.
[   12.635233] systemd[1]: Listening on Journal Socket (/dev/log).
[[0;32m  OK  [0m] Listening on Journal Socket (/dev/log).
[   12.654267] systemd[1]: Starting Journal Service...
         Starting Journal Service...
[   12.742394] systemd[1]: Reached target System Time Synchronized.
[[0;32m  OK  [0m] Reached target System Time Synchronized.
[   12.761039] systemd[1]: Reached target Slices.
[[0;32m  OK  [0m] Reached target Slices.
[   12.807005] systemd[1]: Mounted Debug File System.
[[0;32m  OK  [0m] Mounted Debug File System.
[   12.894242] systemd[1]: Mounted POSIX Message Queue File System.
[[0;32m  OK  [0m] Mounted POSIX Message Queue File System.
[   12.969692] systemd[1]: Mounted Huge Pages File System.
[[0;32m  OK  [0m] Mounted Huge Pages File System.
[   12.971772] systemd[1]: Started Journal Service.
[[0;32m  OK  [0m] Started Journal Service.
[[0;32m  OK  [0m] Started Uncomplicated firewall.
[[0;32m  OK  [0m] Started Load Kernel Modules.
[[0;32m  OK  [0m] Started Create list of required sta...ce nodes for the current kernel.
[[0;32m  OK  [0m] Started Set console keymap.
[[0;32m  OK  [0m] Started Remount Root and Kernel File Systems.
[[0;32m  OK  [0m] Started Nameserver information manager.
[[0;32m  OK  [0m] Started LVM2 metadata daemon.
         Starting Load/Save Random Seed...
         Starting udev Coldplug all Devices...
         Starting Create Static Device Nodes in /dev...
         Starting Apply Kernel Variables...
         Mounting FUSE Control File System...
         Starting Flush Journal to Persistent Storage...
[[0;32m  OK  [0m] Mounted FUSE Control File System.
[[0;32m  OK  [0m] Started Load/Save Random Seed.
[[0;32m  OK  [0m] Started Create Static Device Nodes in /dev.
[[0;32m  OK  [0m] Started Apply Kernel Variables.
[[0;32m  OK  [0m] Started udev Coldplug all Devices.
         Starting udev Kernel Device Manager...
[[0;32m  OK  [0m] Started Flush Journal to Persistent Storage.
[[0;32m  OK  [0m] Started udev Kernel Device Manager.
[[0;32m  OK  [0m] Started Dispatch Password Requests to Console Directory Watch.
[[0;32m  OK  [0m] Started Monitoring of LVM2 mirrors,...ng dmeventd or progress polling.
[[0;32m  OK  [0m] Found device /dev/ttyS0.
[[0;32m  OK  [0m] Listening on Load/Save RF Kill Switch Status /dev/rfkill Watch.
[[0;32m  OK  [0m] Reached target Local File Systems (Pre).
[[0;32m  OK  [0m] Reached target Local File Systems.
         Starting Set console font and keymap...
         Starting Create Volatile Files and Directories...
         Starting Tell Plymouth To Write Out Runtime Data...
         Starting Initial cloud-init job (pre-networking)...
         Starting LSB: AppArmor initialization...
[[0;32m  OK  [0m] Started Create Volatile Files and Directories.
[[0;32m  OK  [0m] Started Tell Plymouth To Write Out Runtime Data.
         Starting Update UTMP about System Boot/Shutdown...
[[0;32m  OK  [0m] Started Set console font and keymap.
[[0;32m  OK  [0m] Created slice system-getty.slice.
[[0;32m  OK  [0m] Started Update UTMP about System Boot/Shutdown.
[[0;32m  OK  [0m] Found device 82540EM Gigabit Ethern...r (PRO/1000 MT Desktop Adapter).
[[0;32m  OK  [0m] Started LSB: AppArmor initialization.
         Starting Load AppArmor profiles managed internally by snapd...
[[0;32m  OK  [0m] Started Load AppArmor profiles managed internally by snapd.
[   11.216280] cloud-init[666]: Cloud-init v. 20.2-45-g5f7825e2-0ubuntu1~16.04.1 running 'init-local' at Sat, 25 Jul 2020 22:30:31 +0000. Up 11.00 seconds.
[[0;32m  OK  [0m] Started Initial cloud-init job (pre-networking).
[[0;32m  OK  [0m] Reached target Network (Pre).
[[0;32m  OK  [0m] Started ifup for enp0s3.
         Starting Raise network interfaces...
[[0;32m  OK  [0m] Started ifup for enp0s8.
[[0;32m  OK  [0m] Started Raise network interfaces.
[[0;32m  OK  [0m] Reached target Network.
         Starting Initial cloud-init job (metadata service crawler)...
[   12.036240] cloud-init[1074]: Cloud-init v. 20.2-45-g5f7825e2-0ubuntu1~16.04.1 running 'init' at Sat, 25 Jul 2020 22:30:32 +0000. Up 11.81 seconds.
[[0;32m  OK  [0m] Started Initial cloud-init job (metadata service crawler).
[[0;32m  OK  [0m] Reached target Network is Online.
[   12.143788] cloud-init[1074]: ci-info: ++++++++++++++++++++++++++++++++++++++Net device info+++++++++++++++++++++++++++++++++++++++
         Starting iSCSI initiator daemon (iscsid)...
[[0;32m  OK  [0m] Reached target Cloud-config availability.
[   12.238322] cloud-init[1074]: ci-info: +--------+------+-----------------------------+---------------+--------+-------------------+
[[0;32m  OK  [0m] Reached target System Initialization.
[   12.304223] cloud-init[1074]: ci-info: | Device |  Up  |           Address           |      Mask     | Scope  |     Hw-Address    |
[   12.396717] cloud-init[1074]: ci-info: +--------+------+-----------------------------+---------------+--------+-------------------+
[[0;32m  OK  [0m] Started Daily apt download activities.
[[0;32m  OK  [0m] Listening on D-Bus System Message Bus Socket.
         Starting Socket activation for snappy daemon.
[[0;32m  OK  [0m] Started Message of the Day.
[[0;32m  OK  [0m] Started Daily Cleanup of Temporary Directories.
[   12.415058] cloud-init[1074]: ci-info: | enp0s3 | True |          10.0.2.15          | 255.255.255.0 | global | 02:d4:60:56:24:74 |
[   12.568725] cloud-init[1074]: ci-info: | enp0s3 | True |  fe80::d4:60ff:fe56:2474/64 |       .       |  link  | 02:d4:60:56:24:74 |
[   12.633582] cloud-init[1074]: ci-info: | enp0s8 | True |         192.168.3.2         | 255.255.255.0 | global | 08:00:27:7d:6c:9f |
         Starting LXD - unix socket.
[[0;32m  OK  [0m] Listening on ACPID Listen Socket.
[   12.679271] cloud-init[1074]: ci-info: | enp0s8 | True | fe80::a00:27ff:fe7d:6c9f/64 |       .       |  link  | 08:00:27:7d:6c:9f |
[   12.804826] cloud-init[1074]: ci-info: |   lo   | True |          127.0.0.1          |   255.0.0.0   |  host  |         .         |
[   12.813117] cloud-init[1074]: ci-info: |   lo   | True |           ::1/128           |       .       |  host  |         .         |
[[0;32m  OK  [0m] Started ACPI Events Check.
[   12.890373] cloud-init[1074]: ci-info: +--------+------+-----------------------------+---------------+--------+-------------------+
[   12.901034] cloud-init[1074]: ci-info: ++++++++++++++++++++++++++++++Route IPv4 info++++++++++++++++++++++++++++++
[   12.901532] cloud-init[1074]: ci-info: +-------+-------------+---------------+---------------+-----------+-------+
[   12.902556] cloud-init[1074]: ci-info: | Route | Destination |    Gateway    |    Genmask    | Interface | Flags |
[   12.902698] cloud-init[1074]: ci-info: +-------+-------------+---------------+---------------+-----------+-------+
[   12.902839] cloud-init[1074]: ci-info: |   0   |   0.0.0.0   |    10.0.2.2   |    0.0.0.0    |   enp0s3  |   UG  |
[   12.902961] cloud-init[1074]: ci-info: |   1   |   10.0.2.0  |    0.0.0.0    | 255.255.255.0 |   enp0s3  |   U   |
[   12.903080] cloud-init[1074]: ci-info: |   2   | 192.168.0.0 | 192.168.3.254 |  255.255.0.0  |   enp0s8  |   UG  |
[   12.903224] cloud-init[1074]: ci-info: |   3   | 192.168.3.0 |    0.0.0.0    | 255.255.255.0 |   enp0s8  |   U   |
[   12.903344] cloud-init[1074]: ci-info: +-------+-------------+---------------+---------------+-----------+-------+
[[0;32m  OK  [0m] Reached target Paths.
[[0;32m  OK  [0m] Listening on UUID daemon activation socket.
[   12.904576] cloud-init[1074]: ci-info: +++++++++++++++++++Route IPv6 info+++++++++++++++++++
[   13.172614] cloud-init[1074]: ci-info: +-------+-------------+---------+-----------+-------+
[   13.172875] cloud-init[1074]: ci-info: | Route | Destination | Gateway | Interface | Flags |
[   13.173006] cloud-init[1074]: ci-info: +-------+-------------+---------+-----------+-------+
[   13.173126] cloud-init[1074]: ci-info: |   0   |  fe80::/64  |    ::   |   enp0s3  |   U   |
[   13.173244] cloud-init[1074]: ci-info: |   1   |  fe80::/64  |    ::   |   enp0s8  |   U   |
[   13.173363] cloud-init[1074]: ci-info: |   4   |   ff00::/8  |    ::   |   enp0s3  |   U   |
[   13.173508] cloud-init[1074]: ci-info: |   5   |   ff00::/8  |    ::   |   enp0s8  |   U   |
[   13.173629] cloud-init[1074]: ci-info: +-------+-------------+---------+-----------+-------+
[[0;32m  OK  [0m] Started Daily apt upgrade and clean activities.
[[0;32m  OK  [0m] Reached target Timers.
[[0;32m  OK  [0m] Listening on Socket activation for snappy daemon.
[[0;32m  OK  [0m] Listening on LXD - unix socket.
[[0;32m  OK  [0m] Started iSCSI initiator daemon (iscsid).
         Starting Login to default iSCSI targets...
[[0;32m  OK  [0m] Reached target Sockets.
[[0;32m  OK  [0m] Reached target Basic System.
[[0;32m  OK  [0m] Started ACPI event daemon.
         Starting Virtualbox guest utils...
[[0;32m  OK  [0m] Started FUSE filesystem for LXC.
         Starting LXD - container startup/shutdown...
         Starting LSB: MD monitoring daemon...
         Starting LSB: Record successful boot for GRUB...
         Starting Accounts Service...
[[0;32m  OK  [0m] Started D-Bus System Message Bus.
[[0;32m  OK  [0m] Started Regular background program processing daemon.
         Starting System Logging Service...
         Starting Login Service...
[[0;32m  OK  [0m] Started Deferred execution scheduler.
         Starting OpenBSD Secure Shell server...
         Starting /etc/rc.local Compatibility...
         Starting Snap Daemon...
[[0;32m  OK  [0m] Started System Logging Service.
[[0;32m  OK  [0m] Started LXD - container startup/shutdown.
[[0;32m  OK  [0m] Started /etc/rc.local Compatibility.
[[0;32m  OK  [0m] Started OpenBSD Secure Shell server.
[[0;32m  OK  [0m] Started LSB: Record successful boot for GRUB.
[[0;32m  OK  [0m] Started LSB: MD monitoring daemon.
[[0;32m  OK  [0m] Started Login to default iSCSI targets.
[[0;32m  OK  [0m] Started Virtualbox guest utils.
[[0;32m  OK  [0m] Reached target Remote File Systems (Pre).
[[0;32m  OK  [0m] Reached target Remote File Systems.
         Starting Permit User Sessions...
         Starting LSB: automatic crash report generation...
         Starting LSB: Set the CPU Frequency Scaling governor to "ondemand"...
         Starting LSB: daemon to balance interrupts for SMP systems...
         Starting Authenticate and Authorize Users to Run Privileged Tasks...
[[0;32m  OK  [0m] Started Snap Daemon.
[[0;32m  OK  [0m] Started Permit User Sessions.
[[0;32m  OK  [0m] Started Login Service.
[[0;32m  OK  [0m] Started Authenticate and Authorize Users to Run Privileged Tasks.
[[0;32m  OK  [0m] Started Accounts Service.
[[0;32m  OK  [0m] Started Unattended Upgrades Shutdown.
         Starting Hold until boot process finishes up...
         Starting Terminate Plymouth Boot Screen...
         Starting Wait until snapd is fully seeded...
[[0;32m  OK  [0m] Started LSB: automatic crash report generation.
[[0;32m  OK  [0m] Started LSB: Set the CPU Frequency Scaling governor to "ondemand".
[[0;32m  OK  [0m] Started LSB: daemon to balance interrupts for SMP systems.
[[0;32m  OK  [0m] Started Hold until boot process finishes up.
[[0;32m  OK  [0m] Started Terminate Plymouth Boot Screen.
[[0;32m  OK  [0m] Started Wait until snapd is fully seeded.
         Starting Apply the settings specified in cloud-config...
         Starting Set console scheme...
[[0;32m  OK  [0m] Started Getty on tty1.
[[0;32m  OK  [0m] Started Serial Getty on ttyS0.
[[0;32m  OK  [0m] Reached target Login Prompts.
[[0;32m  OK  [0m] Reached target Multi-User System.
[[0;32m  OK  [0m] Reached target Graphical Interface.
         Starting Update UTMP about System Runlevel Changes...
[[0;32m  OK  [0m] Started Set console scheme.
[[0;32m  OK  [0m] Started Update UTMP about System Runlevel Changes.
[   14.658549] cloud-init[1322]: Cloud-init v. 20.2-45-g5f7825e2-0ubuntu1~16.04.1 running 'modules:config' at Sat, 25 Jul 2020 22:30:35 +0000. Up 14.57 seconds.
[[0;32m  OK  [0m] Started Apply the settings specified in cloud-config.
         Starting Execute cloud user/final scripts...
[   15.071264] cloud-init[1344]: Cloud-init v. 20.2-45-g5f7825e2-0ubuntu1~16.04.1 running 'modules:final' at Sat, 25 Jul 2020 22:30:35 +0000. Up 14.97 seconds.
[   15.100815] cloud-init[1344]: Cloud-init v. 20.2-45-g5f7825e2-0ubuntu1~16.04.1 finished at Sat, 25 Jul 2020 22:30:35 +0000. Datasource DataSourceNoCloud [seed=/dev/sdb][dsmode=net].  Up 15.06 seconds
[[0;32m  OK  [0m] Started Execute cloud user/final scripts.
[[0;32m  OK  [0m] Reached target Cloud-init target.

Ubuntu 16.04.6 LTS vague-web-server ttyS0

vague-web-server login: 