[    0.000000] Initializing cgroup subsys cpuset
[    0.000000] Initializing cgroup subsys cpu
[    0.000000] Initializing cgroup subsys cpuacct
[    0.000000] Linux version 4.4.0-186-generic (buildd@lcy01-amd64-002) (gcc version 5.4.0 20160609 (Ubuntu 5.4.0-6ubuntu1~16.04.12) ) #216-Ubuntu SMP Wed Jul 1 05:34:05 UTC 2020 (Ubuntu 4.4.0-186.216-generic 4.4.228)
[    0.000000] Command line: BOOT_IMAGE=/boot/vmlinuz-4.4.0-186-generic root=LABEL=cloudimg-rootfs ro console=tty1 console=ttyS0
[    0.000000] KERNEL supported cpus:
[    0.000000]   Intel GenuineIntel
[    0.000000]   AMD AuthenticAMD
[    0.000000]   Centaur CentaurHauls
[    0.000000] ------------[ cut here ]------------
[    0.000000] WARNING: CPU: 0 PID: 0 at /build/linux-OgLptz/linux-4.4.0/arch/x86/kernel/fpu/xstate.c:517 fpu__init_system_xstate+0x37e/0x764()
[    0.000000] XSAVE consistency problem, dumping leaves
[    0.000000] Modules linked in:
[    0.000000] CPU: 0 PID: 0 Comm: swapper Not tainted 4.4.0-186-generic #216-Ubuntu
[    0.000000]  0000000000000086 6570d935767827b4 ffffffff81e03d80 ffffffff8140ebbb
[    0.000000]  ffffffff81e03dc8 ffffffff81cb4178 ffffffff81e03db8 ffffffff810864b2
[    0.000000]  0000000000000008 0000000000000340 0000000000000100 ffffffff81e03e4c
[    0.000000] Call Trace:
[    0.000000]  [<ffffffff8140ebbb>] dump_stack+0x6d/0x92
[    0.000000]  [<ffffffff810864b2>] warn_slowpath_common+0x82/0xc0
[    0.000000]  [<ffffffff8108654c>] warn_slowpath_fmt+0x5c/0x80
[    0.000000]  [<ffffffff81081fa6>] ? xfeature_size+0x59/0x77
[    0.000000]  [<ffffffff81f78585>] fpu__init_system_xstate+0x37e/0x764
[    0.000000]  [<ffffffff81f68120>] ? early_idt_handler_array+0x120/0x120
[    0.000000]  [<ffffffff81f77f8e>] fpu__init_system+0x1e7/0x28e
[    0.000000]  [<ffffffff81f792ad>] early_cpu_init+0x330/0x335
[    0.000000]  [<ffffffff81f792ad>] ? early_cpu_init+0x330/0x335
[    0.000000]  [<ffffffff81f74535>] setup_arch+0xc0/0xd1f
[    0.000000]  [<ffffffff81f68120>] ? early_idt_handler_array+0x120/0x120
[    0.000000]  [<ffffffff81f68c16>] start_kernel+0xe2/0x4a7
[    0.000000]  [<ffffffff81f68120>] ? early_idt_handler_array+0x120/0x120
[    0.000000]  [<ffffffff81f682da>] x86_64_start_reservations+0x2a/0x2c
[    0.000000]  [<ffffffff81f68426>] x86_64_start_kernel+0x14a/0x16d
[    0.000000] ---[ end trace 4d5ff9f2f68c4233 ]---
[    0.000000] CPUID[0d, 00]: eax=00000007 ebx=00000440 ecx=00000440 edx=00000000
[    0.000000] CPUID[0d, 01]: eax=00000000 ebx=000003c0 ecx=00000000 edx=00000000
[    0.000000] CPUID[0d, 02]: eax=00000100 ebx=00000240 ecx=00000000 edx=00000000
[    0.000000] CPUID[0d, 03]: eax=00000000 ebx=00000000 ecx=00000000 edx=00000000
[    0.000000] CPUID[0d, 04]: eax=00000000 ebx=00000000 ecx=00000000 edx=00000000
[    0.000000] CPUID[0d, 05]: eax=00000000 ebx=00000000 ecx=00000000 edx=00000000
[    0.000000] CPUID[0d, 06]: eax=00000000 ebx=00000000 ecx=00000000 edx=00000000
[    0.000000] CPUID[0d, 07]: eax=00000000 ebx=00000000 ecx=00000000 edx=00000000
[    0.000000] CPUID[0d, 08]: eax=00000000 ebx=00000000 ecx=00000000 edx=00000000
[    0.000000] CPUID[0d, 09]: eax=00000000 ebx=00000000 ecx=00000000 edx=00000000
[    0.000000] CPUID[0d, 0a]: eax=00000000 ebx=00000000 ecx=00000000 edx=00000000
[    0.000000] CPUID[0d, 0b]: eax=00000000 ebx=00000000 ecx=00000000 edx=00000000
[    0.000000] CPUID[0d, 0c]: eax=00000000 ebx=00000000 ecx=00000000 edx=00000000
[    0.000000] CPUID[0d, 0d]: eax=00000000 ebx=00000000 ecx=00000000 edx=00000000
[    0.000000] CPUID[0d, 0e]: eax=00000000 ebx=00000000 ecx=00000000 edx=00000000
[    0.000000] CPUID[0d, 0f]: eax=00000000 ebx=00000000 ecx=00000000 edx=00000000
[    0.000000] CPUID[0d, 10]: eax=00000000 ebx=00000000 ecx=00000000 edx=00000000
[    0.000000] CPUID[0d, 11]: eax=00000000 ebx=00000000 ecx=00000000 edx=00000000
[    0.000000] x86/fpu: xstate_offset[2]:  576, xstate_sizes[2]:  256
[    0.000000] x86/fpu: Supporting XSAVE feature 0x01: 'x87 floating point registers'
[    0.000000] x86/fpu: Supporting XSAVE feature 0x02: 'SSE registers'
[    0.000000] x86/fpu: Supporting XSAVE feature 0x04: 'AVX registers'
[    0.000000] x86/fpu: Enabled xstate features 0x7, context size is 1088 bytes, using 'standard' format.
[    0.000000] e820: BIOS-provided physical RAM map:
[    0.000000] BIOS-e820: [mem 0x0000000000000000-0x000000000009fbff] usable
[    0.000000] BIOS-e820: [mem 0x000000000009fc00-0x000000000009ffff] reserved
[    0.000000] BIOS-e820: [mem 0x00000000000f0000-0x00000000000fffff] reserved
[    0.000000] BIOS-e820: [mem 0x0000000000100000-0x000000003ffeffff] usable
[    0.000000] BIOS-e820: [mem 0x000000003fff0000-0x000000003fffffff] ACPI data
[    0.000000] BIOS-e820: [mem 0x00000000fec00000-0x00000000fec00fff] reserved
[    0.000000] BIOS-e820: [mem 0x00000000fee00000-0x00000000fee00fff] reserved
[    0.000000] BIOS-e820: [mem 0x00000000fffc0000-0x00000000ffffffff] reserved
[    0.000000] NX (Execute Disable) protection: active
[    0.000000] SMBIOS 2.5 present.
[    0.000000] Hypervisor detected: KVM
[    0.000000] e820: last_pfn = 0x3fff0 max_arch_pfn = 0x400000000
[    0.000000] MTRR: Disabled
[    0.000000] x86/PAT: MTRRs disabled, skipping PAT initialization too.
[    0.000000] CPU MTRRs all blank - virtualized system.
[    0.000000] x86/PAT: Configuration [0-7]: WB  WT  UC- UC  WB  WT  UC- UC  
[    0.000000] found SMP MP-table at [mem 0x0009fff0-0x0009ffff] mapped at [ffff88000009fff0]
[    0.000000] Scanning 1 areas for low memory corruption
[    0.000000] RAMDISK: [mem 0x362e2000-0x37168fff]
[    0.000000] ACPI: Early table checksum verification disabled
[    0.000000] ACPI: RSDP 0x00000000000E0000 000024 (v02 VBOX  )
[    0.000000] ACPI: XSDT 0x000000003FFF0030 00003C (v01 VBOX   VBOXXSDT 00000001 ASL  00000061)
[    0.000000] ACPI: FACP 0x000000003FFF00F0 0000F4 (v04 VBOX   VBOXFACP 00000001 ASL  00000061)
[    0.000000] ACPI: DSDT 0x000000003FFF0470 0021FF (v02 VBOX   VBOXBIOS 00000002 INTL 20160108)
[    0.000000] ACPI: FACS 0x000000003FFF0200 000040
[    0.000000] ACPI: FACS 0x000000003FFF0200 000040
[    0.000000] ACPI: APIC 0x000000003FFF0240 00005C (v02 VBOX   VBOXAPIC 00000001 ASL  00000061)
[    0.000000] ACPI: SSDT 0x000000003FFF02A0 0001CC (v01 VBOX   VBOXCPUT 00000002 INTL 20160108)
[    0.000000] No NUMA configuration found
[    0.000000] Faking a node at [mem 0x0000000000000000-0x000000003ffeffff]
[    0.000000] NODE_DATA(0) allocated [mem 0x3ffeb000-0x3ffeffff]
[    0.000000] kvm-clock: Using msrs 4b564d01 and 4b564d00
[    0.000000] kvm-clock: cpu 0, msr 0:3ffe3001, primary cpu clock
[    0.000000] kvm-clock: using sched offset of 3173172189 cycles
[    0.000000] clocksource: kvm-clock: mask: 0xffffffffffffffff max_cycles: 0x1cd42e4dffb, max_idle_ns: 881590591483 ns
[    0.000000] Zone ranges:
[    0.000000]   DMA      [mem 0x0000000000001000-0x0000000000ffffff]
[    0.000000]   DMA32    [mem 0x0000000001000000-0x000000003ffeffff]
[    0.000000]   Normal   empty
[    0.000000]   Device   empty
[    0.000000] Movable zone start for each node
[    0.000000] Early memory node ranges
[    0.000000]   node   0: [mem 0x0000000000001000-0x000000000009efff]
[    0.000000]   node   0: [mem 0x0000000000100000-0x000000003ffeffff]
[    0.000000] Initmem setup node 0 [mem 0x0000000000001000-0x000000003ffeffff]
[    0.000000] ACPI: PM-Timer IO Port: 0x4008
[    0.000000] IOAPIC[0]: apic_id 2, version 32, address 0xfec00000, GSI 0-23
[    0.000000] ACPI: INT_SRC_OVR (bus 0 bus_irq 0 global_irq 2 dfl dfl)
[    0.000000] ACPI: INT_SRC_OVR (bus 0 bus_irq 9 global_irq 9 high level)
[    0.000000] Using ACPI (MADT) for SMP configuration information
[    0.000000] smpboot: Allowing 2 CPUs, 0 hotplug CPUs
[    0.000000] PM: Registered nosave memory: [mem 0x00000000-0x00000fff]
[    0.000000] PM: Registered nosave memory: [mem 0x0009f000-0x0009ffff]
[    0.000000] PM: Registered nosave memory: [mem 0x000a0000-0x000effff]
[    0.000000] PM: Registered nosave memory: [mem 0x000f0000-0x000fffff]
[    0.000000] e820: [mem 0x40000000-0xfebfffff] available for PCI devices
[    0.000000] Booting paravirtualized kernel on KVM
[    0.000000] clocksource: refined-jiffies: mask: 0xffffffff max_cycles: 0xffffffff, max_idle_ns: 7645519600211568 ns
[    0.000000] setup_percpu: NR_CPUS:512 nr_cpumask_bits:512 nr_cpu_ids:2 nr_node_ids:1
[    0.000000] PERCPU: Embedded 33 pages/cpu @ffff88003fc00000 s95512 r8192 d31464 u1048576
[    0.000000] Built 1 zonelists in Node order, mobility grouping on.  Total pages: 257912
[    0.000000] Policy zone: DMA32
[    0.000000] Kernel command line: BOOT_IMAGE=/boot/vmlinuz-4.4.0-186-generic root=LABEL=cloudimg-rootfs ro console=tty1 console=ttyS0
[    0.000000] PID hash table entries: 4096 (order: 3, 32768 bytes)
[    0.000000] Memory: 997668K/1048120K available (8636K kernel code, 1337K rwdata, 4040K rodata, 1492K init, 1296K bss, 50452K reserved, 0K cma-reserved)
[    0.000000] SLUB: HWalign=64, Order=0-3, MinObjects=0, CPUs=2, Nodes=1
[    0.000000] Kernel/User page tables isolation: enabled
[    0.000000] Hierarchical RCU implementation.
[    0.000000] 	Build-time adjustment of leaf fanout to 64.
[    0.000000] 	RCU restricting CPUs from NR_CPUS=512 to nr_cpu_ids=2.
[    0.000000] RCU: Adjusting geometry for rcu_fanout_leaf=64, nr_cpu_ids=2
[    0.000000] NR_IRQS:33024 nr_irqs:440 16
[    0.000000] Console: colour VGA+ 80x25
[    0.000000] console [tty1] enabled
[    0.000000] console [ttyS0] enabled
[    0.000000] tsc: Detected 2207.980 MHz processor
[    0.581502] Calibrating delay loop (skipped) preset value.. 4415.96 BogoMIPS (lpj=8831920)
[    0.583023] pid_max: default: 32768 minimum: 301
[    0.583849] ACPI: Core revision 20150930
[    0.585326] ACPI: 2 ACPI AML tables successfully acquired and loaded
[    0.586492] Security Framework initialized
[    0.587259] Yama: becoming mindful.
[    0.587937] AppArmor: AppArmor initialized
[    0.595184] Dentry cache hash table entries: 131072 (order: 8, 1048576 bytes)
[    0.612127] Inode-cache hash table entries: 65536 (order: 7, 524288 bytes)
[    0.616066] Mount-cache hash table entries: 2048 (order: 2, 16384 bytes)
[    0.617152] Mountpoint-cache hash table entries: 2048 (order: 2, 16384 bytes)
[    0.618431] Initializing cgroup subsys io
[    0.619192] Initializing cgroup subsys memory
[    0.619988] Initializing cgroup subsys devices
[    0.620827] Initializing cgroup subsys freezer
[    0.651325] Initializing cgroup subsys net_cls
[    0.652123] Initializing cgroup subsys perf_event
[    0.652948] Initializing cgroup subsys net_prio
[    0.653754] Initializing cgroup subsys hugetlb
[    0.654543] Initializing cgroup subsys pids
[    0.668632] mce: CPU supports 0 MCE banks
[    0.674579] Last level iTLB entries: 4KB 64, 2MB 8, 4MB 8
[    0.675367] Last level dTLB entries: 4KB 64, 2MB 0, 4MB 0, 1GB 4
[    0.701593] Spectre V1 : Mitigation: usercopy/swapgs barriers and __user pointer sanitization
[    0.703097] Spectre V2 : Mitigation: Full generic retpoline
[    0.704034] Spectre V2 : Spectre v2 / SpectreRSB mitigation: Filling RSB on context switch
[    0.713446] Speculative Store Bypass: Vulnerable
[    0.714270] SRBDS: Unknown: Dependent on hypervisor status
[    0.715286] MDS: Vulnerable: Clear CPU buffers attempted, no microcode
[    0.718316] Freeing SMP alternatives memory: 36K
[    0.724352] ftrace: allocating 32334 entries in 127 pages
[    0.776447] smpboot: APIC(0) Converting physical 0 to logical package 0
[    0.782817] smpboot: Max logical packages: 1
[    0.783845] x2apic enabled
[    0.784605] Switched APIC routing to physical x2apic.
[    0.786429] ..TIMER: vector=0x30 apic1=0 pin1=2 apic2=-1 pin2=-1
[    0.895510] smpboot: CPU0: Intel(R) Core(TM) i3-8130U CPU @ 2.20GHz (family: 0x6, model: 0x8e, stepping: 0xa)
[    0.965165] Performance Events: unsupported p6 CPU model 142 no PMU driver, software events only.
[    0.975252] KVM setup paravirtual spinlock
[    0.980161] x86: Booting SMP configuration:
[    1.038418] .... node  #0, CPUs:      #1
[    1.039442] kvm-clock: cpu 1, msr 0:3ffe3041, secondary cpu clock
[    1.053891] mce: CPU supports 0 MCE banks
[    1.063379] x86: Booted up 1 node, 2 CPUs
[    1.100849] smpboot: Total of 2 processors activated (8831.92 BogoMIPS)
[    1.127094] devtmpfs: initialized
[    1.130290] evm: security.selinux
[    1.130940] evm: security.SMACK64
[    1.137265] evm: security.SMACK64EXEC
[    1.165466] evm: security.SMACK64TRANSMUTE
[    1.202360] evm: security.SMACK64MMAP
[    1.221203] evm: security.ima
[    1.221802] evm: security.capability
[    1.222713] clocksource: jiffies: mask: 0xffffffff max_cycles: 0xffffffff, max_idle_ns: 7645041785100000 ns
[    1.253163] futex hash table entries: 512 (order: 3, 32768 bytes)
[    1.254321] pinctrl core: initialized pinctrl subsystem
[    1.255312] RTC time: 22:27:40, date: 07/25/20
[    1.256431] NET: Registered protocol family 16
[    1.266762] cpuidle: using governor ladder
[    1.310764] cpuidle: using governor menu
[    1.323804] PCCT header not found.
[    1.330929] ACPI: bus type PCI registered
[    1.331670] acpiphp: ACPI Hot Plug PCI Controller Driver version: 0.5
[    1.434766] PCI: Using configuration type 1 for base access
[    1.457662] ACPI: Added _OSI(Module Device)
[    1.463767] ACPI: Added _OSI(Processor Device)
[    1.469917] ACPI: Added _OSI(3.0 _SCP Extensions)
[    1.470725] ACPI: Added _OSI(Processor Aggregator Device)
[    1.472194] ACPI: Executed 1 blocks of module-level executable AML code
[    1.474991] ACPI: Interpreter enabled
[    1.475704] ACPI: (supports S0 S5)
[    1.570313] ACPI: Using IOAPIC for interrupt routing
[    1.730926] PCI: Using host bridge windows from ACPI; if necessary, use "pci=nocrs" and report a bug
[    1.821812] ACPI: PCI Root Bridge [PCI0] (domain 0000 [bus 00-ff])
[    1.841768] acpi PNP0A03:00: _OSC: OS supports [ASPM ClockPM Segments MSI]
[    1.849189] acpi PNP0A03:00: _OSC: not requesting OS control; OS requires [ExtendedConfig ASPM ClockPM MSI]
[    1.863838] acpi PNP0A03:00: fail to add MMCONFIG information, can't access extended PCI configuration space under this bridge.
[    1.872645] PCI host bridge to bus 0000:00
[    1.873390] pci_bus 0000:00: root bus resource [io  0x0000-0x0cf7 window]
[    1.874460] pci_bus 0000:00: root bus resource [io  0x0d00-0xffff window]
[    1.875557] pci_bus 0000:00: root bus resource [mem 0x000a0000-0x000bffff window]
[    1.876880] pci_bus 0000:00: root bus resource [mem 0x40000000-0xffdfffff window]
[    1.878212] pci_bus 0000:00: root bus resource [bus 00-ff]
[    1.880365] pci 0000:00:01.1: legacy IDE quirk: reg 0x10: [io  0x01f0-0x01f7]
[    1.922635] pci 0000:00:01.1: legacy IDE quirk: reg 0x14: [io  0x03f6]
[    1.923680] pci 0000:00:01.1: legacy IDE quirk: reg 0x18: [io  0x0170-0x0177]
[    1.924793] pci 0000:00:01.1: legacy IDE quirk: reg 0x1c: [io  0x0376]
[    1.938724] pci 0000:00:07.0: quirk: [io  0x4000-0x403f] claimed by PIIX4 ACPI
[    2.090125] pci 0000:00:07.0: quirk: [io  0x4100-0x410f] claimed by PIIX4 SMB
[    2.108001] ACPI: PCI Interrupt Link [LNKA] (IRQs 5 9 10 *11)
[    2.122013] ACPI: PCI Interrupt Link [LNKB] (IRQs 5 9 10 *11)
[    2.127072] ACPI: PCI Interrupt Link [LNKC] (IRQs 5 9 *10 11)
[    2.128249] ACPI: PCI Interrupt Link [LNKD] (IRQs 5 *9 10 11)
[    2.129464] ACPI: Enabled 2 GPEs in block 00 to 07
[    2.130533] vgaarb: setting as boot device: PCI:0000:00:02.0
[    2.131355] vgaarb: device added: PCI:0000:00:02.0,decodes=io+mem,owns=io+mem,locks=none
[    2.151553] vgaarb: loaded
[    2.152044] vgaarb: bridge control possible 0000:00:02.0
[    2.153037] SCSI subsystem initialized
[    2.157643] ACPI: bus type USB registered
[    2.158288] usbcore: registered new interface driver usbfs
[    2.159089] usbcore: registered new interface driver hub
[    2.160041] usbcore: registered new device driver usb
[    2.167166] PCI: Using ACPI for IRQ routing
[    2.174842] NetLabel: Initializing
[    2.177614] NetLabel:  domain hash size = 128
[    2.178383] NetLabel:  protocols = UNLABELED CIPSOv4
[    2.179619] NetLabel:  unlabeled traffic allowed by default
[    2.187101] amd_nb: Cannot enumerate AMD northbridges
[    2.189315] clocksource: Switched to clocksource kvm-clock
[    2.206746] AppArmor: AppArmor Filesystem Enabled
[    2.251336] pnp: PnP ACPI init
[    2.252437] pnp: PnP ACPI: found 3 devices
[    2.260822] clocksource: acpi_pm: mask: 0xffffff max_cycles: 0xffffff, max_idle_ns: 2085701024 ns
[    2.267463] NET: Registered protocol family 2
[    2.269873] TCP established hash table entries: 8192 (order: 4, 65536 bytes)
[    2.376771] TCP bind hash table entries: 8192 (order: 5, 131072 bytes)
[    2.407619] TCP: Hash tables configured (established 8192 bind 8192)
[    2.408660] UDP hash table entries: 512 (order: 2, 16384 bytes)
[    2.410699] UDP-Lite hash table entries: 512 (order: 2, 16384 bytes)
[    2.411779] NET: Registered protocol family 1
[    2.412563] pci 0000:00:00.0: Limiting direct PCI/PCI transfers
[    2.413587] pci 0000:00:01.0: Activating ISA DMA hang workarounds
[    2.414700] Unpacking initramfs...
[    2.608454] Freeing initrd memory: 14876K
[    2.630073] clocksource: tsc: mask: 0xffffffffffffffff max_cycles: 0x1fd3a510c30, max_idle_ns: 440795209172 ns
[    2.631531] platform rtc_cmos: registered platform RTC device (no PNP device found)
[    2.640772] Scanning for low memory corruption every 60 seconds
[    2.642099] audit: initializing netlink subsys (disabled)
[    2.648282] audit: type=2000 audit(1595716064.797:1): initialized
[   22.649729] Initialise system trusted keyring
[    2.712073] HugeTLB registered 2 MB page size, pre-allocated 0 pages
[    2.714177] zbud: loaded
[    2.720183] VFS: Disk quotas dquot_6.6.0
[    2.720935] VFS: Dquot-cache hash table entries: 512 (order 0, 4096 bytes)
[    2.742518] squashfs: version 4.0 (2009/01/31) Phillip Lougher
[    2.747662] fuse init (API version 7.23)
[    2.748499] Key type big_key registered
[    2.749225] Allocating IMA MOK and blacklist keyrings.
[    2.751357] Key type asymmetric registered
[    2.773737] Asymmetric key parser 'x509' registered
[    2.778900] Block layer SCSI generic (bsg) driver version 0.4 loaded (major 249)
[    2.783659] io scheduler noop registered
[    2.786730] io scheduler deadline registered (default)
[    2.787674] io scheduler cfq registered
[    2.789917] pci_hotplug: PCI Hot Plug PCI Core version: 0.5
[    2.790731] pciehp: PCI Express Hot Plug Controller Driver version: 0.4
[    2.791736] ACPI: AC Adapter [AC] (on-line)
[    2.792442] input: Power Button as /devices/LNXSYSTM:00/LNXPWRBN:00/input/input0
[    2.793742] ACPI: Power Button [PWRF]
[    2.815265] input: Sleep Button as /devices/LNXSYSTM:00/LNXSLPBN:00/input/input1
[    2.820581] ACPI: Sleep Button [SLPF]
[    2.823227] ACPI: Battery Slot [BAT0] (battery present)
[    2.842524] GHES: HEST is not enabled!
[    2.843239] Serial: 8250/16550 driver, 32 ports, IRQ sharing enabled
[    2.868237] 00:02: ttyS0 at I/O 0x3f8 (irq = 4, base_baud = 115200) is a 16550A
[    2.880634] Linux agpgart interface v0.103
[    2.884314] loop: module loaded
[    2.893423] scsi host0: ata_piix
[    2.894195] scsi host1: ata_piix
[    2.894851] ata1: PATA max UDMA/33 cmd 0x1f0 ctl 0x3f6 bmdma 0xd000 irq 14
[    2.920164] ata2: PATA max UDMA/33 cmd 0x170 ctl 0x376 bmdma 0xd008 irq 15
[    2.921384] libphy: Fixed MDIO Bus: probed
[    2.922140] tun: Universal TUN/TAP device driver, 1.6
[    2.923015] tun: (C) 1999-2004 Max Krasnyansky <maxk@qualcomm.com>
[    2.924081] PPP generic driver version 2.4.2
[    2.932065] ehci_hcd: USB 2.0 'Enhanced' Host Controller (EHCI) Driver
[    2.933126] ehci-pci: EHCI PCI platform driver
[    2.933945] ehci-platform: EHCI generic platform driver
[    2.934831] ohci_hcd: USB 1.1 'Open' Host Controller (OHCI) Driver
[    2.935853] ohci-pci: OHCI PCI platform driver
[    2.936658] ohci-platform: OHCI generic platform driver
[    2.937586] uhci_hcd: USB Universal Host Controller Interface driver
[    2.938728] i8042: PNP: PS/2 Controller [PNP0303:PS2K,PNP0f03:PS2M] at 0x60,0x64 irq 1,12
[    2.940836] serio: i8042 KBD port at 0x60,0x64 irq 1
[    2.969242] serio: i8042 AUX port at 0x60,0x64 irq 12
[    2.973065] mousedev: PS/2 mouse device common for all mice
[    2.974447] input: AT Translated Set 2 keyboard as /devices/platform/i8042/serio0/input/input2
[    2.979200] rtc_cmos rtc_cmos: rtc core: registered rtc_cmos as rtc0
[    2.982470] rtc_cmos rtc_cmos: alarms up to one day, 114 bytes nvram
[    2.983531] i2c /dev entries driver
[    2.984253] device-mapper: uevent: version 1.0.3
[    2.985206] device-mapper: ioctl: 4.34.0-ioctl (2015-10-28) initialised: dm-devel@redhat.com
[    2.995659] ledtrig-cpu: registered to indicate activity on CPUs
[    2.997250] NET: Registered protocol family 10
[    2.999623] NET: Registered protocol family 17
[    3.000456] Key type dns_resolver registered
[    3.007081] registered taskstats version 1
[    3.016283] Loading compiled-in X.509 certificates
[    3.022863] Loaded X.509 cert 'Build time autogenerated kernel key: cef5e81496c0efa51b848ab539e845ddf31c08be'
[    3.024551] zswap: loaded using pool lzo/zbud
[    3.027114] Key type trusted registered
[    3.062706] Key type encrypted registered
[    3.079283] AppArmor: AppArmor sha1 policy hashing enabled
[    3.081334] ima: No TPM chip found, activating TPM-bypass!
[    3.082291] ima: Allocated hash algorithm: sha1
[    3.083123] evm: HMAC attrs: 0x1
[    3.087527]   Magic number: 12:147:503
[    3.089428] rtc_cmos rtc_cmos: setting system clock to 2020-07-25 22:27:42 UTC (1595716062)
[    3.091062] BIOS EDD facility v0.16 2004-Jun-25, 0 devices found
[    3.092139] EDD information not available.
[    3.099299] Freeing unused kernel memory: 1492K
[    3.157478] Write protecting the kernel read-only data: 14336k
[    3.167316] Freeing unused kernel memory: 1592K
[    3.215218] Freeing unused kernel memory: 56K
Loading, please [    3.229293] random: systemd-udevd: uninitialized urandom read (16 bytes read, 3 bits of entropy available)
wait...
starting version 229
[    3.229906] random: udevadm: uninitialized urandom read (16 bytes read, 3 bits of entropy available)
[    3.229933] random: udevadm: uninitialized urandom read (16 bytes read, 3 bits of entropy available)
[    3.237490] random: udevadm: uninitialized urandom read (16 bytes read, 3 bits of entropy available)
[    3.237538] random: udevadm: uninitialized urandom read (16 bytes read, 3 bits of entropy available)
[    3.237667] random: udevadm: uninitialized urandom read (16 bytes read, 3 bits of entropy available)
[    3.237720] random: udevadm: uninitialized urandom read (16 bytes read, 3 bits of entropy available)
[    3.237772] random: udevadm: uninitialized urandom read (16 bytes read, 3 bits of entropy available)
[    3.237825] random: udevadm: uninitialized urandom read (16 bytes read, 3 bits of entropy available)
[    3.237875] random: udevadm: uninitialized urandom read (16 bytes read, 3 bits of entropy available)
[    3.394876] e1000: Intel(R) PRO/1000 Network Driver - version 7.3.21-k8-NAPI
[    3.429980] e1000: Copyright (c) 1999-2006 Intel Corporation.
[    3.430849] Fusion MPT base driver 3.04.20
[    3.431629] Copyright (c) 1999-2008 LSI Corporation
[    3.442656] Fusion MPT SPI Host driver 3.04.20
[    3.466610] AVX version of gcm_enc/dec engaged.
[    3.472743] AES CTR mode by8 optimization enabled
[    3.635829] input: ImExPS/2 Generic Explorer Mouse as /devices/platform/i8042/serio1/input/input4
[    3.785207] e1000 0000:00:03.0 eth0: (PCI:33MHz:32-bit) 02:d4:60:56:24:74
[    3.810654] e1000 0000:00:03.0 eth0: Intel(R) PRO/1000 Network Connection
[    3.880639] mptbase: ioc0: Initiating bringup
[    3.941997] ioc0: LSI53C1030 A0: Capabilities={Initiator}
[    4.336554] scsi host2: ioc0: LSI53C1030 A0, FwRev=00000000h, Ports=1, MaxQ=256, IRQ=20
[    4.494535] scsi 2:0:0:0: Direct-Access     VBOX     HARDDISK         1.0  PQ: 0 ANSI: 5
[    4.621954] scsi target2:0:0: Beginning Domain Validation
[    4.623508] scsi target2:0:0: Domain Validation skipping write tests
[    4.625670] scsi target2:0:0: Ending Domain Validation
[    4.650290] scsi target2:0:0: asynchronous
[    4.690142] scsi 2:0:1:0: Direct-Access     VBOX     HARDDISK         1.0  PQ: 0 ANSI: 5
[    4.704216] scsi target2:0:1: Beginning Domain Validation
[    4.705674] scsi target2:0:1: Domain Validation skipping write tests
[    4.706679] scsi target2:0:1: Ending Domain Validation
[    4.707516] scsi target2:0:1: asynchronous
[    4.726220] sd 2:0:0:0: Attached scsi generic sg0 type 0
[    4.732675] sd 2:0:0:0: [sda] 20971520 512-byte logical blocks: (10.7 GB/10.0 GiB)
[    4.752351] sd 2:0:1:0: [sdb] 20480 512-byte logical blocks: (10.5 MB/10.0 MiB)
[    4.758323] sd 2:0:1:0: [sdb] Write Protect is off
[    4.759239] sd 2:0:1:0: Attached scsi generic sg1 type 0
[    4.765757] sd 2:0:1:0: [sdb] Incomplete mode parameter data
[    4.786863] sd 2:0:1:0: [sdb] Assuming drive cache: write through
[    4.789133] sd 2:0:0:0: [sda] Write Protect is off
[    4.791144] sd 2:0:0:0: [sda] Incomplete mode parameter data
[    4.795403] sd 2:0:0:0: [sda] Assuming drive cache: write through
[    4.812957]  sda: sda1
[    4.824030] sd 2:0:1:0: [sdb] Attached SCSI disk
[    4.824983] sd 2:0:0:0: [sda] Attached SCSI disk
[    4.949741] e1000 0000:00:08.0 eth1: (PCI:33MHz:32-bit) 08:00:27:e3:b0:38
[    4.957587] e1000 0000:00:08.0 eth1: Intel(R) PRO/1000 Network Connection
[    5.300643] e1000 0000:00:09.0 eth2: (PCI:33MHz:32-bit) 08:00:27:44:c1:fe
[    5.316236] e1000 0000:00:09.0 eth2: Intel(R) PRO/1000 Network Connection
[    5.692569] e1000 0000:00:0a.0 eth3: (PCI:33MHz:32-bit) 08:00:27:4a:fa:80
[    5.710529] e1000 0000:00:0a.0 eth3: Intel(R) PRO/1000 Network Connection
[    5.712782] e1000 0000:00:03.0 enp0s3: renamed from eth0
[    5.729817] e1000 0000:00:08.0 enp0s8: renamed from eth1
[    5.833592] e1000 0000:00:09.0 enp0s9: renamed from eth2
[    5.861631] e1000 0000:00:0a.0 enp0s10: renamed from eth3
Begin: Loading e[    7.199515] md: linear personality registered for level -1
ssential drivers ... [    7.232294] md: multipath personality registered for level -4
[    7.241074] md: raid0 personality registered for level 0
[    7.251361] md: raid1 personality registered for level 1
[    7.329372] raid6: sse2x1   gen() 10658 MB/s
[    7.445381] raid6: sse2x1   xor()  8815 MB/s
[    7.565409] raid6: sse2x2   gen() 13046 MB/s
[    7.685378] raid6: sse2x2   xor()  9117 MB/s
[    7.809375] raid6: sse2x4   gen() 15024 MB/s
[    7.941331] raid6: sse2x4   xor() 11233 MB/s
[    7.991834] raid6: using algorithm sse2x4 gen() 15024 MB/s
[    8.011671] raid6: .... xor() 11233 MB/s, rmw enabled
[    8.012547] raid6: using ssse3x2 recovery algorithm
[    8.014509] xor: automatically using best checksumming function:
[    8.069444]    avx       : 29925.000 MB/sec
[    8.110847] async_tx: api initialized (async)
[    8.147555] md: raid6 personality registered for level 6
[    8.174954] md: raid5 personality registered for level 5
[    8.175858] md: raid4 personality registered for level 4
[    8.182205] md: raid10 personality registered for level 10
done.
Begin: Running /scripts/init-premount ... done.
Begin: Mounting root file system ... Begin: Running /scri[    8.216612] Btrfs loaded
pts/local-top ... done.
Begin: Running /scripts/local-premount ... Scanning for Btrfs filesystems
done.
Warning: fsck not present, so skipping root file system
[    8.266297] EXT4-fs (sda1): mounted filesystem with ordered data mode. Opts: (null)
done.
Begin: Running /scripts/local-bottom ... done.
Begin: Running /scripts/init-bottom ... done.
[   883375560] systemd[1]: systemd 229 running in system mode. (+PAM +AUDIT +SELINUX +IMA +APPARMOR +SMACK +SYSVINIT +UTMP +LIBCRYPTSETUP +GCRYPT +GNUTLS +ACL +XZ -LZ4 +SECCOMP +BLKID +ELFUTILS +KMOD -IDN)
[    8.462368] systemd[1]: Detected virtualization oracle.
[    8.463287] systemd[1]: Detected architecture x86-64.

Welcome to [1mUbuntu 16.04.6 LTS[0m!

[    8.508943] systemd[1]: Set hostname to <router11>.
[    8.673670] systemd[1]: Listening on /dev/initctl Compatibility Named Pipe.
[[0;32m  OK  [0m] Listening on /dev/initctl Compatibility Named Pipe.
[    8.690405] systemd[1]: Listening on Journal Socket (/dev/log).
[[0;32m  OK  [0m] Listening on Journal Socket (/dev/log).
[    8.705779] systemd[1]: Listening on udev Control Socket.
[[0;32m  OK  [0m] Listening on udev Control Socket.
[    8.961847] systemd[1]: Listening on Journal Socket.
[[0;32m  OK  [0m] Listening on Journal Socket.
[    8.963386] systemd[1]: Listening on udev Kernel Socket.
[[0;32m  OK  [0m] Listening on udev Kernel Socket.
[    8.964944] systemd[1]: Listening on LVM2 poll daemon socket.
[[0;32m  OK  [0m] Listening on LVM2 poll daemon socket.
[    8.966713] systemd[1]: Set up automount Arbitrary Executable File Formats File System Automount Point.
[[0;32m  OK  [0m] Set up automount Arbitrary Executab...ats File System Automount Point.
[    8.969193] systemd[1]: Listening on Syslog Socket.
[[0;32m  OK  [0m] Listening on Syslog Socket.
[    8.970760] systemd[1]: Listening on Journal Audit Socket.
[[0;32m  OK  [0m] Listening on Journal Audit Socket.
[    8.972363] systemd[1]: Listening on Device-mapper event daemon FIFOs.
[[0;32m  OK  [0m] Listening on Device-mapper event daemon FIFOs.
[    8.974196] systemd[1]: Started Forward Password Requests to Wall Directory Watch.
[[0;32m  OK  [0m] Started Forward Password Requests to Wall Directory Watch.
[    8.976619] systemd[1]: Created slice User and Session Slice.
[[0;32m  OK  [0m] Created slice User and Session Slice.
[    8.978258] systemd[1]: Reached target User and Group Name Lookups.
[[0;32m  OK  [0m] Reached target User and Group Name Lookups.
[    8.985591] systemd[1]: Created slice System Slice.
[[0;32m  OK  [0m] Created slice System Slice.
[    8.993199] systemd[1]: Reached target Slices.
[[0;32m  OK  [0m] Reached target Slices.
[    9.005888] systemd[1]: Starting Journal Service...
         Starting Journal Service...
[    9.040115] systemd[1]: Mounting POSIX Message Queue File System...
         Mounting POSIX Message Queue File System...
[    9.213562] systemd[1]: Starting Create list of required static device nodes for the current kernel...
         Starting Create list of required st... nodes for the current kernel...
[    9.473692] systemd[1]: Starting Set console keymap...
         Starting Set console keymap...
[    9.494728] systemd[1]: Mounting Debug File System...
[    9.511406] random: nonblocking pool is initialized
         Mounting Debug File System...
[    9.552852] systemd[1]: Mounting Huge Pages File System...
         Mounting Huge Pages File System...
[    9.592446] systemd[1]: Starting Nameserver information manager...
         Starting Nameserver information manager...
[    9.797481] systemd[1]: Starting Uncomplicated firewall...
         Starting Uncomplicated firewall...
[    9.804273] systemd[1]: Listening on LVM2 metadata daemon socket.
[[0;32m  OK  [0m] Listening on LVM2 metadata daemon socket.
[    9.807232] systemd[1]: Starting Monitoring of LVM2 mirrors, snapshots etc. using dmeventd or progress polling...
         Starting Monitoring of LVM2 mirrors... dmeventd or progress polling...
[    9.817832] systemd[1]: Reached target Encrypted Volumes.
[[0;32m  OK  [0m] Reached target Encrypted Volumes.
[    9.861990] systemd[1]: Created slice system-serial\x2dgetty.slice.
[[0;32m  OK  [0m] Created slice system-serial\x2dgetty.slice.
[    9.896632] systemd[1]: Reached target System Time Synchronized.
[[0;32m  OK  [0m] Reached target System Time Synchronized.
[    9.921945] systemd[1]: Starting Load Kernel Modules...
         Starting Load Kernel Modules...
[    9.943615] Loading iSCSI transport class v2.0-870.
[   10.031740] systemd[1]: Started Trigger resolvconf update for networkd DNS.
[[0;32m  OK  [0m] Started Trigger resolvconf update for networkd DNS.
[   10.036220] systemd[1]: Reached target Swap.
[[0;32m  OK  [[   10.047653] iscsi: registered transport (tcp)
0m] Reached target Swap.
[   10.073784] systemd[1]: Starting Remount Root and Kernel File Systems...
         Startin[   10.105109] EXT4-fs (sda1): re-mounted. Opts: (null)
g Remount Root and Kernel File Systems...
[   10.135913] iscsi: registered transport (iser)
[   10.146562] systemd[1]: Mounted Debug File System.
[[0;32m  OK  [0m] Mounted Debug File System.
[   10.181622] systemd[1]: Mounted POSIX Message Queue File System.
[[0;32m  OK  [0m] Mounted POSIX Message Queue File System.
[   10.257708] systemd[1]: Mounted Huge Pages File System.
[[0;32m  OK  [0m] Mounted Huge Pages File System.
[   10.282283] systemd[1]: Started Journal Service.
[[0;32m  OK  [0m] Started Journal Service.
[[0;32m  OK  [0m] Started Create list of required sta...ce nodes for the current kernel.
[[0;32m  OK  [0m] Started Set console keymap.
[[0;32m  OK  [0m] Started Uncomplicated firewall.
[[0;32m  OK  [0m] Started Load Kernel Modules.
[[0;32m  OK  [0m] Started Remount Root and Kernel File Systems.
[[0;32m  OK  [0m] Started Nameserver information manager.
[[0;32m  OK  [0m] Started LVM2 metadata daemon.
         Starting udev Coldplug all Devices...
         Starting Load/Save Random Seed...
         Starting Apply Kernel Variables...
         Mounting FUSE Control File System...
         Starting Create Static Device Nodes in /dev...
         Starting Flush Journal to Persistent Storage...
[[0;32m  OK  [0m] Mounted FUSE Control File System.
[[0;32m  OK  [0m] Started Monitoring of LVM2 mirrors,...ng dmeventd or progress polling.
[[0;32m  OK  [0m] Started Load/Save Random Seed.
[[0;32m  OK  [0m] Started Apply Kernel Variables.
[[0;32m  OK  [0m] Started Create Static Device Nodes in /dev.
[[0;32m  OK  [0m] Started udev Coldplug all Devices.
         Starting udev Kernel Device Manager...
[[0;32m  OK  [0m] Reached target Local File Systems (Pre).
[[0;32m  OK  [0m] Reached target Local File Systems.
         Starting Set console font and keymap...
         Starting LSB: AppArmor initialization...
         Starting Initial cloud-init job (pre-networking)...
         Starting Tell Plymouth To Write Out Runtime Data...
[[0;32m  OK  [0m] Started udev Kernel Device Manager.
[[0;32m  OK  [0m] Started Flush Journal to Persistent Storage.
[[0;32m  OK  [0m] Started Tell Plymouth To Write Out Runtime Data.
[[0;32m  OK  [0m] Started Set console font and keymap.
[[0;32m  OK  [0m] Found device /dev/ttyS0.
[[0;32m  OK  [0m] Started LSB: AppArmor initialization.
[[0;32m  OK  [0m] Listening on Load/Save RF Kill Switch Status /dev/rfkill Watch.
[   10.343942]          cloud-initStarting Load AppArmor profiles managed internally by snapd...[499]: 
Cloud-init v. 20.2-45-g5f7825e2-0ubuntu1~16.04.1 running 'init-local' at Sat, 25 Jul 2020 22:27:51 +0000. Up 10.05 seconds.
[[0;32m  OK  [0m] Created slice system-getty.slice.
         Starting Create Volatile Files and Directories...
[[0;32m  OK  [0m] Started Dispatch Password Requests to Console Directory Watch.
[[0;32m  OK  [0m] Started Load AppArmor profiles managed internally by snapd.
[[0;32m  OK  [0m] Started Create Volatile Files and Directories.
[[0;32m  OK  [0m] Started Initial cloud-init job (pre-networking).
[[0;32m  OK  [0m] Found device 82540EM Gigabit Ethern...r (PRO/1000 MT Desktop Adapter).
[[0;32m  OK  [0m] Found device 82540EM Gigabit Ethern...r (PRO/1000 MT Desktop Adapter).
[[0;32m  OK  [0m] Found device 82540EM Gigabit Ethern...r (PRO/1000 MT Desktop Adapter).
[[0;32m  OK  [0m] Found device 82540EM Gigabit Ethern...r (PRO/1000 MT Desktop Adapter).
[[0;32m  OK  [0m] Reached target Network (Pre).
[[0;32m  OK  [0m] Started ifup for enp0s3.
[[0;32m  OK  [0m] Started ifup for enp0s8.
         Starting Raise network interfaces...
[[0;32m  OK  [0m] Started ifup for enp0s10.
[[0;32m  OK  [0m] Started ifup for enp0s9.
         Starting Update UTMP about System Boot/Shutdown...
[[0;32m  OK  [0m] Started Update UTMP about System Boot/Shutdown.
[[0;32m  OK  [0m] Started Raise network interfaces.
[[0;32m  OK  [0m] Reached target Network.
         Starting Initial cloud-init job (metadata service crawler)...
[   11.594530] cloud-init[1307]: Cloud-init v. 20.2-45-g5f7825e2-0ubuntu1~16.04.1 running 'init' at Sat, 25 Jul 2020 22:27:52 +0000. Up 11.33 seconds.
[   11.603858] cloud-init[1307]: ci-info: +++++++++++++++++++++++++++++++++++++++Net device info+++++++++++++++++++++++++++++++++++++++
[   11.610841] cloud-init[1307]: ci-info: +---------+------+-----------------------------+---------------+--------+-------------------+
[   11.640673] [cloud-init[0;32m  OK  [0m[1307]: ] ci-info: |  Device |  Up  |           Address           |      Mask     | Scope  |     Hw-Address    |Started Initial cloud-init job (metadata service crawler).

[   11.641176] [[0;32m  OK  [0m] Reached target System Initialization.
cloud-init[1307]:          Starting LXD - unix socket.
ci-info: +---------+------+-----------------------------+---------------+--------+-------------------+
[   11.654066] [cloud-init[0;32m  OK  [0m[1307]: ] ci-info: | enp0s10 | True |        192.168.101.2        | 255.255.255.0 | global | 08:00:27:4a:fa:80 |Started ACPI Events Check.

[[0;32m  OK  [0m] Reached target Paths.
[[0;32m  OK  [0m] Listening on D-Bus System Message Bus Socket.
[   11.654499] cloud-init[1307]: ci-info: | enp0s10 | True | fe80::a00:27ff:fe4a:fa80/64 |       .       |  link  | 08:00:27:4a:fa:80 |
[   11.662201] [cloud-init[0;32m  OK  [0m[1307]: ] ci-info: |  enp0s3 | True |          10.0.2.15          | 255.255.255.0 | global | 02:d4:60:56:24:74 |Started Daily apt download activities.

[   11.662589]          cloud-initStarting Socket activation for snappy daemon.[1307]: 
ci-info: |  enp0s3 | True |  fe80::d4:60ff:fe56:2474/64 |       .       |  link  | 02:d4:60:56:24:74 |
[   11.700998] [cloud-init[1307]: ci-info: |  enp0s8 | True |        192.168.1.254        | 255.255.255.0 | global | 08:00:27:e3:b0:38 |
[0;32m  OK  [0m] Started Message of the Day.
[[0;32m  OK  [0m] Listening on UUID daemon activation socket.
[[0;32m  OK  [0m] Started Daily apt upgrade and clean activities.
[[0;32m  OK  [0m] Started Daily Cleanup of Temporary Directories.
[[0;32m  OK  [0m] Reached target Timers.
[   11.702333] cloud-init[1307]: ci-info: |  enp0s8 | True | fe80::a00:27ff:fee3:b038/64 |       .       |  link  | 08:00:27:e3:b0:38 |
[   11.825082] [cloud-init[0;32m  OK  [0m[1307]: ] ci-info: |  enp0s9 | True |        192.168.100.1        | 255.255.255.0 | global | 08:00:27:44:c1:fe |Listening on ACPID Listen Socket.

[   11.871705] [cloud-init[0;32m  OK  [0m[1307]: ] ci-info: |  enp0s9 | True | fe80::a00:27ff:fe44:c1fe/64 |       .       |  link  | 08:00:27:44:c1:fe |Reached target Network is Online.

[   11.873116] cloud-init[1307]: ci-info: |    lo   | True |          127.0.0.1          |   255.0.0.0   |  host  |         .         |
[   11.955058] cloud-init[1307]: ci-info: |    lo   | True |           ::1/128           |       .       |  host  |         .         |
         Starting iSCSI initiator daemon (iscsid)...
[[0;32m  OK  [0m] Reached target Cloud-config availability.
[   11.973357] [[0;32m  OK  [0m] Listening on LXD - unix socket.
[[0;32m  OK  [0m] Listening on Socket activation for snappy daemon.
[[0;32m  OK  [0m] Reached target Sockets.
[[0;32m  OK  [0m] Reached target Basic System.
cloud-init[1307]: ci-info: +---------+------+-----------------------------+---------------+--------+-------------------+
[   11.986673] cloud-init[1307]: ci-info: ++++++++++++++++++++++++++++Route IPv4 info+++++++++++++++++++++++++++++
[   11.991223]          Starting Accounts Service...
cloud-init[1307]:          Starting Virtualbox guest utils...
ci-info: +-------+---------------+----------+---------------+-----------+-------+         
Starting Login Service...
[   11.994145] [[0;32m  OK  [0m] Started FUSE filesystem for LXC.
cloud-init[1307]: ci-info: | Route |  Destination  | Gateway  |    Genmask    | Interface | Flags |
[   12.020710] [[0;32m  OK  [0m] Started Regular background program processing daemon.
cloud-init[1307]: ci-info: +-------+---------------+----------+---------------+-----------+-------+
         Starting OpenBSD Secure Shell server...
[   12.053992] cloud-init[1307]: ci-info: |   0   |    0.0.0.0    | 10.0.2.2 |    0.0.0.0    |   enp0s3  |   UG  |
[   12.099071]          cloud-initStarting LSB: MD monitoring daemon...[1307]: 
ci-info: |   1   |    10.0.2.0   | 0.0.0.0  | 255.255.255.0 |   enp0s3  |   U   |
[   12.102466] cloud-init[1307]: ci-info: |   2   |  192.168.1.0  | 0.0.0.0  | 255.255.255.0 |   enp0s8  |   U   |
[   12.148755]          cloud-initStarting /etc/rc.local Compatibility...[1307]: 
ci-info: |   3   | 192.168.100.0 | 0.0.0.0  | 255.255.255.0 |   enp0s9  |   U   |
[   12.192822] [cloud-init[0;32m  OK  [0m[1307]: ] ci-info: |   4   | 192.168.101.0 | 0.0.0.0  | 255.255.255.0 |  enp0s10  |   U   |Started D-Bus System Message Bus.

[   12.194123] cloud-init[1307]: ci-info: +-------+---------------+----------+---------------+-----------+-------+
[   12.273440] cloud-init[1307]: ci-info: +++++++++++++++++++Route IPv6 info+++++++++++++++++++
[   12.284819] [cloud-init[0;32m  OK  [0m[1307]: ] ci-info: +-------+-------------+---------+-----------+-------+Started Deferred execution scheduler.

[   12.285702] cloud-init[1307]: ci-info: | Route | Destination | Gateway | Interface | Flags |
         Starting Snap Daemon...
[   12.350070] cloud-init[1307]: ci-info: +-------+-------------+---------+-----------+-------+
[   12.360353] cloud-init[1307]: ci-info: |   0   |  fe80::/64  |    ::   |   enp0s8  |   U   |
[[0;32m  OK  [0m] Started ACPI event daemon.
[   12.403676] cloud-init[1307]: ci-info: |   1   |  fe80::/64  |    ::   |   enp0s3  |   U   |
[   12.437739]          cloud-initStarting LSB: Record successful boot for GRUB...[1307]: 
ci-info: |   2   |  fe80::/64  |    ::   |  enp0s10  |   U   |
[   12.452280]          cloud-initStarting System Logging Service...[1307]: 
ci-info: |   3   |  fe80::/64  |    ::   |   enp0s9  |   U   |
[   12.484621]          cloud-initStarting LXD - container startup/shutdown...[1307]: 
ci-info: |   6   |   ff00::/8  |    ::   |   enp0s8  |   U   |
[   12.523365] [[0;32m  OK  [0m] Started System Logging Service.
cloud-init[1307]: ci-info: |   7   |   ff00::/8  |    ::   |   enp0s3  |   U   |
[   12.561121] [cloud-init[0;32m  OK  [0m[1307]: ] ci-info: |   8   |   ff00::/8  |    ::   |  enp0s10  |   U   |Started /etc/rc.local Compatibility.

[   12.561521] cloud-init[1307]: ci-info: |   9   |   ff00::/8  |    ::   |   enp0s9  |   U   |
[   12.626042] [cloud-init[0;32m  OK  [0m[1307]: ] ci-info: +-------+-------------+---------+-----------+-------+Started LXD - container startup/shutdown.

[[0;32m  OK  [0m] Started iSCSI initiator daemon (iscsid).
[[0;32m  OK  [0m] Started OpenBSD Secure Shell server.
[[0;32m  OK  [0m] Started Snap Daemon.
[[0;32m  OK  [0m] Started Login Service.
[[0;32m  OK  [0m] Started LSB: MD monitoring daemon.
[[0;32m  OK  [0m] Started Virtualbox guest utils.
[[0;32m  OK  [0m] Started LSB: Record successful boot for GRUB.
[[0;32m  OK  [0m] Started Unattended Upgrades Shutdown.
         Starting Authenticate and Authorize Users to Run Privileged Tasks...
         Starting Wait until snapd is fully seeded...
         Starting Login to default iSCSI targets...
[[0;32m  OK  [0m] Started Wait until snapd is fully seeded.
[[0;32m  OK  [0m] Started Authenticate and Authorize Users to Run Privileged Tasks.
[[0;32m  OK  [0m] Started Accounts Service.
         Starting Apply the settings specified in cloud-config...
[[0;32m  OK  [0m] Started Login to default iSCSI targets.
[[0;32m  OK  [0m] Reached target Remote File Systems (Pre).
[[0;32m  OK  [0m] Reached target Remote File Systems.
         Starting LSB: Set the CPU Frequency Scaling governor to "ondemand"...
         Starting LSB: automatic crash report generation...
[   13.310625] cloud-init[1502]: Cloud-init v. 20.2-45-g5f7825e2-0ubuntu1~16.04.1 running 'modules:config' at Sat, 25 Jul 2020 22:27:54 +0000. Up 13.22 seconds.
         Starting LSB: daemon to balance interrupts for SMP systems...
         Starting LSB: start and stop the Quagga routing suite...
         Starting Permit User Sessions...
[[0;32m  OK  [0m] Started Apply the settings specified in cloud-config.
[[0;32m  OK  [0m] Started Permit User Sessions.
         Starting Hold until boot process finishes up...
         Starting Terminate Plymouth Boot Screen...
[[0;32m  OK  [0m] Started LSB: Set the CPU Frequency Scaling governor to "ondemand".
[[0;32m  OK  [0m] Started LSB: automatic crash report generation.
[[0;32m  OK  [0m] Started LSB: daemon to balance interrupts for SMP systems.
[[0;32m  OK  [0m] Started LSB: start and stop the Quagga routing suite.
[[0;32m  OK  [0m] Started Hold until boot process finishes up.
[[0;32m  OK  [0m] Started Terminate Plymouth Boot Screen.
[[0;32m  OK  [0m] Started Serial Getty on ttyS0.
         Starting Set console scheme...
[[0;32m  OK  [0m] Started Getty on tty1.
[[0;32m  OK  [0m] Reached target Login Prompts.
[[0;32m  OK  [0m] Reached target Multi-User System.
         Starting Execute cloud user/final scripts...
[[0;32m  OK  [0m] Reached target Graphical Interface.
         Starting Update UTMP about System Runlevel Changes...
[[0;32m  OK  [0m] Started Set console scheme.
[[0;32m  OK  [0m] Started Update UTMP about System Runlevel Changes.
[   14.175692] cloud-init[1598]: Cloud-init v. 20.2-45-g5f7825e2-0ubuntu1~16.04.1 running 'modules:final' at Sat, 25 Jul 2020 22:27:55 +0000. Up 14.09 seconds.
[   14.248871] cloud-init[1598]: Cloud-init v. 20.2-45-g5f7825e2-0ubuntu1~16.04.1 finished at Sat, 25 Jul 2020 22:27:55 +0000. Datasource DataSourceNoCloud [seed=/dev/sdb][dsmode=net].  Up 14.16 seconds
[[0;32m  OK  [0m] Started Execute cloud user/final scripts.
[[0;32m  OK  [0m] Reached target Cloud-init target.

Ubuntu 16.04.6 LTS router11 ttyS0

router11 login: 