[    0.000000] Initializing cgroup subsys cpuset
[   0.000000] Initializing cgroup subsys cpu
[    0.000000] Initializing cgroup subsys cpuacct
[    0.000000] Linux version 4.4.0-190-generic (buildd@lcy01-amd64-026) (gcc version 5.4.0 20160609 (Ubuntu 5.4.0-6ubuntu1~16.04.12) ) #220-Ubuntu SMP Fri Aug 28 23:02:15 UTC 2020 (Ubuntu 4.4.0-190.220-generic 4.4.233)
[    0.000000] Command line: BOOT_IMAGE=/boot/vmlinuz-4.4.0-190-generic root=LABEL=cloudimgootfs ro console=tty1 console=ttyS0
[    0.000000] KERNEL supported cpus:
[   0.000000]   Intel GenuineIntel
[    0.00000]   AMD AuthenticAMD
[    0.000000]   Centaur CentaurHauls
    0.000000] x86/fpu: xsate_fse[2]:  576, xstate_ze[2]:  256
[    0.000000] x86/fpu: Supporting XSAVE feature 0x01: 'x87 floating point registers'
[    0.000000] x86/fpuSupporting XSAVE feature 0x02: 'SSE registers'
[    0.000000] x86/fpu: Supporting XAVE feature 0x04: 'AVX registers'
[    0.000000] x86/fpu: Eabled xstate fatures 0x7, conxt size is 832 bytes, using 'standard' format.
[    0.000000] e820: BIOS-provided physical RAM map:
[    0.000000] BIOS-e820: [mem 0x0000000000000000-0x000000000009fbff] usable
[    0.000000] BIOS-e820: [mem 0x000000000009fc00-0x000000000009ffff] reserved
[    0.000000] BIOS-e820: [mem 0x00000000000f0000-0x00000000000fffff] reserved
[    0.000000] BIOS-e820: [mem x000000000100000-0x000000003ffeffff] uable
[   0.000000]BIOS-e820: [mem0x000000003fff0000-0x0000003fffffff] CPI data
[    0.000000] BIOS-e820: [mem 0x0000000fec00000-0x00000000fec00ff] eserved
[    0.000000] BIOS-e820: [mem 0x00000000fee00000-0x00000000fee00fff] reserved
[    0.000000] BIOS-e820: [mem 0x00000000fffc0000-0x00000000ffffffff] reserved
[    0.000000] NX (Execute Disable) protection: active
[    0.000000] SMBIOS 2.5 present.
[    0.000000] Hypervisor detected: KVM
[    0.000000] e820: last_pfn = 0x3fff0 max_arch_pfn = 0x400000000
[    0.000000] MTRR: Disabled
[    0.000000] x86/PAT: MTRRs disabled, skipping PAT initialization too.
[    0.000000] CPU MTRRs all blank - virtualized system.
[    0.000000] x86/PAT: Configuration [0-7]: WB  WT  UC- UC  WB  WT  UC- UC  
[    0.000000] found SMP MP-table at [mem 0x0009fff0-0x0009ffff] mapped at [ffff88000009fff0]
[    0.000000] Scanning 1 areas for low memory corruption
[    0.000000] RAMDISK: [mem 0x362e0000-0x37167fff]
[    0.000000] ACPI: Early table checksum verification disabled
[    0.000000] ACPI: RSDP 0x00000000000E0000 000024 (v02 VBOX  )
[    0.000000] ACPI: XSDT 0x000000003FFF0030 00003C (v01 VBOX   VBOXXSDT 00000001 ASL  00000061)
[    0.000000] ACPI: FACP 0x000000003FFF00F0 0000F4 (v04 VBOX   VBOXFACP 00000001 ASL  00000061)
[    0.000000] ACPI: DSDT 0x000000003FFF0470 0021FF (v02 VBOX   VBOXBIOS 00000002 INTL 20180105)
[    0.000000] ACPI: FACS 0x000000003FFF0200 000040
[    0.000000] ACPI: FACS 0x000000003FFF0200 000040
[    0.000000] ACPI: APIC 0x000000003FFF0240 00005C (v02 VBOX   VBOXAPIC 00000001 ASL  00000061)
[    0.000000] ACPI: SSDT 0x000000003FFF02A0 0001CC (v01 VBOX   VBOXCPUT 00000002 INTL 20180105)
[    0.000000] No NUMA configuration found
[    0.000000] Faking a node at [mem 0x0000000000000000-0x000000003ffeffff]
[    0.000000] NODE_DATA(0) allocated [mem 0x3ffeb000-0x3ffeffff]
[    0.000000] kvm-clock: Using msrs 4b564d01 and 4b564d00
[    0.000000] kvm-clock: cpu 0, msr 0:3ffe3001, primary cpu clock
[    0.000000] kvm-clock: using sched offset of 3462713422 cycles
[    0.000000] clocksource: kvm-clock: mask: 0xffffffffffffffff max_cycles: 0x1cd42e4dffb, max_idle_ns: 881590591483 ns
[    0.000000 Zone ranges:
[    0.000000]   DMA      [mem 0x0000000000001000-0x0000000000ffffff]
[    0.000000]   DMA32    [mem 0x0000000001000000-0x000000003ffeffff]
[    0.000000]   Normal   empty
[    0.000000]   Device   empty
[    0.000000] Movable zone start for each node
[    0.000000] Early memory node ranges
[    0.000000]   node   0: [mem 0x0000000000001000-0x000000000009efff]
[    0.000000]   node   0: [mem 0x0000000000100000-0x000000003ffeffff]
[    0.000000] Initmem setup node 0 [mem 0x0000000000001000-0x000000003ffeffff]
[    0.000000] ACPI: PM-Timer IO Port: 0x4008
[    0.000000] IOAPIC[0]: apic_id 2, version 32, address 0xfec00000, GSI 0-23
[    0.000000] ACPI: INT_SRC_OVR (bus 0 bus_irq 0 global_irq 2 dfl dfl)
[    0.000000] ACPI: INT_SRC_OVR (bus 0 bus_irq 9 global_irq 9 low level)
[    0.000000] Using ACPI (MADT) for SMP configuration information
[    0.000000] smpboot: Allowing 2 CPUs, 0 hotplug CPUs
[    0.000000] PM: Registered nosave memory: [mem 0x00000000-0x00000fff]
[    0.000000] PM: Registered nosave memory: [mem 0x0009f000-0x0009ffff]
[    0.000000] PM: Registered nosave memory: [mem 0x000a0000-0x000effff]
[    0.000000] PM: Registered nosave memory: [mem 0x000f0000-0x000fffff]
[    0.000000] e820: [mem 0x40000000-0xfebfffff] available for PCI devices
[    0.000000] Booting paravirtualized kernel on KVM
[    0.000000] clocksource: refined-jiffies: mask: 0xffffffff max_cycles: 0xffffffff, max_idle_ns: 7645519600211568 ns
[    0.000000] setup_percpu: NR_CPUS:512 nr_cpumask_bits:512 nr_cpu_ids:2 nr_node_ids:1
[    0.000000] PERCPU: Embedded 33 pages/cpu @ffff88003fc00000 s95512 r8192 d31464 u1048576
[    0.000000] Built 1 zonelists in Node order, mobility grouping on.  Total pages: 257912
[    0.000000] Policy zone: DMA32
[    0.000000] Kernel command line: BOOT_IMAGE=/boot/vmlinuz-4.4.0-190-generic root=LABEL=cloudimg-rootfs ro console=tty1 console=ttyS0
[    0.000000] PID hash table entries: 4096 (order: 3, 32768 bytes)
[    0.000000] Memory: 997664K/1048120K available (8636K kernel code, 1337K rwdata, 4040K rodata, 1492K init, 1296K bss, 50456K reserved, 0K cma-reserved)
[    0.000000] SLUB: HWalign=64, Order=0-3, MinObjects=0, CPUs=2, Nodes=1
[    0.000000] Kernel/User page tables isolation: enabled
[    0.000000] Hierarchical RCU implementation.
[    0.000000] 	Build-time adjustment of leaf fanout to 64.
[    0.000000] 	RCU restricting CPUs from NR_CPUS=512 to nr_cpu_ids=2.
[    0.000000] RCU: Adjusting geometry for rcu_fanout_leaf=64, nr_cpu_ids=2
[    0.000000] NR_IRQS:33024 nr_irqs:440 16
[    0.000000] Console: colour VGA+ 80x25
[    0.000000] console [tty1] enabled
[    0.000000] console [ttyS0] enabled
[    0.000000] tsc: Detected 2207.994 MHz processor
[    1.246310] Calibrating delay loop (skipped) preset value.. 4415.98 BogoMIPS (lpj=8831976)
[    1.251820] pid_max: default: 32768 minimum: 301
[    1.257507] ACPI: Core revision 20150930
[    1.263769] ACPI: 2 ACPI AML tables successfully acquired and loaded
[    1.269573] Security Framework initialized
[    1.272468] Yama: becoming mindful.
[    1.274243] AppArmor: AppArmor initialized
[    1.276909] Dentry cache hash table entries: 131072 (order: 8, 1048576 bytes)
[    1.282650] Inode-cache hash table entries: 65536 (order: 7, 524288 bytes)
[    1.287964] Mount-cache hash table entries: 2048 (order: 2, 16384 bytes)
[    1.292666] Mountpoint-cache hash table entries: 2048 (order: 2, 16384 bytes)
[    1.297920] Initializing cgroup subsys io
[    1.300964] Initializing cgroup subsys memory
[    1.303517] Initializing cgroup subsys devices
[    1.306494] Initializing cgroup subsys freezer
[    1.309394] Initializing cgroup subsys net_cls
[    1.312754] Initializing cgroup subsys perf_event
[    1.316673] Initializing cgroup subsys net_prio
[    1.319806] Initializing cgroup subsys hugetlb
[    1.322358] Initializing cgroup subsys pids
[    1.339958] mce: CPU supports 0 MCE banks
[    1.343681] Last level iTLB entries: 4KB 64, 2MB 8, 4MB 8
[    1.347087] Last level dTLB entries: 4KB 64, 2MB 0, 4MB 0, 1GB 4
[    1.350372] Spectre V1 : Mitigation: usercopy/swapgs barriers and __user pointer sanitization
[    1.354838] Spectre V2 : Mitigation: Full generic retpoline
[    1.359453] Spectre V2 : Spectre v2 / SpectreRSB mitigation: Filling RSB on context switch
[    1.365283] Speculative Store Bypass: Vulnerable
[    1.368157] SRBDS: Unknown: Dependent on hypervisor status
[    1.371586] MDS: Mitigation: Clear CPU buffers
[    1.378361] Freeing SMP alternatives memory: 36K
[    1.387417] ftrace: allocating 32339 entries in 127 pages
[    1.456053] smpboot: APIC(0) Converting physical 0 to logical package 0
[    1.462750] smpboot: Max logical packages: 1
[    1.467996] x2apic enabled
[    1.470288] Switched APIC routing to physical x2apic.
[    1.476610] ..TIMER: vector=0x30 apic1=0 pin1=2 apic2=-1 pin2=-1
[    1.591733] smpboot: CPU0: Intel(R) Core(TM) i3-8130U CPU @ 2.20GHz (family: 0x6, model: 0x8e, stepping: 0xa)
[    1.598638] Performance Events: unsupported p6 CPU model 142 no PMU driver, software events only.
[    1.617993] KVM setup paravirtual spinlock
[    1.623536] x86: Booting SMP configuration:
[    1.626768] .... node  #0, CPUs:      #1
[    1.629248] kvm-clock: cpu 1, msr 0:3ffe3041, secondary cpu clock
[    1.694861] mce: CPU supports 0 MCE banks
[    1.702010] x86: Booted up 1 node, 2 CPUs
[    1.705078] smpboot: Total of 2 processors activated (8831.97 BogoMIPS)
[    1.711807] devtmpfs: initialized
[    1.720477] evm: security.selinux
[    1.723687] evm: security.SMACK64
[    1.726535] evm: security.SMACK64EXEC
[    1.729426] evm: security.SMACK64TRANSMUTE
[    1.736026] evm: security.SMACK64MMAP
[    1.738791] evm: security.ima
[    1.740225] evm: security.capability
[    1.742274] clocksource: jiffies: mask: 0xffffffff max_cycles: 0xffffffff, max_idle_ns: 7645041785100000 ns
[    1.750020] futex hash table entries: 512 (order: 3, 32768 bytes)
[    1.756211] pinctrl core: initialized pinctrl subsystem
[    1.760248] RTC time:  3:23:07, date: 02/12/21
[    1.764444] NET: Registered protocol family 16
[    1.776820] cpuidle: using governor ladder
[    1.793040] cpuidle: using governor menu
[    1.800812] PCCT header not found.
[    1.803113] ACPI: bus type PCI registered
[    1.805971] acpiphp: ACPI Hot Plug PCI Controller Driver version: 0.5
[    1.812524] PCI: Using configuration type 1 for base access
[    1.830119] ACPI: Added _OSI(Module Device)
[    1.837081] ACPI: Added _OSI(Processor Device)
[    1.838856] ACPI: Added _OSI(3.0 _SCP Extensions)
[    1.841661] ACPI: Added _OSI(Processor Aggregator Device)
[    1.846700] ACPI: Executed 1 blocks of module-level executable AML code
[    1.853137] ACPI: Interpreter enabled
[    1.860240] ACPI: (supports S0 S5)
[    1.861705] ACPI: Using IOAPIC for interrupt routing
[    1.864593] PCI: Using host bridge windows from ACPI; if necessary, use "pci=nocrs" and report a bug
[    1.874402] ACPI: PCI Root Bridge [PCI0] (domain 0000 [bus 00-ff])
[    1.882262] acpi PNP0A03:00: _OSC: OS supports [ASPM ClockPM Segments MSI]
[    1.888446] acpi PNP0A03:00: _OSC: not requesting OS control; OS requires [ExtendedConfig ASPM ClockPM MSI]
[    1.895703] acpi PNP0A03:00: fail to add MMCONFIG information, can't access extended PCI configuration space under this bridge.
[    1.903638] PCI host bridge to bus 0000:00
[    1.906556] pci_bus 0000:00: root bus resource [io  0x0000-0x0cf7 window]
[    1.912406] pci_bus 0000:00: root bus resource [io  0x0d00-0xffff window]
[    1.914912] pci_bus 0000:00: root bus resource [mem 0x000a0000-0x000bffff window]
[    1.919780] pci_bus 0000:00: root bus resource [mem 0x40000000-0xfdffffff window]
[    1.927668] pci_bus 0000:00: root bus resource [bus 00-ff]
[    1.932244] pci 0000:00:01.1: legacy IDE quirk: reg 0x10: [io  0x01f0-0x01f7]
[    1.954910] pci 0000:00:01.1: legacy IDE quirk: reg 0x14: [io  0x03f6]
[    1.959107] pci 0000:00:01.1: legacy IDE quirk: reg 0x18: [io  0x0170-0x0177]
[    1.987465] pci 0000:00:01.1: legacy IDE quirk: reg 0x1c: [io  0x0376]
[    2.013185] pci 0000:00:07.0: quirk: [io  0x4000-0x403f] claimed by PIIX4 ACPI
[    2.020405] pci 0000:00:07.0: quirk: [io  0x4100-0x410f] claimed by PIIX4 SMB
[    2.043035] ACPI: PCI Interrupt Link [LNKA] (IRQs 5 9 10 *11)
[    2.051599] ACPI: PCI Interrupt Link [LNKB] (IRQs 5 9 *10 11)
[    2.054286] ACPI: PCI Interrupt Link [LNKC] (IRQs 5 *9 10 11)
[    2.057010] ACPI: PCI Interrupt Link [LNKD] (IRQs 5 9 10 *11)
[    2.059945] ACPI: Enabled 2 GPEs in block 00 to 07
[    2.064227] vgaarb: setting as boot device: PCI:0000:00:02.0
[    2.067548] vgaarb: device added: PCI:0000:00:02.0,decodes=io+mem,owns=io+mem,locks=none
[    2.070874] vgaarb: loaded
[    2.072237] vgaarb: bridge control possible 0000:00:02.0
[    2.074668] SCSI subsystem initialized
[    2.081475] ACPI: bus type USB registered
[    2.083545] usbcore: registered new interface driver usbfs
[    2.085811] usbcore: registered new interface driver hub
[    2.091277] usbcore: registered new device driver usb
[    2.099755] PCI: Using ACPI for IRQ routing
[    2.102579] NetLabel: Initializing
[    2.104647] NetLabel:  domain hash size = 128
[    2.108240] NetLabel:  protocols = UNLABELED CIPSOv4
[    2.112601] NetLabel:  unlabeled traffic allowed by default
[    2.116957] amd_nb: Cannot enumerate AMD northbridges
[    2.132055] clocksource: Switched to clocksource kvm-clock
[    2.147051] AppArmor: AppArmor Filesystem Enabled
[    2.149952] pnp: PnP ACPI init
[    2.153129] pnp: PnP ACPI: found 3 devices
[    2.164074] clocksource: acpi_pm: mask: 0xffffff max_cycles: 0xffffff, max_idle_ns: 2085701024 ns
[    2.168795] NET: Registered protocol family 2
[    2.172517] TCP established hash table entries: 8192 (order: 4, 65536 bytes)
[    2.180678] TCP bind hash table entries: 8192 (order: 5, 131072 bytes)
[    2.183108] TCP: Hash tables configured (established 8192 bind 8192)
[    2.185558] UDP hash table entries: 512 (order: 2, 16384 bytes)
[    2.187722] UDP-Lite hash table entries: 512 (order: 2, 16384 bytes)
[    2.190160] NET: Registered protocol family 1
[    2.191883] pci 0000:00:00.0: Limiting direct PCI/PCI transfers
[    2.194183] pci 0000:00:01.0: Activating ISA DMA hang workarounds
[    2.196863] Unpacking initramfs...
[    2.478313] Freeing initrd memory: 14880K
[    2.480327] clocksource: tsc: mask: 0xffffffffffffffff max_cycles: 0x1fd3b2aac51, max_idle_ns: 440795280813 ns
[    2.486526] platform rtc_cmos: registered platform RTC device (no PNP device found)
[    2.491271] Scanning for low memory corruption every 60 seconds
[    2.495219] audit: initializing netlink subsys (disabled)
[    2.498875] audit: type=2000 audit(1613100191.406:1): initialized
[    2.502784] Initialise system trusted keyring
[    2.505679] HugeTLB registered 2 MB page size, pre-allocated 0 pages
[    2.511991] zbud: loaded
[    2.515136] VFS: Disk quotas dquot_6.6.0
[    2.516841] VFS: Dquot-cache hash table entries: 512 (order 0, 4096 bytes)
[    2.519736] squashfs: version 4.0 (2009/01/31) Phillip Lougher
[    2.522247] fuse init (API version 7.23)
[    2.523795] Key type big_key registered
[    2.525905] Allocating IMA MOK and blacklist keyrings.
[    2.538458] Key type asymmetric registered
[    2.540611] Asymmetric key parser 'x509' registered
[    2.542722] Block layer SCSI generic (bsg) driver version 0.4 loaded (major 249)
[    2.549392] io scheduler noop registered
[    2.551166] io scheduler deadline registered (default)
[    2.553590] io scheduler cfq registered
[    2.555445] pci_hotplug: PCI Hot Plug PCI Core version: 0.5
[    2.557822] pciehp: PCI Express Hot Plug Controller Driver version: 0.4
[    2.560760] ACPI: AC Adapter [AC] (on-line)
[    2.562732] input: Power Button as /devices/LNXSYSTM:00/LNXPWRBN:00/input/input0
[    2.566935] ACPI: Power Button [PWRF]
[    2.568733] input: Sleep Button as /devices/LNXSYSTM:00/LNXSLPBN:00/input/input1
[    2.571860] ACPI: Sleep Button [SLPF]
[    2.581059] GHES: HEST is not enabled!
[    2.585047] ACPI: Battery Slot [BAT0] (battery present)
[    2.585118] Serial: 8250/16550 driver, 32 ports, IRQ sharing enabled
[    2.619800] 00:02: ttyS0 at I/O 0x3f8 (irq = 4, base_baud = 115200) is a 16550A
[    2.636376] Linux agpgart interface v0.103
[    2.639067] loop: module loaded
[    2.647678] scsi host0: ata_piix
[    2.654810] scsi host1: ata_piix
[    2.658896] ata1: PATA max UDMA/33 cmd 0x1f0 ctl 0x3f6 bmdma 0xd000 irq 14
[    2.663227] ata2: PATA max UDMA/33 cmd 0x170 ctl 0x376 bmdma 0xd008 irq 15
[    2.666449] libphy: Fixed MDIO Bus: probed
[    2.669246] tun: Universal TUN/TAP device driver, 1.6
[    2.675430] tun: (C) 1999-2004 Max Krasnyansky <maxk@qualcomm.com>
[    2.682889] PPP generic driver version 2.4.2
[    2.688743] ehci_hcd: USB 2.0 'Enhanced' Host Controller (EHCI) Driver
[    2.694220] ehci-pci: EHCI PCI platform driver
[    2.698214] ehci-platform: EHCI generic platform driver
[    2.702610] ohci_hcd: USB 1.1 'Open' Host Controller (OHCI) Driver
[    2.708083] ohci-pci: OHCI PCI platform driver
[    2.712032] ohci-platform: OHCI generic platform driver
[    2.717096] uhci_hcd: USB Universal Host Controller Interface driver
[    2.722279] i8042: PNP: PS/2 Controller [PNP0303:PS2K,PNP0f03:PS2M] at 0x60,0x64 irq 1,12
[    2.729461] serio: i8042 KBD port at 0x60,0x64 irq 1
[    2.734791] serio: i8042 AUX port at 0x60,0x64 irq 12
[    2.739289] mousedev: PS/2 mouse device common for all mice
[    2.744727] input: AT Translated Set 2 keyboard as /devices/platform/i8042/serio0/input/input2
[    2.752389] rtc_cmos rtc_cmos: rtc core: registered rtc_cmos as rtc0
[    2.758671] rtc_cmos rtc_cmos: alarms up to one day, 114 bytes nvram
[    2.763949] i2c /dev entries driver
[    2.767338] device-mapper: uevent: version 1.0.3
[    2.771416] device-mapper: ioctl: 4.34.0-ioctl (2015-10-28) initialised: dm-devel@redhat.com
[    2.778369] ledtrig-cpu: registered to indicate activity on CPUs
[    2.785248] NET: Registered protocol family 10
[    2.787777] NET: Registered protocol family 17
[    2.789990] Key type dns_resolver registered
[    2.793049] registered taskstats version 1
[    2.795295] Loading compiled-in X.509 certificates
[    2.798361] Loaded X.509 cert 'Build time autogenerated kernel key: b89e9ea735e1dbde81c7786f041ecf1d53e71c2e'
[    2.803338] zswap: loaded using pool lzo/zbud
[    2.820861] Key type trusted registered
[    2.829541] Key type encrypted registered
[    2.832521] AppArmor: AppArmor sha1 policy hashing enabled
[    2.835086] ima: No TPM chip found, activating TPM-bypass!
[    2.839480] ima: Allocated hash algorithm: sha1
[    2.853245] evm: HMAC attrs: 0x1
[    2.855457]   Magic number: 9:15:361
[    2.857711] rtc_cmos rtc_cmos: setting system clock to 2021-02-12 03:23:08 UTC (1613100188)
[    2.875745] BIOS EDD facility v0.16 2004-Jun-25, 0 devices found
[    2.878710] EDD information not available.
[    2.886574] Freeing unused kernel memory: 1492K
[    2.900066] Write protecting the kernel read-only data: 14336k
[    2.903594] Freeing unused kernel memory: 1592K
[    2.907915] Freeing unused kernel memory: 56K
Loading, please wait...
starting version 229
[    2.948428] random: systemd-udevd: uninitialized urandom read (16 bytes read, 5 bits of entropy available)
[    2.951797] random: udevadm: uninitialized urandom read (16 bytes read, 5 bits of entropy available)
[    2.951825] random: udevadm: uninitialized urandom read (16 bytes read, 5 bits of entropy available)
[    2.959915] random: systemd-udevd: uninitialized urandom read (16 bytes read, 5 bits of entropy available)
[    2.963942] random: systemd-udevd: uninitialized urandom read (16 bytes read, 5 bits of entropy available)
[    2.967963] random: systemd-udevd: uninitialized urandom read (16 bytes read, 5 bits of entropy available)
[    2.972724] random: systemd-udevd: uninitialized urandom read (16 bytes read, 5 bits of entropy available)
[    2.976706] random: systemd-udevd: uninitialized urandom read (16 bytes read, 5 bits of entropy available)
[    2.983141] random: udevadm: uninitialized urandom read (16 bytes read, 5 bits of entropy available)
[    2.983204] random: udevadm: uninitialized urandom read (16 bytes read, 5 bits of entropy available)
[    3.053513] e1000: Intel(R) PRO/1000 Network Driver - version 7.3.21-k8-NAPI
[    3.070789] e1000: Copyright (c) 1999-2006 Intel Corporation.
[    3.118348] Fusion MPT base driver 3.04.20
[    3.120684] Copyright (c) 1999-2008 LSI Corporation
[    3.191070] Fusion MPT SPI Host driver 3.04.20
[    3.212074] AVX2 version of gcm_enc/dec engaged.
[    3.213919] AES CTR mode by8 optimization enabled
[    3.389896] input: ImExPS/2 Generic Explorer Mouse as /devices/platform/i8042/serio1/input/input4
[    3.614522] e1000 0000:00:03.0 eth0: (PCI:33MHz:32-bit) 02:83:3c:85:18:ff
[    3.620820] e1000 0000:00:03.0 eth0: Intel(R) PRO/1000 Network Connection
[    4.236411] e1000 0000:00:08.0 eth1: (PCI:33MHz:32-bit) 08:00:27:5b:27:2a
[    4.245017] e1000 0000:00:08.0 eth1: Intel(R) PRO/1000 Network Connection
[    4.248648] mptbase: ioc0: Initiating bringup
[    4.280446] e1000 0000:00:03.0 enp0s3: renamed from eth0
[    4.308257] e1000 0000:00:08.0 enp0s8: renamed from eth1
[    4.344247] ioc0: LSI53C1030 A0: Capabilities={Initiator}
[    4.533869] scsi host2: ioc0: LSI53C1030 A0, FwRev=00000000h, Ports=1, MaxQ=256, IRQ=20
[    4.680861] scsi 2:0:0:0: Direct-Access     VBOX     HARDDISK         1.0  PQ: 0 ANSI: 5
[    4.691661] scsi target2:0:0: Beginning Domain Validation
[    4.708947] scsi target2:0:0: Domain Validation skipping write tests
[    4.729352] scsi target2:0:0: Ending Domain Validation
[    4.732375] scsi target2:0:0: asynchronous
[    4.737649] scsi 2:0:1:0: Direct-Access     VBOX     HARDDISK         1.0  PQ: 0 ANSI: 5
[    4.762730] scsi target2:0:1: Beginning Domain Validation
[    4.781976] scsi target2:0:1: Domain Validation skipping write tests
[    4.785255] scsi target2:0:1: Ending Domain Validation
[    4.788163] scsi target2:0:1: asynchronous
[    4.816433] sd 2:0:0:0: Attached scsi generic sg0 type 0
[    4.828597] sd 2:0:0:0: [sda] 20971520 512-byte logical blocks: (10.7 GB/10.0 GiB)
[    4.832167] sd 2:0:1:0: [sdb] 20480 512-byte logical blocks: (10.5 MB/10.0 MiB)
[    4.832349] sd 2:0:1:0: [sdb] Write Protect is off
[    4.832477] sd 2:0:1:0: [sdb] Incomplete mode parameter data
[    4.832479] sd 2:0:1:0: [sdb] Assuming drive cache: write through
[    4.838001] sd 2:0:1:0: Attached scsi generic sg1 type 0
[    4.853879] sd 2:0:1:0: [sdb] Attached SCSI disk
[    4.860112] sd 2:0:0:0: [sda] Write Protect is off
[    4.875780] sd 2:0:0:0: [sda] Incomplete mode parameter data
[    4.883570] sd 2:0:0:0: [sda] Assuming drive cache: write through
[    4.900011]  sda: sda1
[    4.903561] sd 2:0:0:0: [sda] Attached SCSI disk
Begin: Loading essential drivers[    6.314039] md: linear personality registered for level -1
 ... [    6.344541] md: multipath personality registered for level -4
[    6.360453] md: raid0 personality registered for level 0
[    6.380280] md: raid1 personality registered for level 1
[    6.471440] raid6: sse2x1   gen()  5976 MB/s
[    6.548180] raid6: sse2x1   xor()  1438 MB/s
[    6.616023] raid6: sse2x2   gen()  7131 MB/s
[    6.684056] raid6: sse2x2   xor()  6873 MB/s
[    6.752032] raid6: sse2x4   gen()  6108 MB/s
[    6.820055] raid6: sse2x4   xor()  4316 MB/s
[    6.888057] raid6: avx2x1   gen() 11196 MB/s
[    6.956013] raid6: avx2x2   gen() 16670 MB/s
[    7.024012] raid6: avx2x4   gen() 20037 MB/s
[    7.026285] raid6: using algorithm avx2x4 gen() 20037 MB/s
[    7.029411] raid6: using avx2x2 recovery algorithm
[    7.038175] xor: automatically using best checksumming function:
[    7.080011]    avx       : 18157.000 MB/sec
[    7.090620] async_tx: api initialized (async)
[    7.141013] md: raid6 personality registered for level 6
[    7.145091] md: raid5 personality registered for level 5
[    7.147294] md: raid4 personality registered for level 4
[    7.156750] md: raid10 personality registered for level 10
done.
Begin: Running /scripts/init-premount ... done.
Begin: Mounting root file system ... Begin: Running /scripts/local-top ... done.
Begin: Running /scripts/local-premount ... [    7.246902] Btrfs loaded
Scanning for Btrfs filesystems
done.
Warning: fsck not present, so skipping root file system
[    7.354411] EXT4-fs (sda1): mounted filesystem with ordered data mode. Opts: (null)
done.
Begin: Running /scripts/local-bottom ... done.
Begin: Running /scripts/init-bottom ... done.
[    7.665980] systemd[1]: systemd 229 running in system mode. (+PAM +AUDIT +SELINUX +IMA +APPARMOR +SMACK +SYSVINIT +UTMP +LIBCRYPTSETUP +GCRYPT +GNUTLS +ACL +XZ -LZ4 +SECCOMP +BLKID +ELFUTILS +KMOD -IDN)
[    7.675535] systemd[1]: Detected virtualization oracle.
[    7.678385] systemd[1]: Detected architecture x86-64.

Welcome to [1mUbuntu 16.04.7 LTS[0m!

[    7.705523] systemd[1]: Set hostname to <client1>.
[    8.020094] systemd[1]: Set up automount Arbitrary Executable File Formats File System Automount Point.
[[0;32m  OK  [0m] Set up automount Arbitrary Executab...ats File System Automount Point.
[    8.114323] systemd[1]: Listening on LVM2 metadata daemon socket.
[[0;32m  OK  [0m] Listening on LVM2 metadata daemon socket.
[    8.185762] systemd[1]: Listening on Journal Socket (/dev/log).
[[0;32m  OK  [0m] Listening on Journal Socket (/dev/log).
[    8.199056] systemd[1]: Reached target Swap.
[[0;32m  OK  [0m] Reached target Swap.
[    8.206316] systemd[1]: Created slice System Slice.
[[0;32m  OK  [0m] Created slice System Slice.
[    8.221383] systemd[1]: Listening on Journal Audit Socket.
[[0;32m  OK  [0m] Listening on Journal Audit Socket.
[    8.229154] systemd[1]: Listening on Syslog Socket.
[[0;32m  OK  [0m] Listening on Syslog Socket.
[    8.237297] systemd[1]: Reached target Encrypted Volumes.
[[0;32m  OK  [0m] Reached target Encrypted Volumes.
[    8.266384] systemd[1]: Started Forward Password Requests to Wall Directory Watch.
[[0;32m  OK  [0m] Started Forward Password Requests to Wall Directory Watch.
[    8.368247] systemd[1]: Reached target User and Group Name Lookups.
[[0;32m  OK  [0m] Reached target User and Group Name Lookups.
[    8.390954] systemd[1]: Started Trigger resolvconf update for networkd DNS.
[[0;32m  OK  [0m] Started Trigger resolvconf update for networkd DNS.
[    8.414506] systemd[1]: Listening on Journal Socket.
[[0;32m  OK  [0m] Listening on Journal Socket.
[    8.466004] systemd[1]: Starting Remount Root and Kernel File Systems...
[    8.478251] EXT4-fs (sda1): re-mounted. Opts: (null)
[    8.479839] random: nonblocking pool is initialized
         Starting Remount Root and Kernel File Systems...
[    8.500355] systemd[1]: Starting Create list of required static device nodes for the current kernel...
         Starting Create list of required st... nodes for the current kernel...
[    8.532832] systemd[1]: Starting Set console keymap...
         Starting Set console keymap...
[    8.551716] systemd[1]: Starting Load Kernel Modules...
         Starting Load Kernel Modules...
[    8.571044] systemd[1]: Mounting Huge Pages File System...
         Mounting Huge Pages File System...
[    8.605357] systemd[1]: Mounting Debug File System...
         Mountin[    8.634843] Loading iSCSI transport class v2.0-870.
g Debug File System...
[    8.673856] systemd[1]: Starting Uncomplicated firewall...
         Starting Uncomplicated firewall...
[    8.717067] systemd[1]: Starting Nameserver information manager...
         Starting Nameserver information manager...
[    8.722940] systemd[1]: Starting Journal Service...
         Starting Journal Service...
[    8.729160] systemd[1]: Listening on udev Control Socket.
[[0;32m  OK  [0m] Listening on udev Control Socket.
[    8.735158] systemd[1]: Listening on /dev/initctl Compatibility Named Pipe.
[[0;32m  OK  [0m] Listening on /dev/initctl Compatibility Named Pipe.
[    8.743260] systemd[1]: Reached target System Time Synchronized.
[[0;32m  OK  [0m] Reached target System Time Synchronized.
[    8.770779] systemd[1]: Mounting POSIX Message Queue File System...
         Mounting POSIX Message Queue File System...
[    8.775796] systemd[1]: Listening on Device-mapper event daemon FIFOs.
[[0;32m  OK  [0m] Listening on Device-mapper event daemon FIFOs.
[    8.802439] systemd[1]: Starting Monitoring of LVM2 mirrors, snapshots etc. using dmeventd or progress polling...
         Starting Monitoring of LVM2 mirrors... dmeventd or progress polling...
[    8.848547] systemd[1]: Created slice system-serial\x2dgetty.slice.
[    8.850424] iscsi: registered transport (tcp)
[[0;32m  OK  [0m] Created slice system-serial\x2dgetty.slice.
[    8.856377] systemd[1]: Listening on LVM2 poll daemon socket.
[[0;32m  OK  [0m] Listening on LVM2 poll daemon socket.
[    8.898978] systemd[1]: Created slice User and Session Slice.
[[0;32m  OK  [0m] Created slice User and Session Slice.
[    8.907870] systemd[1]: Reached target Slices.
[[0;32m  OK  [0m] Reached target Slices.
[    8.921008] systemd[1]: Listening on udev Kernel Socket.
[[0;32m  OK  [0m] Listening on udev Kernel Socket.
[    8.953748] systemd[1]: Mounted Debug File System.
[[0;32m  OK  [0m] Mounted Debug File System.
[    8.985640] systemd[1]: Mounted Huge Pages File System.
[[0;32m  OK  [0m] Mounted Huge Pages File System.
[    8.994290] systemd[1]: Mounted POSIX Message Queue File System.
[[0;32m  OK  [0m] Mounted POSIX Message Queue File System.
[    9.004840] systemd[1]: Started Journal Service.
[[0;32m  OK  [0m] Started Journal Service.
[[0;32m  OK  [0m] Started Remount [    9.027557] iscsi: registered transport (iser)
Root and Kernel File Systems.
[[0;32m  OK  [0m] Started Create list of required sta...ce nodes for the current kernel.
[[0;32m  OK  [0m] Started Set console keymap.
[[0;32m  OK  [0m] Started Load Kernel Modules.
[[0;32m  OK  [0m] Started Uncomplicated firewall.
[[0;32m  OK  [0m] Started LVM2 metadata daemon.
         Starting Apply Kernel Variables...
         Mounting FUSE Control File System...
         Starting Create Static Device Nodes in /dev...
         Starting Load/Save Random Seed...
         Starting udev Coldplug all Devices...
         Starting Flush Journal to Persistent Storage...
[[0;32m  OK  [0m] Mounted FUSE Control File System.
[[0;32m  OK  [0m] Started Nameserver information manager.
[[0;32m  OK  [0m] Started Apply Kernel Variables.
[[0;32m  OK  [0m] Started Load/Save Random Seed.
[[0;32m  OK  [0m] Started Flush Journal to Persistent Storage.
[[0;32m  OK  [0m] Started Create Static Device Nodes in /dev.
         Starting udev Kernel Device Manager...
[[0;32m  OK  [0m] Started Monitoring of LVM2 mirrors,...ng dmeventd or progress polling.
[[0;32m  OK  [0m] Reached target Local File Systems (Pre).
[[0;32m  OK  [0m] Reached target Local File Systems.
         Starting Tell Plymouth To Write Out Runtime Data...
         Starting Initial cloud-init job (pre-networking)...
         Starting Create Volatile Files and Directories...
         Starting Set console font and keymap...
         Starting LSB: AppArmor initialization...
[[0;32m  OK  [0m] Started udev Kernel Device Manager.
[[0;32m  OK  [0m] Started udev Coldplug all Devices.
[[0;32m  OK  [0m] Started Tell Plymouth To Write Out Runtime Data.
[[0;32m  OK  [0m] Started Dispatch Password Requests to Console Directory Watch.
[[0;32m  OK  [0m] Started Create Volatile Files and Directories.
         Starting Update UTMP about System Boot/Shutdown...
[[0;32m  OK  [0m] Started Update UTMP about System Boot/Shutdown.
[[0;32m  OK  [0m] Started LSB: AppArmor initialization.
         Starting Load AppArmor profiles managed internally by snapd...
[[0;32m  OK  [0m] Started Load AppArmor profiles managed internally by snapd.
[[0;32m  OK  [0m] Found device /dev/ttyS0.
[[0;32m  OK  [0m] Listening on Load/Save RF Kill Switch Status /dev/rfkill Watch.
[[0;32m  OK  [0m] Found device 82540EM Gigabit Ethern...r (PRO/1000 MT Desktop Adapter).
[[0;32m  OK  [0m] Found device 82540EM Gigabit Ethern...r (PRO/1000 MT Desktop Adapter).
[[0;32m  OK  [0m] Started Set console font and keymap.
[[0;32m  OK  [0m] Created slice system-getty.slice.
[   11.921476] cloud-init[491]: Cloud-init v. 20.3-2-g371b392c-0ubuntu1~16.04.1 running 'init-local' at Fri, 12 Feb 2021 03:23:17 +0000. Up 10.77 seconds.
[[0;32m  OK  [0m] Started Initial cloud-init job (pre-networking).
[[0;32m  OK  [0m] Reached target Network (Pre).
[[0;32m  OK  [0m] Started ifup for enp0s3.
[[0;32m  OK  [0m] Started ifup for enp0s8.
         Starting Raise network interfaces...
[[0;32m  OK  [0m] Started Raise network interfaces.
[[0;32m  OK  [0m] Reached target Network.
         Starting Initial cloud-init job (metadata service crawler)...
[   15.356191] cloud-init[1091]: Cloud-init v. 20.3-2-g371b392c-0ubuntu1~16.04.1 running 'init' at Fri, 12 Feb 2021 03:23:21 +0000. Up 14.35 seconds.
[   15.530912] cloud-init[1091]: ci-info: ++++++++++++++++++++++++++++++++++++++Net device info+++++++++++++++++++++++++++++++++++++++
[   15.552137] cloud-init[1091]: ci-info: +--------+------+-----------------------------+---------------+--------+-------------------+
[   15.566294] cloud-init[1091]: ci-info: | Device |  Up  |           Address           |      Mask     | Scope  |     Hw-Address    |
[   15.581255] cloud-init[1091]: ci-info: +--------+------+-----------------------------+---------------+--------+-------------------+
[   15.597797] cloud-init[1091]: ci-info: | enp0s3 | True |          10.0.2.15          | 255.255.255.0 | global | 02:83:3c:85:18:ff |
[   15.607679] cloud-init[1091]: [[0;32m  OK  [0m] Started Initial cloud-init job (metadata service crawler).
ci-info: | enp0s3 | True |  fe80::83:3cff:fe85:18ff/64 |       .       |  link  | 02:83:3c:85:18:ff |
[   15.629638] cloud-init[1091]: ci-info: | enp0s8 | True |         192.168.1.2         | 255.255.255.0 | global | 08:00:27:5b:27:2a |
[   15.646305] cloud-init[1091]: ci-info: | enp0s8 | True | fe80::a00:27ff:fe5b:272a/64 |       .       |  link  | 08:00:27:5b:27:2a |
[   15.658933] cloud-init[1091]: ci-info: |   lo   | True |          127.0.0.1          |   255.0.0.0   |  host  |         .         |
[   15.665705] cloud-init[1091]: ci-info: |   lo   | True |           ::1/128           |       .       |  host  |         .         |
[   15.684628] cloud-init[[0;32m  OK  [0m] Reached target Network is Online.
[1091]: ci-info: +--------+------+-----------------------------+---------------+--------+-------------------+
[   15.701354] cloud-init[1091]: ci-info: ++++++++++++++++++++++++++++++Route IPv4 info++++++++++++++++++++++++++++++
[   15.718400] cloud-init[1091]: ci-info: +-------+-------------+---------------+---------------+-----------+-------+
[   15.732027] cloud-init[1091]: ci-info: | Route | Destination |    Gateway    |    Genmask    | Interface | Flags |
[   15.750719] cloud-init[1091]: ci-info: +-------+-------------+---------------+---------------+-----------+-------+
[   15.756966] cloud-init[1091]: ci-info: |   0   |   0.0.0.0   |    10.0.2.2   |    0.0.0.0    |   enp0s3  |   UG  |         Starting iSCSI initiator daemon (iscsid)...

[   15.776439] cloud-init[1091]: ci-info: |   1   |   10.0.2.0  |    0.0.0.0    | 255.255.255.0 |   enp0s3  |   U   |
[   15.786817] cloud-init[1091]: ci-info: |   2   | 192.168.0.0 | 192.168.1.254 |  255.255.0.0  |   enp0s8  |   UG  |
[   15.800526] cloud-init[1091]: ci-info: |   3   | 192.168.1.0 |    0.0.0.0    | 255.255.255.0 |   enp0s8  |   U   |[[0;32m  OK  [0m] Reached target System Initialization.

[   15.828419] cloud-init[1091]: ci-info: +-------+-------------+---------------+---------------+-----------+-------+
[   15.834601] cloud-init[1091]: ci-info: +++++++++++++++++++Route IPv6 info+++++++++++++++++++
[   15.853176] cloud-init[1091]: ci-info: +-------+-------------+---------+-----------+-------+
[   15.859804] cloud-init[1091]: ci-info: | Route | Destination | Gateway | Interface | Flags |
[   15.865521] cloud-init[1091]: ci-info: +-------+-------------+---------+-----------+-------+
[   15.872061] cloud-init[1091]: ci-info: |   0   |  fe80::/64  |    ::   |   enp0s3  |   U   |         Starting Socket activation for snappy daemon.

[   15.890296] cloud-init[1091]: ci-info: |   1   |  fe80::/64  |    ::   |   enp0s8  |   U   |
[   15.895049] cloud-init[1091]: ci-info: |   6   |   ff00::/8  |    ::   |   enp0s3  |   U   |
[   15.907477] cloud-init[1091]: ci-info: |   7   |   ff00::/8  |    ::   |   enp0s8  |   U   |
[   15.911136] cloud-init[1091]: ci-info: +-------+-------------+---------+-----------+-------+
[[0;32m  OK  [0m] Started Daily apt download activities.
[[0;32m  OK  [0m] Started Daily apt upgrade and clean activities.
[[0;32m  OK  [0m] Listening on UUID daemon activation socket.
[[0;32m  OK  [0m] Started ACPI Events Check.
[[0;32m  OK  [0m] Reached target Paths.
[[0;32m  OK  [0m] Started Message of the Day.
[[0;32m  OK  [0m] Listening on D-Bus System Message Bus Socket.
[[0;32m  OK  [0m] Started Daily Cleanup of Temporary Directories.
[[0;32m  OK  [0m] Reached target Timers.
[[0;32m  OK  [0m] Listening on ACPID Listen Socket.
         Starting LXD - unix socket.
[[0;32m  OK  [0m] Reached target Cloud-config availability.
[[0;32m  OK  [0m] Listening on Socket activation for snappy daemon.
[[0;32m  OK  [0m] Listening on LXD - unix socket.
[[0;32m  OK  [0m] Started iSCSI initiator daemon (iscsid).
         Starting Login to default iSCSI targets...
[[0;32m  OK  [0m] Reached target Sockets.
[[0;32m  OK  [0m] Reached target Basic System.
         Starting LSB: Record successful boot for GRUB...
         Starting LXD - container startup/shutdown...
         Starting Virtualbox guest utils...
[[0;32m  OK  [0m] Started ACPI event daemon.
[[0;32m  OK  [0m] Started Deferred execution scheduler.
[[0;32m  OK  [0m] Started D-Bus System Message Bus.
         Starting LSB: MD monitoring daemon...
         Starting OpenBSD Secure Shell server...
[[0;32m  OK  [0m] Started Regular background program processing daemon.
         Starting /etc/rc.local Compatibility...
[[0;32m  OK  [0m] Started FUSE filesystem for LXC.
         Starting Login Service...
         Starting Snap Daemon...
         Starting System Logging Service...
         Starting Accounts Service...
[[0;32m  OK  [0m] Started LXD - container startup/shutdown.
[[0;32m  OK  [0m] Started /etc/rc.local Compatibility.
[[0;32m  OK  [0m] Started System Logging Service.
[[0;32m  OK  [0m] Started OpenBSD Secure Shell server.
[[0;32m  OK  [0m] Started Login Service.
[[0;32m  OK  [0m] Started Unattended Upgrades Shutdown.
[[0;32m  OK  [0m] Started Login to default iSCSI targets.
[[0;32m  OK  [0m] Reached target Remote File Systems (Pre).
[[0;32m  OK  [0m] Reached target Remote File Systems.
         Starting LSB: Set the CPU Frequency Scaling governor to "ondemand"...
         Starting LSB: automatic crash report generation...
         Starting Permit User Sessions...
         Starting LSB: daemon to balance interrupts for SMP systems...
[[0;32m  OK  [0m] Started LSB: Record successful boot for GRUB.
[[0;32m  OK  [0m] Started LSB: MD monitoring daemon.
[[0;32m  OK  [0m] Started Permit User Sessions.
[[0;32m  OK  [0m] Started Virtualbox guest utils.
         Starting Authenticate and Authorize Users to Run Privileged Tasks...
         Starting Terminate Plymouth Boot Screen...
         Starting Hold until boot process finishes up...
[[0;32m  OK  [0m] Started Terminate Plymouth Boot Screen.
[[0;32m  OK  [0m] Started Hold until boot process finishes up.
[[0;32m  OK  [0m] Started Authenticate and Authorize Users to Run Privileged Tasks.
[[0;32m  OK  [0m] Started Accounts Service.
[[0;32m  OK  [0m] Started Getty on tty1.
[[0;32m  OK  [0m] Started Serial Getty on ttyS0.
[[0;32m  OK  [0m] Reached target Login Prompts.
         Starting Set console scheme...
[[0;32m  OK  [0m] Started Snap Daemon.
[[0;32m  OK  [0m] Started LSB: Set the CPU Frequency Scaling governor to "ondemand".
[[0;32m  OK  [0m] Started LSB: automatic crash report generation.
[[0;32m  OK  [0m] Started LSB: daemon to balance interrupts for SMP systems.
[[0;32m  OK  [0m] Started Set console scheme.
         Starting Wait until snapd is fully seeded...
[[0;32m  OK  [0m] Started Wait until snapd is fully seeded.
[[0;32m  OK  [0m] Reached target Multi-User System.
[[0;32m  OK  [0m] Reached target Graphical Interface.
         Starting Update UTMP about System Runlevel Changes...
         Starting Apply the settings specified in cloud-config...
[[0;32m  OK  [0m] Started Update UTMP about System Runlevel Changes.
[   18.400942] cloud-init[1354]: Cloud-init v. 20.3-2-g371b392c-0ubuntu1~16.04.1 running 'modules:config' at Fri, 12 Feb 2021 03:23:25 +0000. Up 18.32 seconds.
[[0;32m  OK  [0m] Started Apply the settings specified in cloud-config.
         Starting Execute cloud user/final scripts...
[   18.929707] cloud-init[1364]: Cloud-init v. 20.3-2-g371b392c-0ubuntu1~16.04.1 running 'modules:final' at Fri, 12 Feb 2021 03:23:25 +0000. Up 18.76 seconds.
[   18.939709] cloud-init[1364]: Cloud-init v. 20.3-2-g371b392c-0ubuntu1~16.04.1 finished at Fri, 12 Feb 2021 03:23:25 +0000. Datasource DataSourceNoCloud [seed=/dev/sdb][dsmode=net].  Up 18.91 seconds
[[0;32m  OK  [0m] Started Execute cloud user/final scripts.
[[0;32m  OK  [0m] Reached target Cloud-init target.

Ubuntu 16.04.7 LTS client1 ttyS0

client1 login: 